CRITICAL - 2023-02-06 00:44:16 --> Invalid file: main.php
in SYSTEMPATH\Exceptions\FrameworkException.php on line 33.
 1 SYSTEMPATH\View\View.php(201): CodeIgniter\Exceptions\FrameworkException::forInvalidFile('main.php')
 2 SYSTEMPATH\Common.php(1135): CodeIgniter\View\View->render('main', [], true)
 3 APPPATH\Controllers\Test.php(15): view('main')
 4 SYSTEMPATH\CodeIgniter.php(925): App\Controllers\Test->index()
 5 SYSTEMPATH\CodeIgniter.php(480): CodeIgniter\CodeIgniter->runController(Object(App\Controllers\Test))
 6 SYSTEMPATH\CodeIgniter.php(349): CodeIgniter\CodeIgniter->handleRequest(null, Object(Config\Cache), false)
 7 FCPATH\index.php(67): CodeIgniter\CodeIgniter->run()
 8 SYSTEMPATH\Commands\Server\rewrite.php(47): require_once('FCPATH\\index.php')
CRITICAL - 2023-02-06 00:46:22 --> Invalid file: main.php
in SYSTEMPATH\Exceptions\FrameworkException.php on line 33.
 1 SYSTEMPATH\View\View.php(201): CodeIgniter\Exceptions\FrameworkException::forInvalidFile('main.php')
 2 SYSTEMPATH\Common.php(1135): CodeIgniter\View\View->render('main', [], true)
 3 APPPATH\Controllers\Test.php(15): view('main')
 4 SYSTEMPATH\CodeIgniter.php(925): App\Controllers\Test->index()
 5 SYSTEMPATH\CodeIgniter.php(480): CodeIgniter\CodeIgniter->runController(Object(App\Controllers\Test))
 6 SYSTEMPATH\CodeIgniter.php(349): CodeIgniter\CodeIgniter->handleRequest(null, Object(Config\Cache), false)
 7 FCPATH\index.php(67): CodeIgniter\CodeIgniter->run()
 8 SYSTEMPATH\Commands\Server\rewrite.php(47): require_once('FCPATH\\index.php')
CRITICAL - 2023-02-06 01:27:21 --> Invalid file: main.php
in SYSTEMPATH\Exceptions\FrameworkException.php on line 33.
 1 SYSTEMPATH\View\View.php(201): CodeIgniter\Exceptions\FrameworkException::forInvalidFile('main.php')
 2 SYSTEMPATH\Common.php(1135): CodeIgniter\View\View->render('main', [], true)
 3 APPPATH\Controllers\Test.php(15): view('main')
 4 SYSTEMPATH\CodeIgniter.php(925): App\Controllers\Test->index()
 5 SYSTEMPATH\CodeIgniter.php(480): CodeIgniter\CodeIgniter->runController(Object(App\Controllers\Test))
 6 SYSTEMPATH\CodeIgniter.php(349): CodeIgniter\CodeIgniter->handleRequest(null, Object(Config\Cache), false)
 7 FCPATH\index.php(67): CodeIgniter\CodeIgniter->run()
 8 SYSTEMPATH\Commands\Server\rewrite.php(47): require_once('FCPATH\\index.php')
CRITICAL - 2023-02-06 01:28:46 --> Invalid file: main.php
in SYSTEMPATH\Exceptions\FrameworkException.php on line 33.
 1 SYSTEMPATH\View\View.php(201): CodeIgniter\Exceptions\FrameworkException::forInvalidFile('main.php')
 2 SYSTEMPATH\Common.php(1135): CodeIgniter\View\View->render('main', [], true)
 3 APPPATH\Controllers\Test.php(15): view('main')
 4 SYSTEMPATH\CodeIgniter.php(925): App\Controllers\Test->index()
 5 SYSTEMPATH\CodeIgniter.php(480): CodeIgniter\CodeIgniter->runController(Object(App\Controllers\Test))
 6 SYSTEMPATH\CodeIgniter.php(349): CodeIgniter\CodeIgniter->handleRequest(null, Object(Config\Cache), false)
 7 FCPATH\index.php(67): CodeIgniter\CodeIgniter->run()
 8 SYSTEMPATH\Commands\Server\rewrite.php(47): require_once('FCPATH\\index.php')
CRITICAL - 2023-02-06 01:29:50 --> Invalid file: main.php
in SYSTEMPATH\Exceptions\FrameworkException.php on line 33.
 1 SYSTEMPATH\View\View.php(201): CodeIgniter\Exceptions\FrameworkException::forInvalidFile('main.php')
 2 SYSTEMPATH\Common.php(1135): CodeIgniter\View\View->render('main', [], true)
 3 APPPATH\Controllers\Test.php(15): view('main')
 4 SYSTEMPATH\CodeIgniter.php(925): App\Controllers\Test->index()
 5 SYSTEMPATH\CodeIgniter.php(480): CodeIgniter\CodeIgniter->runController(Object(App\Controllers\Test))
 6 SYSTEMPATH\CodeIgniter.php(349): CodeIgniter\CodeIgniter->handleRequest(null, Object(Config\Cache), false)
 7 FCPATH\index.php(67): CodeIgniter\CodeIgniter->run()
 8 SYSTEMPATH\Commands\Server\rewrite.php(47): require_once('FCPATH\\index.php')
CRITICAL - 2023-02-06 01:31:01 --> Invalid file: main.php
in SYSTEMPATH\Exceptions\FrameworkException.php on line 33.
 1 SYSTEMPATH\View\View.php(201): CodeIgniter\Exceptions\FrameworkException::forInvalidFile('main.php')
 2 SYSTEMPATH\Common.php(1135): CodeIgniter\View\View->render('main', [], true)
 3 APPPATH\Controllers\Test.php(15): view('main')
 4 SYSTEMPATH\CodeIgniter.php(925): App\Controllers\Test->index()
 5 SYSTEMPATH\CodeIgniter.php(480): CodeIgniter\CodeIgniter->runController(Object(App\Controllers\Test))
 6 SYSTEMPATH\CodeIgniter.php(349): CodeIgniter\CodeIgniter->handleRequest(null, Object(Config\Cache), false)
 7 FCPATH\index.php(67): CodeIgniter\CodeIgniter->run()
 8 SYSTEMPATH\Commands\Server\rewrite.php(47): require_once('FCPATH\\index.php')
CRITICAL - 2023-02-06 01:31:03 --> Invalid file: main.php
in SYSTEMPATH\Exceptions\FrameworkException.php on line 33.
 1 SYSTEMPATH\View\View.php(201): CodeIgniter\Exceptions\FrameworkException::forInvalidFile('main.php')
 2 SYSTEMPATH\Common.php(1135): CodeIgniter\View\View->render('main', [], true)
 3 APPPATH\Controllers\Test.php(15): view('main')
 4 SYSTEMPATH\CodeIgniter.php(925): App\Controllers\Test->index()
 5 SYSTEMPATH\CodeIgniter.php(480): CodeIgniter\CodeIgniter->runController(Object(App\Controllers\Test))
 6 SYSTEMPATH\CodeIgniter.php(349): CodeIgniter\CodeIgniter->handleRequest(null, Object(Config\Cache), false)
 7 FCPATH\index.php(67): CodeIgniter\CodeIgniter->run()
 8 SYSTEMPATH\Commands\Server\rewrite.php(47): require_once('FCPATH\\index.php')
CRITICAL - 2023-02-06 01:31:57 --> Invalid file: main.php
in SYSTEMPATH\Exceptions\FrameworkException.php on line 33.
 1 SYSTEMPATH\View\View.php(201): CodeIgniter\Exceptions\FrameworkException::forInvalidFile('main.php')
 2 SYSTEMPATH\Common.php(1135): CodeIgniter\View\View->render('main', [], true)
 3 APPPATH\Controllers\Test.php(15): view('main')
 4 SYSTEMPATH\CodeIgniter.php(925): App\Controllers\Test->index()
 5 SYSTEMPATH\CodeIgniter.php(480): CodeIgniter\CodeIgniter->runController(Object(App\Controllers\Test))
 6 SYSTEMPATH\CodeIgniter.php(349): CodeIgniter\CodeIgniter->handleRequest(null, Object(Config\Cache), false)
 7 FCPATH\index.php(67): CodeIgniter\CodeIgniter->run()
 8 SYSTEMPATH\Commands\Server\rewrite.php(47): require_once('FCPATH\\index.php')
CRITICAL - 2023-02-06 01:31:58 --> Invalid file: main.php
in SYSTEMPATH\Exceptions\FrameworkException.php on line 33.
 1 SYSTEMPATH\View\View.php(201): CodeIgniter\Exceptions\FrameworkException::forInvalidFile('main.php')
 2 SYSTEMPATH\Common.php(1135): CodeIgniter\View\View->render('main', [], true)
 3 APPPATH\Controllers\Test.php(15): view('main')
 4 SYSTEMPATH\CodeIgniter.php(925): App\Controllers\Test->index()
 5 SYSTEMPATH\CodeIgniter.php(480): CodeIgniter\CodeIgniter->runController(Object(App\Controllers\Test))
 6 SYSTEMPATH\CodeIgniter.php(349): CodeIgniter\CodeIgniter->handleRequest(null, Object(Config\Cache), false)
 7 FCPATH\index.php(67): CodeIgniter\CodeIgniter->run()
 8 SYSTEMPATH\Commands\Server\rewrite.php(47): require_once('FCPATH\\index.php')
CRITICAL - 2023-02-06 23:19:17 --> Undefined array key "security_emp"
in APPPATH\Views\employee\show_emp.php on line 60.
 1 APPPATH\Views\employee\show_emp.php(60): CodeIgniter\Debug\Exceptions->errorHandler(2, 'Undefined array key "security_emp"', 'APPPATH\\Views\\employee\\show_emp.php', 60)
 2 SYSTEMPATH\View\View.php(213): include('APPPATH\\Views\\employee\\show_emp.php')
 3 SYSTEMPATH\View\View.php(216): CodeIgniter\View\View->CodeIgniter\View\{closure}()
 4 SYSTEMPATH\Common.php(1135): CodeIgniter\View\View->render('employee/show_emp', [], true)
 5 APPPATH\Controllers\Employ.php(53): view('employee/show_emp', [...])
 6 SYSTEMPATH\CodeIgniter.php(925): App\Controllers\Employ->index()
 7 SYSTEMPATH\CodeIgniter.php(480): CodeIgniter\CodeIgniter->runController(Object(App\Controllers\Employ))
 8 SYSTEMPATH\CodeIgniter.php(349): CodeIgniter\CodeIgniter->handleRequest(null, Object(Config\Cache), false)
 9 FCPATH\index.php(67): CodeIgniter\CodeIgniter->run()
10 SYSTEMPATH\Commands\Server\rewrite.php(47): require_once('FCPATH\\index.php')
CRITICAL - 2023-02-06 23:19:18 --> Undefined array key "security_emp"
in APPPATH\Views\employee\show_emp.php on line 60.
 1 APPPATH\Views\employee\show_emp.php(60): CodeIgniter\Debug\Exceptions->errorHandler(2, 'Undefined array key "security_emp"', 'APPPATH\\Views\\employee\\show_emp.php', 60)
 2 SYSTEMPATH\View\View.php(213): include('APPPATH\\Views\\employee\\show_emp.php')
 3 SYSTEMPATH\View\View.php(216): CodeIgniter\View\View->CodeIgniter\View\{closure}()
 4 SYSTEMPATH\Common.php(1135): CodeIgniter\View\View->render('employee/show_emp', [], true)
 5 APPPATH\Controllers\Employ.php(53): view('employee/show_emp', [...])
 6 SYSTEMPATH\CodeIgniter.php(925): App\Controllers\Employ->index()
 7 SYSTEMPATH\CodeIgniter.php(480): CodeIgniter\CodeIgniter->runController(Object(App\Controllers\Employ))
 8 SYSTEMPATH\CodeIgniter.php(349): CodeIgniter\CodeIgniter->handleRequest(null, Object(Config\Cache), false)
 9 FCPATH\index.php(67): CodeIgniter\CodeIgniter->run()
10 SYSTEMPATH\Commands\Server\rewrite.php(47): require_once('FCPATH\\index.php')
CRITICAL - 2023-02-06 23:20:08 --> Undefined array key "security_emp"
in APPPATH\Views\employee\show_emp.php on line 60.
 1 APPPATH\Views\employee\show_emp.php(60): CodeIgniter\Debug\Exceptions->errorHandler(2, 'Undefined array key "security_emp"', 'APPPATH\\Views\\employee\\show_emp.php', 60)
 2 SYSTEMPATH\View\View.php(213): include('APPPATH\\Views\\employee\\show_emp.php')
 3 SYSTEMPATH\View\View.php(216): CodeIgniter\View\View->CodeIgniter\View\{closure}()
 4 SYSTEMPATH\Common.php(1135): CodeIgniter\View\View->render('employee/show_emp', [], true)
 5 APPPATH\Controllers\Employ.php(53): view('employee/show_emp', [...])
 6 SYSTEMPATH\CodeIgniter.php(925): App\Controllers\Employ->index()
 7 SYSTEMPATH\CodeIgniter.php(480): CodeIgniter\CodeIgniter->runController(Object(App\Controllers\Employ))
 8 SYSTEMPATH\CodeIgniter.php(349): CodeIgniter\CodeIgniter->handleRequest(null, Object(Config\Cache), false)
 9 FCPATH\index.php(67): CodeIgniter\CodeIgniter->run()
10 SYSTEMPATH\Commands\Server\rewrite.php(47): require_once('FCPATH\\index.php')
CRITICAL - 2023-02-06 23:20:57 --> Undefined array key "totalsalary_emp"
in APPPATH\Views\employee\show_emp.php on line 61.
 1 APPPATH\Views\employee\show_emp.php(61): CodeIgniter\Debug\Exceptions->errorHandler(2, 'Undefined array key "totalsalary_emp"', 'APPPATH\\Views\\employee\\show_emp.php', 61)
 2 SYSTEMPATH\View\View.php(213): include('APPPATH\\Views\\employee\\show_emp.php')
 3 SYSTEMPATH\View\View.php(216): CodeIgniter\View\View->CodeIgniter\View\{closure}()
 4 SYSTEMPATH\Common.php(1135): CodeIgniter\View\View->render('employee/show_emp', [], true)
 5 APPPATH\Controllers\Employ.php(53): view('employee/show_emp', [...])
 6 SYSTEMPATH\CodeIgniter.php(925): App\Controllers\Employ->index()
 7 SYSTEMPATH\CodeIgniter.php(480): CodeIgniter\CodeIgniter->runController(Object(App\Controllers\Employ))
 8 SYSTEMPATH\CodeIgniter.php(349): CodeIgniter\CodeIgniter->handleRequest(null, Object(Config\Cache), false)
 9 FCPATH\index.php(67): CodeIgniter\CodeIgniter->run()
10 SYSTEMPATH\Commands\Server\rewrite.php(47): require_once('FCPATH\\index.php')
CRITICAL - 2023-02-06 23:21:05 --> Undefined array key "security_emp"
in APPPATH\Views\employee\show_emp.php on line 60.
 1 APPPATH\Views\employee\show_emp.php(60): CodeIgniter\Debug\Exceptions->errorHandler(2, 'Undefined array key "security_emp"', 'APPPATH\\Views\\employee\\show_emp.php', 60)
 2 SYSTEMPATH\View\View.php(213): include('APPPATH\\Views\\employee\\show_emp.php')
 3 SYSTEMPATH\View\View.php(216): CodeIgniter\View\View->CodeIgniter\View\{closure}()
 4 SYSTEMPATH\Common.php(1135): CodeIgniter\View\View->render('employee/show_emp', [], true)
 5 APPPATH\Controllers\Employ.php(53): view('employee/show_emp', [...])
 6 SYSTEMPATH\CodeIgniter.php(925): App\Controllers\Employ->index()
 7 SYSTEMPATH\CodeIgniter.php(480): CodeIgniter\CodeIgniter->runController(Object(App\Controllers\Employ))
 8 SYSTEMPATH\CodeIgniter.php(349): CodeIgniter\CodeIgniter->handleRequest(null, Object(Config\Cache), false)
 9 FCPATH\index.php(67): CodeIgniter\CodeIgniter->run()
10 SYSTEMPATH\Commands\Server\rewrite.php(47): require_once('FCPATH\\index.php')
CRITICAL - 2023-02-06 23:22:45 --> Undefined array key "security_emp"
in APPPATH\Views\employee\show_emp.php on line 60.
 1 APPPATH\Views\employee\show_emp.php(60): CodeIgniter\Debug\Exceptions->errorHandler(2, 'Undefined array key "security_emp"', 'APPPATH\\Views\\employee\\show_emp.php', 60)
 2 SYSTEMPATH\View\View.php(213): include('APPPATH\\Views\\employee\\show_emp.php')
 3 SYSTEMPATH\View\View.php(216): CodeIgniter\View\View->CodeIgniter\View\{closure}()
 4 SYSTEMPATH\Common.php(1135): CodeIgniter\View\View->render('employee/show_emp', [], true)
 5 APPPATH\Controllers\Employ.php(53): view('employee/show_emp', [...])
 6 SYSTEMPATH\CodeIgniter.php(925): App\Controllers\Employ->index()
 7 SYSTEMPATH\CodeIgniter.php(480): CodeIgniter\CodeIgniter->runController(Object(App\Controllers\Employ))
 8 SYSTEMPATH\CodeIgniter.php(349): CodeIgniter\CodeIgniter->handleRequest(null, Object(Config\Cache), false)
 9 FCPATH\index.php(67): CodeIgniter\CodeIgniter->run()
10 SYSTEMPATH\Commands\Server\rewrite.php(47): require_once('FCPATH\\index.php')
CRITICAL - 2023-02-06 23:22:46 --> Undefined array key "security_emp"
in APPPATH\Views\employee\show_emp.php on line 60.
 1 APPPATH\Views\employee\show_emp.php(60): CodeIgniter\Debug\Exceptions->errorHandler(2, 'Undefined array key "security_emp"', 'APPPATH\\Views\\employee\\show_emp.php', 60)
 2 SYSTEMPATH\View\View.php(213): include('APPPATH\\Views\\employee\\show_emp.php')
 3 SYSTEMPATH\View\View.php(216): CodeIgniter\View\View->CodeIgniter\View\{closure}()
 4 SYSTEMPATH\Common.php(1135): CodeIgniter\View\View->render('employee/show_emp', [], true)
 5 APPPATH\Controllers\Employ.php(53): view('employee/show_emp', [...])
 6 SYSTEMPATH\CodeIgniter.php(925): App\Controllers\Employ->index()
 7 SYSTEMPATH\CodeIgniter.php(480): CodeIgniter\CodeIgniter->runController(Object(App\Controllers\Employ))
 8 SYSTEMPATH\CodeIgniter.php(349): CodeIgniter\CodeIgniter->handleRequest(null, Object(Config\Cache), false)
 9 FCPATH\index.php(67): CodeIgniter\CodeIgniter->run()
10 SYSTEMPATH\Commands\Server\rewrite.php(47): require_once('FCPATH\\index.php')
CRITICAL - 2023-02-06 23:25:00 --> Undefined array key "month"
in APPPATH\Views\employee\show_emp.php on line 54.
 1 APPPATH\Views\employee\show_emp.php(54): CodeIgniter\Debug\Exceptions->errorHandler(2, 'Undefined array key "month"', 'APPPATH\\Views\\employee\\show_emp.php', 54)
 2 SYSTEMPATH\View\View.php(213): include('APPPATH\\Views\\employee\\show_emp.php')
 3 SYSTEMPATH\View\View.php(216): CodeIgniter\View\View->CodeIgniter\View\{closure}()
 4 SYSTEMPATH\Common.php(1135): CodeIgniter\View\View->render('employee/show_emp', [], true)
 5 APPPATH\Controllers\Employ.php(53): view('employee/show_emp', [...])
 6 SYSTEMPATH\CodeIgniter.php(925): App\Controllers\Employ->index()
 7 SYSTEMPATH\CodeIgniter.php(480): CodeIgniter\CodeIgniter->runController(Object(App\Controllers\Employ))
 8 SYSTEMPATH\CodeIgniter.php(349): CodeIgniter\CodeIgniter->handleRequest(null, Object(Config\Cache), false)
 9 FCPATH\index.php(67): CodeIgniter\CodeIgniter->run()
10 SYSTEMPATH\Commands\Server\rewrite.php(47): require_once('FCPATH\\index.php')
CRITICAL - 2023-02-06 23:25:09 --> Undefined array key "month"
in APPPATH\Views\employee\show_emp.php on line 54.
 1 APPPATH\Views\employee\show_emp.php(54): CodeIgniter\Debug\Exceptions->errorHandler(2, 'Undefined array key "month"', 'APPPATH\\Views\\employee\\show_emp.php', 54)
 2 SYSTEMPATH\View\View.php(213): include('APPPATH\\Views\\employee\\show_emp.php')
 3 SYSTEMPATH\View\View.php(216): CodeIgniter\View\View->CodeIgniter\View\{closure}()
 4 SYSTEMPATH\Common.php(1135): CodeIgniter\View\View->render('employee/show_emp', [], true)
 5 APPPATH\Controllers\Employ.php(53): view('employee/show_emp', [...])
 6 SYSTEMPATH\CodeIgniter.php(925): App\Controllers\Employ->index()
 7 SYSTEMPATH\CodeIgniter.php(480): CodeIgniter\CodeIgniter->runController(Object(App\Controllers\Employ))
 8 SYSTEMPATH\CodeIgniter.php(349): CodeIgniter\CodeIgniter->handleRequest(null, Object(Config\Cache), false)
 9 FCPATH\index.php(67): CodeIgniter\CodeIgniter->run()
10 SYSTEMPATH\Commands\Server\rewrite.php(47): require_once('FCPATH\\index.php')
CRITICAL - 2023-02-06 23:25:17 --> Undefined array key "month"
in APPPATH\Views\employee\show_emp.php on line 54.
 1 APPPATH\Views\employee\show_emp.php(54): CodeIgniter\Debug\Exceptions->errorHandler(2, 'Undefined array key "month"', 'APPPATH\\Views\\employee\\show_emp.php', 54)
 2 SYSTEMPATH\View\View.php(213): include('APPPATH\\Views\\employee\\show_emp.php')
 3 SYSTEMPATH\View\View.php(216): CodeIgniter\View\View->CodeIgniter\View\{closure}()
 4 SYSTEMPATH\Common.php(1135): CodeIgniter\View\View->render('employee/show_emp', [], true)
 5 APPPATH\Controllers\Employ.php(53): view('employee/show_emp', [...])
 6 SYSTEMPATH\CodeIgniter.php(925): App\Controllers\Employ->index()
 7 SYSTEMPATH\CodeIgniter.php(480): CodeIgniter\CodeIgniter->runController(Object(App\Controllers\Employ))
 8 SYSTEMPATH\CodeIgniter.php(349): CodeIgniter\CodeIgniter->handleRequest(null, Object(Config\Cache), false)
 9 FCPATH\index.php(67): CodeIgniter\CodeIgniter->run()
10 SYSTEMPATH\Commands\Server\rewrite.php(47): require_once('FCPATH\\index.php')
CRITICAL - 2023-02-06 23:44:02 --> Undefined array key "month"
in APPPATH\Views\employee\show_emp.php on line 54.
 1 APPPATH\Views\employee\show_emp.php(54): CodeIgniter\Debug\Exceptions->errorHandler(2, 'Undefined array key "month"', 'APPPATH\\Views\\employee\\show_emp.php', 54)
 2 SYSTEMPATH\View\View.php(213): include('APPPATH\\Views\\employee\\show_emp.php')
 3 SYSTEMPATH\View\View.php(216): CodeIgniter\View\View->CodeIgniter\View\{closure}()
 4 SYSTEMPATH\Common.php(1135): CodeIgniter\View\View->render('employee/show_emp', [], true)
 5 APPPATH\Controllers\Employ.php(55): view('employee/show_emp', [...])
 6 SYSTEMPATH\CodeIgniter.php(925): App\Controllers\Employ->index()
 7 SYSTEMPATH\CodeIgniter.php(480): CodeIgniter\CodeIgniter->runController(Object(App\Controllers\Employ))
 8 SYSTEMPATH\CodeIgniter.php(349): CodeIgniter\CodeIgniter->handleRequest(null, Object(Config\Cache), false)
 9 FCPATH\index.php(67): CodeIgniter\CodeIgniter->run()
10 SYSTEMPATH\Commands\Server\rewrite.php(47): require_once('FCPATH\\index.php')
CRITICAL - 2023-02-06 23:44:39 --> Undefined array key "month"
in APPPATH\Views\employee\show_emp.php on line 54.
 1 APPPATH\Views\employee\show_emp.php(54): CodeIgniter\Debug\Exceptions->errorHandler(2, 'Undefined array key "month"', 'APPPATH\\Views\\employee\\show_emp.php', 54)
 2 SYSTEMPATH\View\View.php(213): include('APPPATH\\Views\\employee\\show_emp.php')
 3 SYSTEMPATH\View\View.php(216): CodeIgniter\View\View->CodeIgniter\View\{closure}()
 4 SYSTEMPATH\Common.php(1135): CodeIgniter\View\View->render('employee/show_emp', [], true)
 5 APPPATH\Controllers\Employ.php(55): view('employee/show_emp', [...])
 6 SYSTEMPATH\CodeIgniter.php(925): App\Controllers\Employ->index()
 7 SYSTEMPATH\CodeIgniter.php(480): CodeIgniter\CodeIgniter->runController(Object(App\Controllers\Employ))
 8 SYSTEMPATH\CodeIgniter.php(349): CodeIgniter\CodeIgniter->handleRequest(null, Object(Config\Cache), false)
 9 FCPATH\index.php(67): CodeIgniter\CodeIgniter->run()
10 SYSTEMPATH\Commands\Server\rewrite.php(47): require_once('FCPATH\\index.php')
CRITICAL - 2023-02-06 23:44:45 --> Undefined array key "month"
in APPPATH\Views\employee\show_emp.php on line 54.
 1 APPPATH\Views\employee\show_emp.php(54): CodeIgniter\Debug\Exceptions->errorHandler(2, 'Undefined array key "month"', 'APPPATH\\Views\\employee\\show_emp.php', 54)
 2 SYSTEMPATH\View\View.php(213): include('APPPATH\\Views\\employee\\show_emp.php')
 3 SYSTEMPATH\View\View.php(216): CodeIgniter\View\View->CodeIgniter\View\{closure}()
 4 SYSTEMPATH\Common.php(1135): CodeIgniter\View\View->render('employee/show_emp', [], true)
 5 APPPATH\Controllers\Employ.php(55): view('employee/show_emp', [...])
 6 SYSTEMPATH\CodeIgniter.php(925): App\Controllers\Employ->index()
 7 SYSTEMPATH\CodeIgniter.php(480): CodeIgniter\CodeIgniter->runController(Object(App\Controllers\Employ))
 8 SYSTEMPATH\CodeIgniter.php(349): CodeIgniter\CodeIgniter->handleRequest(null, Object(Config\Cache), false)
 9 FCPATH\index.php(67): CodeIgniter\CodeIgniter->run()
10 SYSTEMPATH\Commands\Server\rewrite.php(47): require_once('FCPATH\\index.php')
