ERROR - 2023-01-29 20:38:51 --> mysqli_sql_exception: No database selected in C:\xampp\htdocs\Emeeting_sys\system\Database\MySQLi\Connection.php:292
Stack trace:
#0 C:\xampp\htdocs\Emeeting_sys\system\Database\MySQLi\Connection.php(292): mysqli->query('SELECT sum(poss...', 0)
#1 C:\xampp\htdocs\Emeeting_sys\system\Database\BaseConnection.php(666): CodeIgniter\Database\MySQLi\Connection->execute('SELECT sum(poss...')
#2 C:\xampp\htdocs\Emeeting_sys\system\Database\BaseConnection.php(593): CodeIgniter\Database\BaseConnection->simpleQuery('SELECT sum(poss...')
#3 C:\xampp\htdocs\Emeeting_sys\system\Database\BaseBuilder.php(1585): CodeIgniter\Database\BaseConnection->query('SELECT sum(poss...', Array, false)
#4 C:\xampp\htdocs\Emeeting_sys\system\Model.php(267): CodeIgniter\Database\BaseBuilder->get()
#5 C:\xampp\htdocs\Emeeting_sys\system\BaseModel.php(624): CodeIgniter\Model->doFirst()
#6 C:\xampp\htdocs\Emeeting_sys\app\Controllers\Marketing.php(24): CodeIgniter\BaseModel->first()
#7 C:\xampp\htdocs\Emeeting_sys\system\CodeIgniter.php(925): App\Controllers\Marketing->mar_show()
#8 C:\xampp\htdocs\Emeeting_sys\system\CodeIgniter.php(480): CodeIgniter\CodeIgniter->runController(Object(App\Controllers\Marketing))
#9 C:\xampp\htdocs\Emeeting_sys\system\CodeIgniter.php(349): CodeIgniter\CodeIgniter->handleRequest(NULL, Object(Config\Cache), false)
#10 C:\xampp\htdocs\Emeeting_sys\public\index.php(67): CodeIgniter\CodeIgniter->run()
#11 C:\xampp\htdocs\Emeeting_sys\system\Commands\Server\rewrite.php(47): require_once('C:\\xampp\\htdocs...')
#12 {main}
CRITICAL - 2023-01-29 20:38:51 --> Call to a member function getFirstRow() on bool
in SYSTEMPATH\Model.php on line 267.
 1 SYSTEMPATH\BaseModel.php(624): CodeIgniter\Model->doFirst()
 2 APPPATH\Controllers\Marketing.php(24): CodeIgniter\BaseModel->first()
 3 SYSTEMPATH\CodeIgniter.php(925): App\Controllers\Marketing->mar_show()
 4 SYSTEMPATH\CodeIgniter.php(480): CodeIgniter\CodeIgniter->runController(Object(App\Controllers\Marketing))
 5 SYSTEMPATH\CodeIgniter.php(349): CodeIgniter\CodeIgniter->handleRequest(null, Object(Config\Cache), false)
 6 FCPATH\index.php(67): CodeIgniter\CodeIgniter->run()
 7 SYSTEMPATH\Commands\Server\rewrite.php(47): require_once('FCPATH\\index.php')
ERROR - 2023-01-29 20:39:38 --> mysqli_sql_exception: No database selected in C:\xampp\htdocs\Emeeting_sys\system\Database\MySQLi\Connection.php:292
Stack trace:
#0 C:\xampp\htdocs\Emeeting_sys\system\Database\MySQLi\Connection.php(292): mysqli->query('INSERT INTO `ma...', 0)
#1 C:\xampp\htdocs\Emeeting_sys\system\Database\BaseConnection.php(666): CodeIgniter\Database\MySQLi\Connection->execute('INSERT INTO `ma...')
#2 C:\xampp\htdocs\Emeeting_sys\system\Database\BaseConnection.php(593): CodeIgniter\Database\BaseConnection->simpleQuery('INSERT INTO `ma...')
#3 C:\xampp\htdocs\Emeeting_sys\system\Database\BaseBuilder.php(1778): CodeIgniter\Database\BaseConnection->query('INSERT INTO `ma...', NULL, false)
#4 C:\xampp\htdocs\Emeeting_sys\system\Model.php(336): CodeIgniter\Database\BaseBuilder->insertBatch(Array, NULL, 100)
#5 C:\xampp\htdocs\Emeeting_sys\system\BaseModel.php(836): CodeIgniter\Model->doInsertBatch(Array, NULL, 100, false)
#6 C:\xampp\htdocs\Emeeting_sys\app\Controllers\Marketing.php(61): CodeIgniter\BaseModel->insertBatch(Array)
#7 C:\xampp\htdocs\Emeeting_sys\system\CodeIgniter.php(925): App\Controllers\Marketing->cal()
#8 C:\xampp\htdocs\Emeeting_sys\system\CodeIgniter.php(480): CodeIgniter\CodeIgniter->runController(Object(App\Controllers\Marketing))
#9 C:\xampp\htdocs\Emeeting_sys\system\CodeIgniter.php(349): CodeIgniter\CodeIgniter->handleRequest(NULL, Object(Config\Cache), false)
#10 C:\xampp\htdocs\Emeeting_sys\public\index.php(67): CodeIgniter\CodeIgniter->run()
#11 C:\xampp\htdocs\Emeeting_sys\system\Commands\Server\rewrite.php(47): require_once('C:\\xampp\\htdocs...')
#12 {main}
ERROR - 2023-01-29 20:39:38 --> mysqli_sql_exception: No database selected in C:\xampp\htdocs\Emeeting_sys\system\Database\MySQLi\Connection.php:292
Stack trace:
#0 C:\xampp\htdocs\Emeeting_sys\system\Database\MySQLi\Connection.php(292): mysqli->query('SELECT sum(poss...', 0)
#1 C:\xampp\htdocs\Emeeting_sys\system\Database\BaseConnection.php(666): CodeIgniter\Database\MySQLi\Connection->execute('SELECT sum(poss...')
#2 C:\xampp\htdocs\Emeeting_sys\system\Database\BaseConnection.php(593): CodeIgniter\Database\BaseConnection->simpleQuery('SELECT sum(poss...')
#3 C:\xampp\htdocs\Emeeting_sys\system\Database\BaseBuilder.php(1585): CodeIgniter\Database\BaseConnection->query('SELECT sum(poss...', Array, false)
#4 C:\xampp\htdocs\Emeeting_sys\system\Model.php(267): CodeIgniter\Database\BaseBuilder->get()
#5 C:\xampp\htdocs\Emeeting_sys\system\BaseModel.php(624): CodeIgniter\Model->doFirst()
#6 C:\xampp\htdocs\Emeeting_sys\app\Controllers\Marketing.php(24): CodeIgniter\BaseModel->first()
#7 C:\xampp\htdocs\Emeeting_sys\system\CodeIgniter.php(925): App\Controllers\Marketing->mar_show()
#8 C:\xampp\htdocs\Emeeting_sys\system\CodeIgniter.php(480): CodeIgniter\CodeIgniter->runController(Object(App\Controllers\Marketing))
#9 C:\xampp\htdocs\Emeeting_sys\system\CodeIgniter.php(349): CodeIgniter\CodeIgniter->handleRequest(NULL, Object(Config\Cache), false)
#10 C:\xampp\htdocs\Emeeting_sys\public\index.php(67): CodeIgniter\CodeIgniter->run()
#11 C:\xampp\htdocs\Emeeting_sys\system\Commands\Server\rewrite.php(47): require_once('C:\\xampp\\htdocs...')
#12 {main}
CRITICAL - 2023-01-29 20:39:38 --> Call to a member function getFirstRow() on bool
in SYSTEMPATH\Model.php on line 267.
 1 SYSTEMPATH\BaseModel.php(624): CodeIgniter\Model->doFirst()
 2 APPPATH\Controllers\Marketing.php(24): CodeIgniter\BaseModel->first()
 3 SYSTEMPATH\CodeIgniter.php(925): App\Controllers\Marketing->mar_show()
 4 SYSTEMPATH\CodeIgniter.php(480): CodeIgniter\CodeIgniter->runController(Object(App\Controllers\Marketing))
 5 SYSTEMPATH\CodeIgniter.php(349): CodeIgniter\CodeIgniter->handleRequest(null, Object(Config\Cache), false)
 6 FCPATH\index.php(67): CodeIgniter\CodeIgniter->run()
 7 SYSTEMPATH\Commands\Server\rewrite.php(47): require_once('FCPATH\\index.php')
ERROR - 2023-01-29 20:41:09 --> mysqli_sql_exception: No database selected in C:\xampp\htdocs\Emeeting_sys\system\Database\MySQLi\Connection.php:292
Stack trace:
#0 C:\xampp\htdocs\Emeeting_sys\system\Database\MySQLi\Connection.php(292): mysqli->query('SELECT sum(poss...', 0)
#1 C:\xampp\htdocs\Emeeting_sys\system\Database\BaseConnection.php(666): CodeIgniter\Database\MySQLi\Connection->execute('SELECT sum(poss...')
#2 C:\xampp\htdocs\Emeeting_sys\system\Database\BaseConnection.php(593): CodeIgniter\Database\BaseConnection->simpleQuery('SELECT sum(poss...')
#3 C:\xampp\htdocs\Emeeting_sys\system\Database\BaseBuilder.php(1585): CodeIgniter\Database\BaseConnection->query('SELECT sum(poss...', Array, false)
#4 C:\xampp\htdocs\Emeeting_sys\system\Model.php(267): CodeIgniter\Database\BaseBuilder->get()
#5 C:\xampp\htdocs\Emeeting_sys\system\BaseModel.php(624): CodeIgniter\Model->doFirst()
#6 C:\xampp\htdocs\Emeeting_sys\app\Controllers\Marketing.php(24): CodeIgniter\BaseModel->first()
#7 C:\xampp\htdocs\Emeeting_sys\system\CodeIgniter.php(925): App\Controllers\Marketing->mar_show()
#8 C:\xampp\htdocs\Emeeting_sys\system\CodeIgniter.php(480): CodeIgniter\CodeIgniter->runController(Object(App\Controllers\Marketing))
#9 C:\xampp\htdocs\Emeeting_sys\system\CodeIgniter.php(349): CodeIgniter\CodeIgniter->handleRequest(NULL, Object(Config\Cache), false)
#10 C:\xampp\htdocs\Emeeting_sys\public\index.php(67): CodeIgniter\CodeIgniter->run()
#11 C:\xampp\htdocs\Emeeting_sys\system\Commands\Server\rewrite.php(47): require_once('C:\\xampp\\htdocs...')
#12 {main}
CRITICAL - 2023-01-29 20:41:09 --> Call to a member function getFirstRow() on bool
in SYSTEMPATH\Model.php on line 267.
 1 SYSTEMPATH\BaseModel.php(624): CodeIgniter\Model->doFirst()
 2 APPPATH\Controllers\Marketing.php(24): CodeIgniter\BaseModel->first()
 3 SYSTEMPATH\CodeIgniter.php(925): App\Controllers\Marketing->mar_show()
 4 SYSTEMPATH\CodeIgniter.php(480): CodeIgniter\CodeIgniter->runController(Object(App\Controllers\Marketing))
 5 SYSTEMPATH\CodeIgniter.php(349): CodeIgniter\CodeIgniter->handleRequest(null, Object(Config\Cache), false)
 6 FCPATH\index.php(67): CodeIgniter\CodeIgniter->run()
 7 SYSTEMPATH\Commands\Server\rewrite.php(47): require_once('FCPATH\\index.php')
ERROR - 2023-01-29 20:41:10 --> mysqli_sql_exception: No database selected in C:\xampp\htdocs\Emeeting_sys\system\Database\MySQLi\Connection.php:292
Stack trace:
#0 C:\xampp\htdocs\Emeeting_sys\system\Database\MySQLi\Connection.php(292): mysqli->query('SELECT sum(poss...', 0)
#1 C:\xampp\htdocs\Emeeting_sys\system\Database\BaseConnection.php(666): CodeIgniter\Database\MySQLi\Connection->execute('SELECT sum(poss...')
#2 C:\xampp\htdocs\Emeeting_sys\system\Database\BaseConnection.php(593): CodeIgniter\Database\BaseConnection->simpleQuery('SELECT sum(poss...')
#3 C:\xampp\htdocs\Emeeting_sys\system\Database\BaseBuilder.php(1585): CodeIgniter\Database\BaseConnection->query('SELECT sum(poss...', Array, false)
#4 C:\xampp\htdocs\Emeeting_sys\system\Model.php(267): CodeIgniter\Database\BaseBuilder->get()
#5 C:\xampp\htdocs\Emeeting_sys\system\BaseModel.php(624): CodeIgniter\Model->doFirst()
#6 C:\xampp\htdocs\Emeeting_sys\app\Controllers\Marketing.php(24): CodeIgniter\BaseModel->first()
#7 C:\xampp\htdocs\Emeeting_sys\system\CodeIgniter.php(925): App\Controllers\Marketing->mar_show()
#8 C:\xampp\htdocs\Emeeting_sys\system\CodeIgniter.php(480): CodeIgniter\CodeIgniter->runController(Object(App\Controllers\Marketing))
#9 C:\xampp\htdocs\Emeeting_sys\system\CodeIgniter.php(349): CodeIgniter\CodeIgniter->handleRequest(NULL, Object(Config\Cache), false)
#10 C:\xampp\htdocs\Emeeting_sys\public\index.php(67): CodeIgniter\CodeIgniter->run()
#11 C:\xampp\htdocs\Emeeting_sys\system\Commands\Server\rewrite.php(47): require_once('C:\\xampp\\htdocs...')
#12 {main}
CRITICAL - 2023-01-29 20:41:10 --> Call to a member function getFirstRow() on bool
in SYSTEMPATH\Model.php on line 267.
 1 SYSTEMPATH\BaseModel.php(624): CodeIgniter\Model->doFirst()
 2 APPPATH\Controllers\Marketing.php(24): CodeIgniter\BaseModel->first()
 3 SYSTEMPATH\CodeIgniter.php(925): App\Controllers\Marketing->mar_show()
 4 SYSTEMPATH\CodeIgniter.php(480): CodeIgniter\CodeIgniter->runController(Object(App\Controllers\Marketing))
 5 SYSTEMPATH\CodeIgniter.php(349): CodeIgniter\CodeIgniter->handleRequest(null, Object(Config\Cache), false)
 6 FCPATH\index.php(67): CodeIgniter\CodeIgniter->run()
 7 SYSTEMPATH\Commands\Server\rewrite.php(47): require_once('FCPATH\\index.php')
ERROR - 2023-01-29 20:43:50 --> mysqli_sql_exception: No database selected in C:\xampp\htdocs\Emeeting_sys\system\Database\MySQLi\Connection.php:292
Stack trace:
#0 C:\xampp\htdocs\Emeeting_sys\system\Database\MySQLi\Connection.php(292): mysqli->query('SELECT sum(poss...', 0)
#1 C:\xampp\htdocs\Emeeting_sys\system\Database\BaseConnection.php(666): CodeIgniter\Database\MySQLi\Connection->execute('SELECT sum(poss...')
#2 C:\xampp\htdocs\Emeeting_sys\system\Database\BaseConnection.php(593): CodeIgniter\Database\BaseConnection->simpleQuery('SELECT sum(poss...')
#3 C:\xampp\htdocs\Emeeting_sys\system\Database\BaseBuilder.php(1585): CodeIgniter\Database\BaseConnection->query('SELECT sum(poss...', Array, false)
#4 C:\xampp\htdocs\Emeeting_sys\system\Model.php(267): CodeIgniter\Database\BaseBuilder->get()
#5 C:\xampp\htdocs\Emeeting_sys\system\BaseModel.php(624): CodeIgniter\Model->doFirst()
#6 C:\xampp\htdocs\Emeeting_sys\app\Controllers\Marketing.php(24): CodeIgniter\BaseModel->first()
#7 C:\xampp\htdocs\Emeeting_sys\system\CodeIgniter.php(925): App\Controllers\Marketing->mar_show()
#8 C:\xampp\htdocs\Emeeting_sys\system\CodeIgniter.php(480): CodeIgniter\CodeIgniter->runController(Object(App\Controllers\Marketing))
#9 C:\xampp\htdocs\Emeeting_sys\system\CodeIgniter.php(349): CodeIgniter\CodeIgniter->handleRequest(NULL, Object(Config\Cache), false)
#10 C:\xampp\htdocs\Emeeting_sys\public\index.php(67): CodeIgniter\CodeIgniter->run()
#11 C:\xampp\htdocs\Emeeting_sys\system\Commands\Server\rewrite.php(47): require_once('C:\\xampp\\htdocs...')
#12 {main}
CRITICAL - 2023-01-29 20:43:50 --> Call to a member function getFirstRow() on bool
in SYSTEMPATH\Model.php on line 267.
 1 SYSTEMPATH\BaseModel.php(624): CodeIgniter\Model->doFirst()
 2 APPPATH\Controllers\Marketing.php(24): CodeIgniter\BaseModel->first()
 3 SYSTEMPATH\CodeIgniter.php(925): App\Controllers\Marketing->mar_show()
 4 SYSTEMPATH\CodeIgniter.php(480): CodeIgniter\CodeIgniter->runController(Object(App\Controllers\Marketing))
 5 SYSTEMPATH\CodeIgniter.php(349): CodeIgniter\CodeIgniter->handleRequest(null, Object(Config\Cache), false)
 6 FCPATH\index.php(67): CodeIgniter\CodeIgniter->run()
 7 SYSTEMPATH\Commands\Server\rewrite.php(47): require_once('FCPATH\\index.php')
ERROR - 2023-01-29 20:44:04 --> mysqli_sql_exception: No database selected in C:\xampp\htdocs\Emeeting_sys\system\Database\MySQLi\Connection.php:292
Stack trace:
#0 C:\xampp\htdocs\Emeeting_sys\system\Database\MySQLi\Connection.php(292): mysqli->query('INSERT INTO `ma...', 0)
#1 C:\xampp\htdocs\Emeeting_sys\system\Database\BaseConnection.php(666): CodeIgniter\Database\MySQLi\Connection->execute('INSERT INTO `ma...')
#2 C:\xampp\htdocs\Emeeting_sys\system\Database\BaseConnection.php(593): CodeIgniter\Database\BaseConnection->simpleQuery('INSERT INTO `ma...')
#3 C:\xampp\htdocs\Emeeting_sys\system\Database\BaseBuilder.php(1778): CodeIgniter\Database\BaseConnection->query('INSERT INTO `ma...', NULL, false)
#4 C:\xampp\htdocs\Emeeting_sys\system\Model.php(336): CodeIgniter\Database\BaseBuilder->insertBatch(Array, NULL, 100)
#5 C:\xampp\htdocs\Emeeting_sys\system\BaseModel.php(836): CodeIgniter\Model->doInsertBatch(Array, NULL, 100, false)
#6 C:\xampp\htdocs\Emeeting_sys\app\Controllers\Marketing.php(61): CodeIgniter\BaseModel->insertBatch(Array)
#7 C:\xampp\htdocs\Emeeting_sys\system\CodeIgniter.php(925): App\Controllers\Marketing->cal()
#8 C:\xampp\htdocs\Emeeting_sys\system\CodeIgniter.php(480): CodeIgniter\CodeIgniter->runController(Object(App\Controllers\Marketing))
#9 C:\xampp\htdocs\Emeeting_sys\system\CodeIgniter.php(349): CodeIgniter\CodeIgniter->handleRequest(NULL, Object(Config\Cache), false)
#10 C:\xampp\htdocs\Emeeting_sys\public\index.php(67): CodeIgniter\CodeIgniter->run()
#11 C:\xampp\htdocs\Emeeting_sys\system\Commands\Server\rewrite.php(47): require_once('C:\\xampp\\htdocs...')
#12 {main}
ERROR - 2023-01-29 20:44:05 --> mysqli_sql_exception: No database selected in C:\xampp\htdocs\Emeeting_sys\system\Database\MySQLi\Connection.php:292
Stack trace:
#0 C:\xampp\htdocs\Emeeting_sys\system\Database\MySQLi\Connection.php(292): mysqli->query('SELECT sum(poss...', 0)
#1 C:\xampp\htdocs\Emeeting_sys\system\Database\BaseConnection.php(666): CodeIgniter\Database\MySQLi\Connection->execute('SELECT sum(poss...')
#2 C:\xampp\htdocs\Emeeting_sys\system\Database\BaseConnection.php(593): CodeIgniter\Database\BaseConnection->simpleQuery('SELECT sum(poss...')
#3 C:\xampp\htdocs\Emeeting_sys\system\Database\BaseBuilder.php(1585): CodeIgniter\Database\BaseConnection->query('SELECT sum(poss...', Array, false)
#4 C:\xampp\htdocs\Emeeting_sys\system\Model.php(267): CodeIgniter\Database\BaseBuilder->get()
#5 C:\xampp\htdocs\Emeeting_sys\system\BaseModel.php(624): CodeIgniter\Model->doFirst()
#6 C:\xampp\htdocs\Emeeting_sys\app\Controllers\Marketing.php(24): CodeIgniter\BaseModel->first()
#7 C:\xampp\htdocs\Emeeting_sys\system\CodeIgniter.php(925): App\Controllers\Marketing->mar_show()
#8 C:\xampp\htdocs\Emeeting_sys\system\CodeIgniter.php(480): CodeIgniter\CodeIgniter->runController(Object(App\Controllers\Marketing))
#9 C:\xampp\htdocs\Emeeting_sys\system\CodeIgniter.php(349): CodeIgniter\CodeIgniter->handleRequest(NULL, Object(Config\Cache), false)
#10 C:\xampp\htdocs\Emeeting_sys\public\index.php(67): CodeIgniter\CodeIgniter->run()
#11 C:\xampp\htdocs\Emeeting_sys\system\Commands\Server\rewrite.php(47): require_once('C:\\xampp\\htdocs...')
#12 {main}
CRITICAL - 2023-01-29 20:44:05 --> Call to a member function getFirstRow() on bool
in SYSTEMPATH\Model.php on line 267.
 1 SYSTEMPATH\BaseModel.php(624): CodeIgniter\Model->doFirst()
 2 APPPATH\Controllers\Marketing.php(24): CodeIgniter\BaseModel->first()
 3 SYSTEMPATH\CodeIgniter.php(925): App\Controllers\Marketing->mar_show()
 4 SYSTEMPATH\CodeIgniter.php(480): CodeIgniter\CodeIgniter->runController(Object(App\Controllers\Marketing))
 5 SYSTEMPATH\CodeIgniter.php(349): CodeIgniter\CodeIgniter->handleRequest(null, Object(Config\Cache), false)
 6 FCPATH\index.php(67): CodeIgniter\CodeIgniter->run()
 7 SYSTEMPATH\Commands\Server\rewrite.php(47): require_once('FCPATH\\index.php')
ERROR - 2023-01-29 20:45:27 --> mysqli_sql_exception: No database selected in C:\xampp\htdocs\Emeeting_sys\system\Database\MySQLi\Connection.php:292
Stack trace:
#0 C:\xampp\htdocs\Emeeting_sys\system\Database\MySQLi\Connection.php(292): mysqli->query('INSERT INTO `ma...', 0)
#1 C:\xampp\htdocs\Emeeting_sys\system\Database\BaseConnection.php(666): CodeIgniter\Database\MySQLi\Connection->execute('INSERT INTO `ma...')
#2 C:\xampp\htdocs\Emeeting_sys\system\Database\BaseConnection.php(593): CodeIgniter\Database\BaseConnection->simpleQuery('INSERT INTO `ma...')
#3 C:\xampp\htdocs\Emeeting_sys\system\Database\BaseBuilder.php(1778): CodeIgniter\Database\BaseConnection->query('INSERT INTO `ma...', NULL, false)
#4 C:\xampp\htdocs\Emeeting_sys\system\Model.php(336): CodeIgniter\Database\BaseBuilder->insertBatch(Array, NULL, 100)
#5 C:\xampp\htdocs\Emeeting_sys\system\BaseModel.php(836): CodeIgniter\Model->doInsertBatch(Array, NULL, 100, false)
#6 C:\xampp\htdocs\Emeeting_sys\app\Controllers\Marketing.php(61): CodeIgniter\BaseModel->insertBatch(Array)
#7 C:\xampp\htdocs\Emeeting_sys\system\CodeIgniter.php(925): App\Controllers\Marketing->cal()
#8 C:\xampp\htdocs\Emeeting_sys\system\CodeIgniter.php(480): CodeIgniter\CodeIgniter->runController(Object(App\Controllers\Marketing))
#9 C:\xampp\htdocs\Emeeting_sys\system\CodeIgniter.php(349): CodeIgniter\CodeIgniter->handleRequest(NULL, Object(Config\Cache), false)
#10 C:\xampp\htdocs\Emeeting_sys\public\index.php(67): CodeIgniter\CodeIgniter->run()
#11 C:\xampp\htdocs\Emeeting_sys\system\Commands\Server\rewrite.php(47): require_once('C:\\xampp\\htdocs...')
#12 {main}
ERROR - 2023-01-29 20:45:27 --> mysqli_sql_exception: No database selected in C:\xampp\htdocs\Emeeting_sys\system\Database\MySQLi\Connection.php:292
Stack trace:
#0 C:\xampp\htdocs\Emeeting_sys\system\Database\MySQLi\Connection.php(292): mysqli->query('SELECT sum(poss...', 0)
#1 C:\xampp\htdocs\Emeeting_sys\system\Database\BaseConnection.php(666): CodeIgniter\Database\MySQLi\Connection->execute('SELECT sum(poss...')
#2 C:\xampp\htdocs\Emeeting_sys\system\Database\BaseConnection.php(593): CodeIgniter\Database\BaseConnection->simpleQuery('SELECT sum(poss...')
#3 C:\xampp\htdocs\Emeeting_sys\system\Database\BaseBuilder.php(1585): CodeIgniter\Database\BaseConnection->query('SELECT sum(poss...', Array, false)
#4 C:\xampp\htdocs\Emeeting_sys\system\Model.php(267): CodeIgniter\Database\BaseBuilder->get()
#5 C:\xampp\htdocs\Emeeting_sys\system\BaseModel.php(624): CodeIgniter\Model->doFirst()
#6 C:\xampp\htdocs\Emeeting_sys\app\Controllers\Marketing.php(24): CodeIgniter\BaseModel->first()
#7 C:\xampp\htdocs\Emeeting_sys\system\CodeIgniter.php(925): App\Controllers\Marketing->mar_show()
#8 C:\xampp\htdocs\Emeeting_sys\system\CodeIgniter.php(480): CodeIgniter\CodeIgniter->runController(Object(App\Controllers\Marketing))
#9 C:\xampp\htdocs\Emeeting_sys\system\CodeIgniter.php(349): CodeIgniter\CodeIgniter->handleRequest(NULL, Object(Config\Cache), false)
#10 C:\xampp\htdocs\Emeeting_sys\public\index.php(67): CodeIgniter\CodeIgniter->run()
#11 C:\xampp\htdocs\Emeeting_sys\system\Commands\Server\rewrite.php(47): require_once('C:\\xampp\\htdocs...')
#12 {main}
CRITICAL - 2023-01-29 20:45:27 --> Call to a member function getFirstRow() on bool
in SYSTEMPATH\Model.php on line 267.
 1 SYSTEMPATH\BaseModel.php(624): CodeIgniter\Model->doFirst()
 2 APPPATH\Controllers\Marketing.php(24): CodeIgniter\BaseModel->first()
 3 SYSTEMPATH\CodeIgniter.php(925): App\Controllers\Marketing->mar_show()
 4 SYSTEMPATH\CodeIgniter.php(480): CodeIgniter\CodeIgniter->runController(Object(App\Controllers\Marketing))
 5 SYSTEMPATH\CodeIgniter.php(349): CodeIgniter\CodeIgniter->handleRequest(null, Object(Config\Cache), false)
 6 FCPATH\index.php(67): CodeIgniter\CodeIgniter->run()
 7 SYSTEMPATH\Commands\Server\rewrite.php(47): require_once('FCPATH\\index.php')
ERROR - 2023-01-29 20:47:19 --> mysqli_sql_exception: No database selected in C:\xampp\htdocs\Emeeting_sys\system\Database\MySQLi\Connection.php:292
Stack trace:
#0 C:\xampp\htdocs\Emeeting_sys\system\Database\MySQLi\Connection.php(292): mysqli->query('SELECT sum(poss...', 0)
#1 C:\xampp\htdocs\Emeeting_sys\system\Database\BaseConnection.php(666): CodeIgniter\Database\MySQLi\Connection->execute('SELECT sum(poss...')
#2 C:\xampp\htdocs\Emeeting_sys\system\Database\BaseConnection.php(593): CodeIgniter\Database\BaseConnection->simpleQuery('SELECT sum(poss...')
#3 C:\xampp\htdocs\Emeeting_sys\system\Database\BaseBuilder.php(1585): CodeIgniter\Database\BaseConnection->query('SELECT sum(poss...', Array, false)
#4 C:\xampp\htdocs\Emeeting_sys\system\Model.php(267): CodeIgniter\Database\BaseBuilder->get()
#5 C:\xampp\htdocs\Emeeting_sys\system\BaseModel.php(624): CodeIgniter\Model->doFirst()
#6 C:\xampp\htdocs\Emeeting_sys\app\Controllers\Marketing.php(24): CodeIgniter\BaseModel->first()
#7 C:\xampp\htdocs\Emeeting_sys\system\CodeIgniter.php(925): App\Controllers\Marketing->mar_show()
#8 C:\xampp\htdocs\Emeeting_sys\system\CodeIgniter.php(480): CodeIgniter\CodeIgniter->runController(Object(App\Controllers\Marketing))
#9 C:\xampp\htdocs\Emeeting_sys\system\CodeIgniter.php(349): CodeIgniter\CodeIgniter->handleRequest(NULL, Object(Config\Cache), false)
#10 C:\xampp\htdocs\Emeeting_sys\public\index.php(67): CodeIgniter\CodeIgniter->run()
#11 C:\xampp\htdocs\Emeeting_sys\system\Commands\Server\rewrite.php(47): require_once('C:\\xampp\\htdocs...')
#12 {main}
CRITICAL - 2023-01-29 20:47:19 --> Call to a member function getFirstRow() on bool
in SYSTEMPATH\Model.php on line 267.
 1 SYSTEMPATH\BaseModel.php(624): CodeIgniter\Model->doFirst()
 2 APPPATH\Controllers\Marketing.php(24): CodeIgniter\BaseModel->first()
 3 SYSTEMPATH\CodeIgniter.php(925): App\Controllers\Marketing->mar_show()
 4 SYSTEMPATH\CodeIgniter.php(480): CodeIgniter\CodeIgniter->runController(Object(App\Controllers\Marketing))
 5 SYSTEMPATH\CodeIgniter.php(349): CodeIgniter\CodeIgniter->handleRequest(null, Object(Config\Cache), false)
 6 FCPATH\index.php(67): CodeIgniter\CodeIgniter->run()
 7 SYSTEMPATH\Commands\Server\rewrite.php(47): require_once('FCPATH\\index.php')
ERROR - 2023-01-29 20:47:20 --> mysqli_sql_exception: No database selected in C:\xampp\htdocs\Emeeting_sys\system\Database\MySQLi\Connection.php:292
Stack trace:
#0 C:\xampp\htdocs\Emeeting_sys\system\Database\MySQLi\Connection.php(292): mysqli->query('SELECT sum(poss...', 0)
#1 C:\xampp\htdocs\Emeeting_sys\system\Database\BaseConnection.php(666): CodeIgniter\Database\MySQLi\Connection->execute('SELECT sum(poss...')
#2 C:\xampp\htdocs\Emeeting_sys\system\Database\BaseConnection.php(593): CodeIgniter\Database\BaseConnection->simpleQuery('SELECT sum(poss...')
#3 C:\xampp\htdocs\Emeeting_sys\system\Database\BaseBuilder.php(1585): CodeIgniter\Database\BaseConnection->query('SELECT sum(poss...', Array, false)
#4 C:\xampp\htdocs\Emeeting_sys\system\Model.php(267): CodeIgniter\Database\BaseBuilder->get()
#5 C:\xampp\htdocs\Emeeting_sys\system\BaseModel.php(624): CodeIgniter\Model->doFirst()
#6 C:\xampp\htdocs\Emeeting_sys\app\Controllers\Marketing.php(24): CodeIgniter\BaseModel->first()
#7 C:\xampp\htdocs\Emeeting_sys\system\CodeIgniter.php(925): App\Controllers\Marketing->mar_show()
#8 C:\xampp\htdocs\Emeeting_sys\system\CodeIgniter.php(480): CodeIgniter\CodeIgniter->runController(Object(App\Controllers\Marketing))
#9 C:\xampp\htdocs\Emeeting_sys\system\CodeIgniter.php(349): CodeIgniter\CodeIgniter->handleRequest(NULL, Object(Config\Cache), false)
#10 C:\xampp\htdocs\Emeeting_sys\public\index.php(67): CodeIgniter\CodeIgniter->run()
#11 C:\xampp\htdocs\Emeeting_sys\system\Commands\Server\rewrite.php(47): require_once('C:\\xampp\\htdocs...')
#12 {main}
CRITICAL - 2023-01-29 20:47:20 --> Call to a member function getFirstRow() on bool
in SYSTEMPATH\Model.php on line 267.
 1 SYSTEMPATH\BaseModel.php(624): CodeIgniter\Model->doFirst()
 2 APPPATH\Controllers\Marketing.php(24): CodeIgniter\BaseModel->first()
 3 SYSTEMPATH\CodeIgniter.php(925): App\Controllers\Marketing->mar_show()
 4 SYSTEMPATH\CodeIgniter.php(480): CodeIgniter\CodeIgniter->runController(Object(App\Controllers\Marketing))
 5 SYSTEMPATH\CodeIgniter.php(349): CodeIgniter\CodeIgniter->handleRequest(null, Object(Config\Cache), false)
 6 FCPATH\index.php(67): CodeIgniter\CodeIgniter->run()
 7 SYSTEMPATH\Commands\Server\rewrite.php(47): require_once('FCPATH\\index.php')
ERROR - 2023-01-29 20:47:26 --> mysqli_sql_exception: No database selected in C:\xampp\htdocs\Emeeting_sys\system\Database\MySQLi\Connection.php:292
Stack trace:
#0 C:\xampp\htdocs\Emeeting_sys\system\Database\MySQLi\Connection.php(292): mysqli->query('SELECT sum(poss...', 0)
#1 C:\xampp\htdocs\Emeeting_sys\system\Database\BaseConnection.php(666): CodeIgniter\Database\MySQLi\Connection->execute('SELECT sum(poss...')
#2 C:\xampp\htdocs\Emeeting_sys\system\Database\BaseConnection.php(593): CodeIgniter\Database\BaseConnection->simpleQuery('SELECT sum(poss...')
#3 C:\xampp\htdocs\Emeeting_sys\system\Database\BaseBuilder.php(1585): CodeIgniter\Database\BaseConnection->query('SELECT sum(poss...', Array, false)
#4 C:\xampp\htdocs\Emeeting_sys\system\Model.php(267): CodeIgniter\Database\BaseBuilder->get()
#5 C:\xampp\htdocs\Emeeting_sys\system\BaseModel.php(624): CodeIgniter\Model->doFirst()
#6 C:\xampp\htdocs\Emeeting_sys\app\Controllers\Marketing.php(24): CodeIgniter\BaseModel->first()
#7 C:\xampp\htdocs\Emeeting_sys\system\CodeIgniter.php(925): App\Controllers\Marketing->mar_show()
#8 C:\xampp\htdocs\Emeeting_sys\system\CodeIgniter.php(480): CodeIgniter\CodeIgniter->runController(Object(App\Controllers\Marketing))
#9 C:\xampp\htdocs\Emeeting_sys\system\CodeIgniter.php(349): CodeIgniter\CodeIgniter->handleRequest(NULL, Object(Config\Cache), false)
#10 C:\xampp\htdocs\Emeeting_sys\public\index.php(67): CodeIgniter\CodeIgniter->run()
#11 C:\xampp\htdocs\Emeeting_sys\system\Commands\Server\rewrite.php(47): require_once('C:\\xampp\\htdocs...')
#12 {main}
CRITICAL - 2023-01-29 20:47:26 --> Call to a member function getFirstRow() on bool
in SYSTEMPATH\Model.php on line 267.
 1 SYSTEMPATH\BaseModel.php(624): CodeIgniter\Model->doFirst()
 2 APPPATH\Controllers\Marketing.php(24): CodeIgniter\BaseModel->first()
 3 SYSTEMPATH\CodeIgniter.php(925): App\Controllers\Marketing->mar_show()
 4 SYSTEMPATH\CodeIgniter.php(480): CodeIgniter\CodeIgniter->runController(Object(App\Controllers\Marketing))
 5 SYSTEMPATH\CodeIgniter.php(349): CodeIgniter\CodeIgniter->handleRequest(null, Object(Config\Cache), false)
 6 FCPATH\index.php(67): CodeIgniter\CodeIgniter->run()
 7 SYSTEMPATH\Commands\Server\rewrite.php(47): require_once('FCPATH\\index.php')
ERROR - 2023-01-29 20:47:49 --> mysqli_sql_exception: No database selected in C:\xampp\htdocs\Emeeting_sys\system\Database\MySQLi\Connection.php:292
Stack trace:
#0 C:\xampp\htdocs\Emeeting_sys\system\Database\MySQLi\Connection.php(292): mysqli->query('SELECT sum(poss...', 0)
#1 C:\xampp\htdocs\Emeeting_sys\system\Database\BaseConnection.php(666): CodeIgniter\Database\MySQLi\Connection->execute('SELECT sum(poss...')
#2 C:\xampp\htdocs\Emeeting_sys\system\Database\BaseConnection.php(593): CodeIgniter\Database\BaseConnection->simpleQuery('SELECT sum(poss...')
#3 C:\xampp\htdocs\Emeeting_sys\system\Database\BaseBuilder.php(1585): CodeIgniter\Database\BaseConnection->query('SELECT sum(poss...', Array, false)
#4 C:\xampp\htdocs\Emeeting_sys\system\Model.php(267): CodeIgniter\Database\BaseBuilder->get()
#5 C:\xampp\htdocs\Emeeting_sys\system\BaseModel.php(624): CodeIgniter\Model->doFirst()
#6 C:\xampp\htdocs\Emeeting_sys\app\Controllers\Marketing.php(24): CodeIgniter\BaseModel->first()
#7 C:\xampp\htdocs\Emeeting_sys\system\CodeIgniter.php(925): App\Controllers\Marketing->mar_show()
#8 C:\xampp\htdocs\Emeeting_sys\system\CodeIgniter.php(480): CodeIgniter\CodeIgniter->runController(Object(App\Controllers\Marketing))
#9 C:\xampp\htdocs\Emeeting_sys\system\CodeIgniter.php(349): CodeIgniter\CodeIgniter->handleRequest(NULL, Object(Config\Cache), false)
#10 C:\xampp\htdocs\Emeeting_sys\public\index.php(67): CodeIgniter\CodeIgniter->run()
#11 C:\xampp\htdocs\Emeeting_sys\system\Commands\Server\rewrite.php(47): require_once('C:\\xampp\\htdocs...')
#12 {main}
CRITICAL - 2023-01-29 20:47:49 --> Call to a member function getFirstRow() on bool
in SYSTEMPATH\Model.php on line 267.
 1 SYSTEMPATH\BaseModel.php(624): CodeIgniter\Model->doFirst()
 2 APPPATH\Controllers\Marketing.php(24): CodeIgniter\BaseModel->first()
 3 SYSTEMPATH\CodeIgniter.php(925): App\Controllers\Marketing->mar_show()
 4 SYSTEMPATH\CodeIgniter.php(480): CodeIgniter\CodeIgniter->runController(Object(App\Controllers\Marketing))
 5 SYSTEMPATH\CodeIgniter.php(349): CodeIgniter\CodeIgniter->handleRequest(null, Object(Config\Cache), false)
 6 FCPATH\index.php(67): CodeIgniter\CodeIgniter->run()
 7 SYSTEMPATH\Commands\Server\rewrite.php(47): require_once('FCPATH\\index.php')
CRITICAL - 2023-01-29 21:22:44 --> Undefined variable $possible
in APPPATH\Views\marketshow.php on line 13.
 1 APPPATH\Views\marketshow.php(13): CodeIgniter\Debug\Exceptions->errorHandler(2, 'Undefined variable $possible', 'APPPATH\\Views\\marketshow.php', 13)
 2 SYSTEMPATH\View\View.php(213): include('APPPATH\\Views\\marketshow.php')
 3 SYSTEMPATH\View\View.php(216): CodeIgniter\View\View->CodeIgniter\View\{closure}()
 4 SYSTEMPATH\Common.php(1135): CodeIgniter\View\View->render('marketshow', [], true)
 5 APPPATH\Controllers\Marketing.php(14): view('marketshow')
 6 SYSTEMPATH\CodeIgniter.php(925): App\Controllers\Marketing->index()
 7 SYSTEMPATH\CodeIgniter.php(480): CodeIgniter\CodeIgniter->runController(Object(App\Controllers\Marketing))
 8 SYSTEMPATH\CodeIgniter.php(349): CodeIgniter\CodeIgniter->handleRequest(null, Object(Config\Cache), false)
 9 FCPATH\index.php(67): CodeIgniter\CodeIgniter->run()
10 SYSTEMPATH\Commands\Server\rewrite.php(47): require_once('FCPATH\\index.php')
ERROR - 2023-01-29 21:23:32 --> mysqli_sql_exception: No database selected in C:\xampp\htdocs\Emeeting_sys\system\Database\MySQLi\Connection.php:292
Stack trace:
#0 C:\xampp\htdocs\Emeeting_sys\system\Database\MySQLi\Connection.php(292): mysqli->query('SELECT sum(poss...', 0)
#1 C:\xampp\htdocs\Emeeting_sys\system\Database\BaseConnection.php(666): CodeIgniter\Database\MySQLi\Connection->execute('SELECT sum(poss...')
#2 C:\xampp\htdocs\Emeeting_sys\system\Database\BaseConnection.php(593): CodeIgniter\Database\BaseConnection->simpleQuery('SELECT sum(poss...')
#3 C:\xampp\htdocs\Emeeting_sys\system\Database\BaseBuilder.php(1585): CodeIgniter\Database\BaseConnection->query('SELECT sum(poss...', Array, false)
#4 C:\xampp\htdocs\Emeeting_sys\system\Model.php(267): CodeIgniter\Database\BaseBuilder->get()
#5 C:\xampp\htdocs\Emeeting_sys\system\BaseModel.php(624): CodeIgniter\Model->doFirst()
#6 C:\xampp\htdocs\Emeeting_sys\app\Controllers\Marketing.php(24): CodeIgniter\BaseModel->first()
#7 C:\xampp\htdocs\Emeeting_sys\system\CodeIgniter.php(925): App\Controllers\Marketing->mar_show()
#8 C:\xampp\htdocs\Emeeting_sys\system\CodeIgniter.php(480): CodeIgniter\CodeIgniter->runController(Object(App\Controllers\Marketing))
#9 C:\xampp\htdocs\Emeeting_sys\system\CodeIgniter.php(349): CodeIgniter\CodeIgniter->handleRequest(NULL, Object(Config\Cache), false)
#10 C:\xampp\htdocs\Emeeting_sys\public\index.php(67): CodeIgniter\CodeIgniter->run()
#11 C:\xampp\htdocs\Emeeting_sys\system\Commands\Server\rewrite.php(47): require_once('C:\\xampp\\htdocs...')
#12 {main}
CRITICAL - 2023-01-29 21:23:32 --> Call to a member function getFirstRow() on bool
in SYSTEMPATH\Model.php on line 267.
 1 SYSTEMPATH\BaseModel.php(624): CodeIgniter\Model->doFirst()
 2 APPPATH\Controllers\Marketing.php(24): CodeIgniter\BaseModel->first()
 3 SYSTEMPATH\CodeIgniter.php(925): App\Controllers\Marketing->mar_show()
 4 SYSTEMPATH\CodeIgniter.php(480): CodeIgniter\CodeIgniter->runController(Object(App\Controllers\Marketing))
 5 SYSTEMPATH\CodeIgniter.php(349): CodeIgniter\CodeIgniter->handleRequest(null, Object(Config\Cache), false)
 6 FCPATH\index.php(67): CodeIgniter\CodeIgniter->run()
 7 SYSTEMPATH\Commands\Server\rewrite.php(47): require_once('FCPATH\\index.php')
CRITICAL - 2023-01-29 21:23:50 --> Undefined variable $data
in APPPATH\Controllers\Marketing.php on line 32.
 1 APPPATH\Controllers\Marketing.php(32): CodeIgniter\Debug\Exceptions->errorHandler(2, 'Undefined variable $data', 'APPPATH\\Controllers\\Marketing.php', 32)
 2 SYSTEMPATH\CodeIgniter.php(925): App\Controllers\Marketing->mar_show()
 3 SYSTEMPATH\CodeIgniter.php(480): CodeIgniter\CodeIgniter->runController(Object(App\Controllers\Marketing))
 4 SYSTEMPATH\CodeIgniter.php(349): CodeIgniter\CodeIgniter->handleRequest(null, Object(Config\Cache), false)
 5 FCPATH\index.php(67): CodeIgniter\CodeIgniter->run()
 6 SYSTEMPATH\Commands\Server\rewrite.php(47): require_once('FCPATH\\index.php')
CRITICAL - 2023-01-29 21:23:51 --> Undefined variable $data
in APPPATH\Controllers\Marketing.php on line 32.
 1 APPPATH\Controllers\Marketing.php(32): CodeIgniter\Debug\Exceptions->errorHandler(2, 'Undefined variable $data', 'APPPATH\\Controllers\\Marketing.php', 32)
 2 SYSTEMPATH\CodeIgniter.php(925): App\Controllers\Marketing->mar_show()
 3 SYSTEMPATH\CodeIgniter.php(480): CodeIgniter\CodeIgniter->runController(Object(App\Controllers\Marketing))
 4 SYSTEMPATH\CodeIgniter.php(349): CodeIgniter\CodeIgniter->handleRequest(null, Object(Config\Cache), false)
 5 FCPATH\index.php(67): CodeIgniter\CodeIgniter->run()
 6 SYSTEMPATH\Commands\Server\rewrite.php(47): require_once('FCPATH\\index.php')
CRITICAL - 2023-01-29 21:24:09 --> Undefined variable $data
in APPPATH\Controllers\Marketing.php on line 32.
 1 APPPATH\Controllers\Marketing.php(32): CodeIgniter\Debug\Exceptions->errorHandler(2, 'Undefined variable $data', 'APPPATH\\Controllers\\Marketing.php', 32)
 2 SYSTEMPATH\CodeIgniter.php(925): App\Controllers\Marketing->mar_show()
 3 SYSTEMPATH\CodeIgniter.php(480): CodeIgniter\CodeIgniter->runController(Object(App\Controllers\Marketing))
 4 SYSTEMPATH\CodeIgniter.php(349): CodeIgniter\CodeIgniter->handleRequest(null, Object(Config\Cache), false)
 5 FCPATH\index.php(67): CodeIgniter\CodeIgniter->run()
 6 SYSTEMPATH\Commands\Server\rewrite.php(47): require_once('FCPATH\\index.php')
ERROR - 2023-01-29 21:25:07 --> mysqli_sql_exception: No database selected in C:\xampp\htdocs\Emeeting_sys\system\Database\MySQLi\Connection.php:292
Stack trace:
#0 C:\xampp\htdocs\Emeeting_sys\system\Database\MySQLi\Connection.php(292): mysqli->query('INSERT INTO `ma...', 0)
#1 C:\xampp\htdocs\Emeeting_sys\system\Database\BaseConnection.php(666): CodeIgniter\Database\MySQLi\Connection->execute('INSERT INTO `ma...')
#2 C:\xampp\htdocs\Emeeting_sys\system\Database\BaseConnection.php(593): CodeIgniter\Database\BaseConnection->simpleQuery('INSERT INTO `ma...')
#3 C:\xampp\htdocs\Emeeting_sys\system\Database\BaseBuilder.php(1778): CodeIgniter\Database\BaseConnection->query('INSERT INTO `ma...', NULL, false)
#4 C:\xampp\htdocs\Emeeting_sys\system\Model.php(336): CodeIgniter\Database\BaseBuilder->insertBatch(Array, NULL, 100)
#5 C:\xampp\htdocs\Emeeting_sys\system\BaseModel.php(836): CodeIgniter\Model->doInsertBatch(Array, NULL, 100, false)
#6 C:\xampp\htdocs\Emeeting_sys\app\Controllers\Marketing.php(61): CodeIgniter\BaseModel->insertBatch(Array)
#7 C:\xampp\htdocs\Emeeting_sys\system\CodeIgniter.php(925): App\Controllers\Marketing->cal()
#8 C:\xampp\htdocs\Emeeting_sys\system\CodeIgniter.php(480): CodeIgniter\CodeIgniter->runController(Object(App\Controllers\Marketing))
#9 C:\xampp\htdocs\Emeeting_sys\system\CodeIgniter.php(349): CodeIgniter\CodeIgniter->handleRequest(NULL, Object(Config\Cache), false)
#10 C:\xampp\htdocs\Emeeting_sys\public\index.php(67): CodeIgniter\CodeIgniter->run()
#11 C:\xampp\htdocs\Emeeting_sys\system\Commands\Server\rewrite.php(47): require_once('C:\\xampp\\htdocs...')
#12 {main}
ERROR - 2023-01-29 21:25:40 --> mysqli_sql_exception: No database selected in C:\xampp\htdocs\Emeeting_sys\system\Database\MySQLi\Connection.php:292
Stack trace:
#0 C:\xampp\htdocs\Emeeting_sys\system\Database\MySQLi\Connection.php(292): mysqli->query('INSERT INTO `ma...', 0)
#1 C:\xampp\htdocs\Emeeting_sys\system\Database\BaseConnection.php(666): CodeIgniter\Database\MySQLi\Connection->execute('INSERT INTO `ma...')
#2 C:\xampp\htdocs\Emeeting_sys\system\Database\BaseConnection.php(593): CodeIgniter\Database\BaseConnection->simpleQuery('INSERT INTO `ma...')
#3 C:\xampp\htdocs\Emeeting_sys\system\Database\BaseBuilder.php(1778): CodeIgniter\Database\BaseConnection->query('INSERT INTO `ma...', NULL, false)
#4 C:\xampp\htdocs\Emeeting_sys\system\Model.php(336): CodeIgniter\Database\BaseBuilder->insertBatch(Array, NULL, 100)
#5 C:\xampp\htdocs\Emeeting_sys\system\BaseModel.php(836): CodeIgniter\Model->doInsertBatch(Array, NULL, 100, false)
#6 C:\xampp\htdocs\Emeeting_sys\app\Controllers\Marketing.php(61): CodeIgniter\BaseModel->insertBatch(Array)
#7 C:\xampp\htdocs\Emeeting_sys\system\CodeIgniter.php(925): App\Controllers\Marketing->cal()
#8 C:\xampp\htdocs\Emeeting_sys\system\CodeIgniter.php(480): CodeIgniter\CodeIgniter->runController(Object(App\Controllers\Marketing))
#9 C:\xampp\htdocs\Emeeting_sys\system\CodeIgniter.php(349): CodeIgniter\CodeIgniter->handleRequest(NULL, Object(Config\Cache), false)
#10 C:\xampp\htdocs\Emeeting_sys\public\index.php(67): CodeIgniter\CodeIgniter->run()
#11 C:\xampp\htdocs\Emeeting_sys\system\Commands\Server\rewrite.php(47): require_once('C:\\xampp\\htdocs...')
#12 {main}
ERROR - 2023-01-29 21:31:45 --> mysqli_sql_exception: No database selected in C:\xampp\htdocs\Emeeting_sys\system\Database\MySQLi\Connection.php:292
Stack trace:
#0 C:\xampp\htdocs\Emeeting_sys\system\Database\MySQLi\Connection.php(292): mysqli->query('INSERT INTO `ma...', 0)
#1 C:\xampp\htdocs\Emeeting_sys\system\Database\BaseConnection.php(666): CodeIgniter\Database\MySQLi\Connection->execute('INSERT INTO `ma...')
#2 C:\xampp\htdocs\Emeeting_sys\system\Database\BaseConnection.php(593): CodeIgniter\Database\BaseConnection->simpleQuery('INSERT INTO `ma...')
#3 C:\xampp\htdocs\Emeeting_sys\system\Database\BaseBuilder.php(1778): CodeIgniter\Database\BaseConnection->query('INSERT INTO `ma...', NULL, false)
#4 C:\xampp\htdocs\Emeeting_sys\system\Model.php(336): CodeIgniter\Database\BaseBuilder->insertBatch(Array, NULL, 100)
#5 C:\xampp\htdocs\Emeeting_sys\system\BaseModel.php(836): CodeIgniter\Model->doInsertBatch(Array, NULL, 100, false)
#6 C:\xampp\htdocs\Emeeting_sys\app\Controllers\Marketing.php(61): CodeIgniter\BaseModel->insertBatch(Array)
#7 C:\xampp\htdocs\Emeeting_sys\system\CodeIgniter.php(925): App\Controllers\Marketing->cal()
#8 C:\xampp\htdocs\Emeeting_sys\system\CodeIgniter.php(480): CodeIgniter\CodeIgniter->runController(Object(App\Controllers\Marketing))
#9 C:\xampp\htdocs\Emeeting_sys\system\CodeIgniter.php(349): CodeIgniter\CodeIgniter->handleRequest(NULL, Object(Config\Cache), false)
#10 C:\xampp\htdocs\Emeeting_sys\public\index.php(67): CodeIgniter\CodeIgniter->run()
#11 C:\xampp\htdocs\Emeeting_sys\system\Commands\Server\rewrite.php(47): require_once('C:\\xampp\\htdocs...')
#12 {main}
ERROR - 2023-01-29 21:32:16 --> mysqli_sql_exception: No database selected in C:\xampp\htdocs\Emeeting_sys\system\Database\MySQLi\Connection.php:292
Stack trace:
#0 C:\xampp\htdocs\Emeeting_sys\system\Database\MySQLi\Connection.php(292): mysqli->query('INSERT INTO `ma...', 0)
#1 C:\xampp\htdocs\Emeeting_sys\system\Database\BaseConnection.php(666): CodeIgniter\Database\MySQLi\Connection->execute('INSERT INTO `ma...')
#2 C:\xampp\htdocs\Emeeting_sys\system\Database\BaseConnection.php(593): CodeIgniter\Database\BaseConnection->simpleQuery('INSERT INTO `ma...')
#3 C:\xampp\htdocs\Emeeting_sys\system\Database\BaseBuilder.php(1778): CodeIgniter\Database\BaseConnection->query('INSERT INTO `ma...', NULL, false)
#4 C:\xampp\htdocs\Emeeting_sys\system\Model.php(336): CodeIgniter\Database\BaseBuilder->insertBatch(Array, NULL, 100)
#5 C:\xampp\htdocs\Emeeting_sys\system\BaseModel.php(836): CodeIgniter\Model->doInsertBatch(Array, NULL, 100, false)
#6 C:\xampp\htdocs\Emeeting_sys\app\Controllers\Marketing.php(61): CodeIgniter\BaseModel->insertBatch(Array)
#7 C:\xampp\htdocs\Emeeting_sys\system\CodeIgniter.php(925): App\Controllers\Marketing->cal()
#8 C:\xampp\htdocs\Emeeting_sys\system\CodeIgniter.php(480): CodeIgniter\CodeIgniter->runController(Object(App\Controllers\Marketing))
#9 C:\xampp\htdocs\Emeeting_sys\system\CodeIgniter.php(349): CodeIgniter\CodeIgniter->handleRequest(NULL, Object(Config\Cache), false)
#10 C:\xampp\htdocs\Emeeting_sys\public\index.php(67): CodeIgniter\CodeIgniter->run()
#11 C:\xampp\htdocs\Emeeting_sys\system\Commands\Server\rewrite.php(47): require_once('C:\\xampp\\htdocs...')
#12 {main}
ERROR - 2023-01-29 21:33:59 --> mysqli_sql_exception: No database selected in C:\xampp\htdocs\Emeeting_sys\system\Database\MySQLi\Connection.php:292
Stack trace:
#0 C:\xampp\htdocs\Emeeting_sys\system\Database\MySQLi\Connection.php(292): mysqli->query('SELECT sum(sala...', 0)
#1 C:\xampp\htdocs\Emeeting_sys\system\Database\BaseConnection.php(666): CodeIgniter\Database\MySQLi\Connection->execute('SELECT sum(sala...')
#2 C:\xampp\htdocs\Emeeting_sys\system\Database\BaseConnection.php(593): CodeIgniter\Database\BaseConnection->simpleQuery('SELECT sum(sala...')
#3 C:\xampp\htdocs\Emeeting_sys\system\Database\BaseBuilder.php(1585): CodeIgniter\Database\BaseConnection->query('SELECT sum(sala...', Array, false)
#4 C:\xampp\htdocs\Emeeting_sys\system\Model.php(267): CodeIgniter\Database\BaseBuilder->get()
#5 C:\xampp\htdocs\Emeeting_sys\system\BaseModel.php(624): CodeIgniter\Model->doFirst()
#6 C:\xampp\htdocs\Emeeting_sys\app\Controllers\Employ.php(19): CodeIgniter\BaseModel->first()
#7 C:\xampp\htdocs\Emeeting_sys\system\CodeIgniter.php(925): App\Controllers\Employ->total()
#8 C:\xampp\htdocs\Emeeting_sys\system\CodeIgniter.php(480): CodeIgniter\CodeIgniter->runController(Object(App\Controllers\Employ))
#9 C:\xampp\htdocs\Emeeting_sys\system\CodeIgniter.php(349): CodeIgniter\CodeIgniter->handleRequest(NULL, Object(Config\Cache), false)
#10 C:\xampp\htdocs\Emeeting_sys\public\index.php(67): CodeIgniter\CodeIgniter->run()
#11 C:\xampp\htdocs\Emeeting_sys\system\Commands\Server\rewrite.php(47): require_once('C:\\xampp\\htdocs...')
#12 {main}
CRITICAL - 2023-01-29 21:33:59 --> Call to a member function getFirstRow() on bool
in SYSTEMPATH\Model.php on line 267.
 1 SYSTEMPATH\BaseModel.php(624): CodeIgniter\Model->doFirst()
 2 APPPATH\Controllers\Employ.php(19): CodeIgniter\BaseModel->first()
 3 SYSTEMPATH\CodeIgniter.php(925): App\Controllers\Employ->total()
 4 SYSTEMPATH\CodeIgniter.php(480): CodeIgniter\CodeIgniter->runController(Object(App\Controllers\Employ))
 5 SYSTEMPATH\CodeIgniter.php(349): CodeIgniter\CodeIgniter->handleRequest(null, Object(Config\Cache), false)
 6 FCPATH\index.php(67): CodeIgniter\CodeIgniter->run()
 7 SYSTEMPATH\Commands\Server\rewrite.php(47): require_once('FCPATH\\index.php')
ERROR - 2023-01-29 21:34:30 --> mysqli_sql_exception: No database selected in C:\xampp\htdocs\Emeeting_sys\system\Database\MySQLi\Connection.php:292
Stack trace:
#0 C:\xampp\htdocs\Emeeting_sys\system\Database\MySQLi\Connection.php(292): mysqli->query('INSERT INTO `em...', 0)
#1 C:\xampp\htdocs\Emeeting_sys\system\Database\BaseConnection.php(666): CodeIgniter\Database\MySQLi\Connection->execute('INSERT INTO `em...')
#2 C:\xampp\htdocs\Emeeting_sys\system\Database\BaseConnection.php(593): CodeIgniter\Database\BaseConnection->simpleQuery('INSERT INTO `em...')
#3 C:\xampp\htdocs\Emeeting_sys\system\Database\BaseBuilder.php(1778): CodeIgniter\Database\BaseConnection->query('INSERT INTO `em...', NULL, false)
#4 C:\xampp\htdocs\Emeeting_sys\system\Model.php(336): CodeIgniter\Database\BaseBuilder->insertBatch(Array, NULL, 100)
#5 C:\xampp\htdocs\Emeeting_sys\system\BaseModel.php(836): CodeIgniter\Model->doInsertBatch(Array, NULL, 100, false)
#6 C:\xampp\htdocs\Emeeting_sys\app\Controllers\Employ.php(52): CodeIgniter\BaseModel->insertBatch(Array)
#7 C:\xampp\htdocs\Emeeting_sys\system\CodeIgniter.php(925): App\Controllers\Employ->cal()
#8 C:\xampp\htdocs\Emeeting_sys\system\CodeIgniter.php(480): CodeIgniter\CodeIgniter->runController(Object(App\Controllers\Employ))
#9 C:\xampp\htdocs\Emeeting_sys\system\CodeIgniter.php(349): CodeIgniter\CodeIgniter->handleRequest(NULL, Object(Config\Cache), false)
#10 C:\xampp\htdocs\Emeeting_sys\public\index.php(67): CodeIgniter\CodeIgniter->run()
#11 C:\xampp\htdocs\Emeeting_sys\system\Commands\Server\rewrite.php(47): require_once('C:\\xampp\\htdocs...')
#12 {main}
ERROR - 2023-01-29 21:34:30 --> mysqli_sql_exception: No database selected in C:\xampp\htdocs\Emeeting_sys\system\Database\MySQLi\Connection.php:292
Stack trace:
#0 C:\xampp\htdocs\Emeeting_sys\system\Database\MySQLi\Connection.php(292): mysqli->query('SELECT *\nFROM `...', 0)
#1 C:\xampp\htdocs\Emeeting_sys\system\Database\BaseConnection.php(666): CodeIgniter\Database\MySQLi\Connection->execute('SELECT *\nFROM `...')
#2 C:\xampp\htdocs\Emeeting_sys\system\Database\BaseConnection.php(593): CodeIgniter\Database\BaseConnection->simpleQuery('SELECT *\nFROM `...')
#3 C:\xampp\htdocs\Emeeting_sys\system\Database\BaseBuilder.php(1585): CodeIgniter\Database\BaseConnection->query('SELECT *\nFROM `...', Array, false)
#4 C:\xampp\htdocs\Emeeting_sys\system\Model.php(240): CodeIgniter\Database\BaseBuilder->get()
#5 C:\xampp\htdocs\Emeeting_sys\system\BaseModel.php(586): CodeIgniter\Model->doFindAll(0, 0)
#6 C:\xampp\htdocs\Emeeting_sys\app\Controllers\Employ.php(27): CodeIgniter\BaseModel->findAll()
#7 C:\xampp\htdocs\Emeeting_sys\system\CodeIgniter.php(925): App\Controllers\Employ->show()
#8 C:\xampp\htdocs\Emeeting_sys\system\CodeIgniter.php(480): CodeIgniter\CodeIgniter->runController(Object(App\Controllers\Employ))
#9 C:\xampp\htdocs\Emeeting_sys\system\CodeIgniter.php(349): CodeIgniter\CodeIgniter->handleRequest(NULL, Object(Config\Cache), false)
#10 C:\xampp\htdocs\Emeeting_sys\public\index.php(67): CodeIgniter\CodeIgniter->run()
#11 C:\xampp\htdocs\Emeeting_sys\system\Commands\Server\rewrite.php(47): require_once('C:\\xampp\\htdocs...')
#12 {main}
CRITICAL - 2023-01-29 21:34:30 --> Call to a member function getResult() on bool
in SYSTEMPATH\Model.php on line 241.
 1 SYSTEMPATH\BaseModel.php(586): CodeIgniter\Model->doFindAll(0, 0)
 2 APPPATH\Controllers\Employ.php(27): CodeIgniter\BaseModel->findAll()
 3 SYSTEMPATH\CodeIgniter.php(925): App\Controllers\Employ->show()
 4 SYSTEMPATH\CodeIgniter.php(480): CodeIgniter\CodeIgniter->runController(Object(App\Controllers\Employ))
 5 SYSTEMPATH\CodeIgniter.php(349): CodeIgniter\CodeIgniter->handleRequest(null, Object(Config\Cache), false)
 6 FCPATH\index.php(67): CodeIgniter\CodeIgniter->run()
 7 SYSTEMPATH\Commands\Server\rewrite.php(47): require_once('FCPATH\\index.php')
