CRITICAL - 2023-01-23 19:49:09 --> Undefined variable $user_obj
in APPPATH\Controllers\editname.php on line 12.
 1 APPPATH\Controllers\editname.php(12): CodeIgniter\Debug\Exceptions->errorHandler(2, 'Undefined variable $user_obj', 'APPPATH\\Controllers\\editname.php', 12)
 2 SYSTEMPATH\Router\AutoRouter.php(147): include_once('APPPATH\\Controllers\\editname.php')
 3 SYSTEMPATH\Router\Router.php(499): CodeIgniter\Router\AutoRouter->getRoute('editname/9')
 4 SYSTEMPATH\Router\Router.php(205): CodeIgniter\Router\Router->autoRoute('editname/9')
 5 SYSTEMPATH\CodeIgniter.php(800): CodeIgniter\Router\Router->handle('editname/9')
 6 SYSTEMPATH\CodeIgniter.php(428): CodeIgniter\CodeIgniter->tryToRouteIt(Object(CodeIgniter\Router\RouteCollection))
 7 SYSTEMPATH\CodeIgniter.php(349): CodeIgniter\CodeIgniter->handleRequest(null, Object(Config\Cache), false)
 8 FCPATH\index.php(67): CodeIgniter\CodeIgniter->run()
 9 SYSTEMPATH\Commands\Server\rewrite.php(47): require_once('FCPATH\\index.php')
CRITICAL - 2023-01-23 19:49:41 --> Undefined variable $user_obj
in APPPATH\Controllers\editname.php on line 12.
 1 APPPATH\Controllers\editname.php(12): CodeIgniter\Debug\Exceptions->errorHandler(2, 'Undefined variable $user_obj', 'APPPATH\\Controllers\\editname.php', 12)
 2 SYSTEMPATH\Router\AutoRouter.php(147): include_once('APPPATH\\Controllers\\editname.php')
 3 SYSTEMPATH\Router\Router.php(499): CodeIgniter\Router\AutoRouter->getRoute('editname/9')
 4 SYSTEMPATH\Router\Router.php(205): CodeIgniter\Router\Router->autoRoute('editname/9')
 5 SYSTEMPATH\CodeIgniter.php(800): CodeIgniter\Router\Router->handle('editname/9')
 6 SYSTEMPATH\CodeIgniter.php(428): CodeIgniter\CodeIgniter->tryToRouteIt(Object(CodeIgniter\Router\RouteCollection))
 7 SYSTEMPATH\CodeIgniter.php(349): CodeIgniter\CodeIgniter->handleRequest(null, Object(Config\Cache), false)
 8 FCPATH\index.php(67): CodeIgniter\CodeIgniter->run()
 9 SYSTEMPATH\Commands\Server\rewrite.php(47): require_once('FCPATH\\index.php')
CRITICAL - 2023-01-23 19:49:43 --> Undefined variable $user_obj
in APPPATH\Controllers\editname.php on line 12.
 1 APPPATH\Controllers\editname.php(12): CodeIgniter\Debug\Exceptions->errorHandler(2, 'Undefined variable $user_obj', 'APPPATH\\Controllers\\editname.php', 12)
 2 SYSTEMPATH\Router\AutoRouter.php(147): include_once('APPPATH\\Controllers\\editname.php')
 3 SYSTEMPATH\Router\Router.php(499): CodeIgniter\Router\AutoRouter->getRoute('editname/8')
 4 SYSTEMPATH\Router\Router.php(205): CodeIgniter\Router\Router->autoRoute('editname/8')
 5 SYSTEMPATH\CodeIgniter.php(800): CodeIgniter\Router\Router->handle('editname/8')
 6 SYSTEMPATH\CodeIgniter.php(428): CodeIgniter\CodeIgniter->tryToRouteIt(Object(CodeIgniter\Router\RouteCollection))
 7 SYSTEMPATH\CodeIgniter.php(349): CodeIgniter\CodeIgniter->handleRequest(null, Object(Config\Cache), false)
 8 FCPATH\index.php(67): CodeIgniter\CodeIgniter->run()
 9 SYSTEMPATH\Commands\Server\rewrite.php(47): require_once('FCPATH\\index.php')
CRITICAL - 2023-01-23 19:53:50 --> Undefined variable $NamoeModel
in APPPATH\Controllers\NamesCrud.php on line 21.
 1 APPPATH\Controllers\NamesCrud.php(21): CodeIgniter\Debug\Exceptions->errorHandler(2, 'Undefined variable $NamoeModel', 'APPPATH\\Controllers\\NamesCrud.php', 21)
 2 SYSTEMPATH\CodeIgniter.php(925): App\Controllers\NamesCrud->singleUser('8')
 3 SYSTEMPATH\CodeIgniter.php(480): CodeIgniter\CodeIgniter->runController(Object(App\Controllers\NamesCrud))
 4 SYSTEMPATH\CodeIgniter.php(349): CodeIgniter\CodeIgniter->handleRequest(null, Object(Config\Cache), false)
 5 FCPATH\index.php(67): CodeIgniter\CodeIgniter->run()
 6 SYSTEMPATH\Commands\Server\rewrite.php(47): require_once('FCPATH\\index.php')
CRITICAL - 2023-01-23 19:53:57 --> Undefined variable $user_obj
in APPPATH\Controllers\editname.php on line 12.
 1 APPPATH\Controllers\editname.php(12): CodeIgniter\Debug\Exceptions->errorHandler(2, 'Undefined variable $user_obj', 'APPPATH\\Controllers\\editname.php', 12)
 2 SYSTEMPATH\Router\AutoRouter.php(147): include_once('APPPATH\\Controllers\\editname.php')
 3 SYSTEMPATH\Router\Router.php(499): CodeIgniter\Router\AutoRouter->getRoute('editname')
 4 SYSTEMPATH\Router\Router.php(205): CodeIgniter\Router\Router->autoRoute('editname')
 5 SYSTEMPATH\CodeIgniter.php(800): CodeIgniter\Router\Router->handle('editname')
 6 SYSTEMPATH\CodeIgniter.php(428): CodeIgniter\CodeIgniter->tryToRouteIt(Object(CodeIgniter\Router\RouteCollection))
 7 SYSTEMPATH\CodeIgniter.php(349): CodeIgniter\CodeIgniter->handleRequest(null, Object(Config\Cache), false)
 8 FCPATH\index.php(67): CodeIgniter\CodeIgniter->run()
 9 SYSTEMPATH\Commands\Server\rewrite.php(47): require_once('FCPATH\\index.php')
CRITICAL - 2023-01-23 19:57:36 --> Undefined variable $user_obj
in APPPATH\Controllers\editname.php on line 12.
 1 APPPATH\Controllers\editname.php(12): CodeIgniter\Debug\Exceptions->errorHandler(2, 'Undefined variable $user_obj', 'APPPATH\\Controllers\\editname.php', 12)
 2 SYSTEMPATH\Router\AutoRouter.php(147): include_once('APPPATH\\Controllers\\editname.php')
 3 SYSTEMPATH\Router\Router.php(499): CodeIgniter\Router\AutoRouter->getRoute('editname')
 4 SYSTEMPATH\Router\Router.php(205): CodeIgniter\Router\Router->autoRoute('editname')
 5 SYSTEMPATH\CodeIgniter.php(800): CodeIgniter\Router\Router->handle('editname')
 6 SYSTEMPATH\CodeIgniter.php(428): CodeIgniter\CodeIgniter->tryToRouteIt(Object(CodeIgniter\Router\RouteCollection))
 7 SYSTEMPATH\CodeIgniter.php(349): CodeIgniter\CodeIgniter->handleRequest(null, Object(Config\Cache), false)
 8 FCPATH\index.php(67): CodeIgniter\CodeIgniter->run()
 9 SYSTEMPATH\Commands\Server\rewrite.php(47): require_once('FCPATH\\index.php')
CRITICAL - 2023-01-23 19:57:42 --> Undefined variable $NamoeModel
in APPPATH\Controllers\NamesCrud.php on line 21.
 1 APPPATH\Controllers\NamesCrud.php(21): CodeIgniter\Debug\Exceptions->errorHandler(2, 'Undefined variable $NamoeModel', 'APPPATH\\Controllers\\NamesCrud.php', 21)
 2 SYSTEMPATH\CodeIgniter.php(925): App\Controllers\NamesCrud->singleUser('9')
 3 SYSTEMPATH\CodeIgniter.php(480): CodeIgniter\CodeIgniter->runController(Object(App\Controllers\NamesCrud))
 4 SYSTEMPATH\CodeIgniter.php(349): CodeIgniter\CodeIgniter->handleRequest(null, Object(Config\Cache), false)
 5 FCPATH\index.php(67): CodeIgniter\CodeIgniter->run()
 6 SYSTEMPATH\Commands\Server\rewrite.php(47): require_once('FCPATH\\index.php')
CRITICAL - 2023-01-23 19:57:46 --> Undefined variable $NamoeModel
in APPPATH\Controllers\NamesCrud.php on line 21.
 1 APPPATH\Controllers\NamesCrud.php(21): CodeIgniter\Debug\Exceptions->errorHandler(2, 'Undefined variable $NamoeModel', 'APPPATH\\Controllers\\NamesCrud.php', 21)
 2 SYSTEMPATH\CodeIgniter.php(925): App\Controllers\NamesCrud->singleUser('8')
 3 SYSTEMPATH\CodeIgniter.php(480): CodeIgniter\CodeIgniter->runController(Object(App\Controllers\NamesCrud))
 4 SYSTEMPATH\CodeIgniter.php(349): CodeIgniter\CodeIgniter->handleRequest(null, Object(Config\Cache), false)
 5 FCPATH\index.php(67): CodeIgniter\CodeIgniter->run()
 6 SYSTEMPATH\Commands\Server\rewrite.php(47): require_once('FCPATH\\index.php')
CRITICAL - 2023-01-23 19:58:08 --> Undefined variable $user_obj
in APPPATH\Controllers\editname.php on line 12.
 1 APPPATH\Controllers\editname.php(12): CodeIgniter\Debug\Exceptions->errorHandler(2, 'Undefined variable $user_obj', 'APPPATH\\Controllers\\editname.php', 12)
 2 SYSTEMPATH\Router\AutoRouter.php(147): include_once('APPPATH\\Controllers\\editname.php')
 3 SYSTEMPATH\Router\Router.php(499): CodeIgniter\Router\AutoRouter->getRoute('editname/8')
 4 SYSTEMPATH\Router\Router.php(205): CodeIgniter\Router\Router->autoRoute('editname/8')
 5 SYSTEMPATH\CodeIgniter.php(800): CodeIgniter\Router\Router->handle('editname/8')
 6 SYSTEMPATH\CodeIgniter.php(428): CodeIgniter\CodeIgniter->tryToRouteIt(Object(CodeIgniter\Router\RouteCollection))
 7 SYSTEMPATH\CodeIgniter.php(349): CodeIgniter\CodeIgniter->handleRequest(null, Object(Config\Cache), false)
 8 FCPATH\index.php(67): CodeIgniter\CodeIgniter->run()
 9 SYSTEMPATH\Commands\Server\rewrite.php(47): require_once('FCPATH\\index.php')
CRITICAL - 2023-01-23 19:58:36 --> Undefined variable $user_obj
in APPPATH\Controllers\editname.php on line 12.
 1 APPPATH\Controllers\editname.php(12): CodeIgniter\Debug\Exceptions->errorHandler(2, 'Undefined variable $user_obj', 'APPPATH\\Controllers\\editname.php', 12)
 2 SYSTEMPATH\Router\AutoRouter.php(147): include_once('APPPATH\\Controllers\\editname.php')
 3 SYSTEMPATH\Router\Router.php(499): CodeIgniter\Router\AutoRouter->getRoute('editname/8')
 4 SYSTEMPATH\Router\Router.php(205): CodeIgniter\Router\Router->autoRoute('editname/8')
 5 SYSTEMPATH\CodeIgniter.php(800): CodeIgniter\Router\Router->handle('editname/8')
 6 SYSTEMPATH\CodeIgniter.php(428): CodeIgniter\CodeIgniter->tryToRouteIt(Object(CodeIgniter\Router\RouteCollection))
 7 SYSTEMPATH\CodeIgniter.php(349): CodeIgniter\CodeIgniter->handleRequest(null, Object(Config\Cache), false)
 8 FCPATH\index.php(67): CodeIgniter\CodeIgniter->run()
 9 SYSTEMPATH\Commands\Server\rewrite.php(47): require_once('FCPATH\\index.php')
CRITICAL - 2023-01-23 19:58:39 --> Undefined variable $user_obj
in APPPATH\Controllers\editname.php on line 12.
 1 APPPATH\Controllers\editname.php(12): CodeIgniter\Debug\Exceptions->errorHandler(2, 'Undefined variable $user_obj', 'APPPATH\\Controllers\\editname.php', 12)
 2 SYSTEMPATH\Router\AutoRouter.php(147): include_once('APPPATH\\Controllers\\editname.php')
 3 SYSTEMPATH\Router\Router.php(499): CodeIgniter\Router\AutoRouter->getRoute('editname/9')
 4 SYSTEMPATH\Router\Router.php(205): CodeIgniter\Router\Router->autoRoute('editname/9')
 5 SYSTEMPATH\CodeIgniter.php(800): CodeIgniter\Router\Router->handle('editname/9')
 6 SYSTEMPATH\CodeIgniter.php(428): CodeIgniter\CodeIgniter->tryToRouteIt(Object(CodeIgniter\Router\RouteCollection))
 7 SYSTEMPATH\CodeIgniter.php(349): CodeIgniter\CodeIgniter->handleRequest(null, Object(Config\Cache), false)
 8 FCPATH\index.php(67): CodeIgniter\CodeIgniter->run()
 9 SYSTEMPATH\Commands\Server\rewrite.php(47): require_once('FCPATH\\index.php')
CRITICAL - 2023-01-23 19:59:05 --> Undefined variable $user_obj
in APPPATH\Controllers\editname.php on line 12.
 1 APPPATH\Controllers\editname.php(12): CodeIgniter\Debug\Exceptions->errorHandler(2, 'Undefined variable $user_obj', 'APPPATH\\Controllers\\editname.php', 12)
 2 SYSTEMPATH\Router\AutoRouter.php(147): include_once('APPPATH\\Controllers\\editname.php')
 3 SYSTEMPATH\Router\Router.php(499): CodeIgniter\Router\AutoRouter->getRoute('editname/9')
 4 SYSTEMPATH\Router\Router.php(205): CodeIgniter\Router\Router->autoRoute('editname/9')
 5 SYSTEMPATH\CodeIgniter.php(800): CodeIgniter\Router\Router->handle('editname/9')
 6 SYSTEMPATH\CodeIgniter.php(428): CodeIgniter\CodeIgniter->tryToRouteIt(Object(CodeIgniter\Router\RouteCollection))
 7 SYSTEMPATH\CodeIgniter.php(349): CodeIgniter\CodeIgniter->handleRequest(null, Object(Config\Cache), false)
 8 FCPATH\index.php(67): CodeIgniter\CodeIgniter->run()
 9 SYSTEMPATH\Commands\Server\rewrite.php(47): require_once('FCPATH\\index.php')
CRITICAL - 2023-01-23 20:03:40 --> Undefined variable $user_obj
in APPPATH\Controllers\editname.php on line 13.
 1 APPPATH\Controllers\editname.php(13): CodeIgniter\Debug\Exceptions->errorHandler(2, 'Undefined variable $user_obj', 'APPPATH\\Controllers\\editname.php', 13)
 2 SYSTEMPATH\Router\AutoRouter.php(147): include_once('APPPATH\\Controllers\\editname.php')
 3 SYSTEMPATH\Router\Router.php(499): CodeIgniter\Router\AutoRouter->getRoute('editname/9')
 4 SYSTEMPATH\Router\Router.php(205): CodeIgniter\Router\Router->autoRoute('editname/9')
 5 SYSTEMPATH\CodeIgniter.php(800): CodeIgniter\Router\Router->handle('editname/9')
 6 SYSTEMPATH\CodeIgniter.php(428): CodeIgniter\CodeIgniter->tryToRouteIt(Object(CodeIgniter\Router\RouteCollection))
 7 SYSTEMPATH\CodeIgniter.php(349): CodeIgniter\CodeIgniter->handleRequest(null, Object(Config\Cache), false)
 8 FCPATH\index.php(67): CodeIgniter\CodeIgniter->run()
 9 SYSTEMPATH\Commands\Server\rewrite.php(47): require_once('FCPATH\\index.php')
CRITICAL - 2023-01-23 20:08:09 --> Undefined variable $NamoeModel
in APPPATH\Controllers\NamesCrud.php on line 21.
 1 APPPATH\Controllers\NamesCrud.php(21): CodeIgniter\Debug\Exceptions->errorHandler(2, 'Undefined variable $NamoeModel', 'APPPATH\\Controllers\\NamesCrud.php', 21)
 2 SYSTEMPATH\CodeIgniter.php(925): App\Controllers\NamesCrud->singleUser('9')
 3 SYSTEMPATH\CodeIgniter.php(480): CodeIgniter\CodeIgniter->runController(Object(App\Controllers\NamesCrud))
 4 SYSTEMPATH\CodeIgniter.php(349): CodeIgniter\CodeIgniter->handleRequest(null, Object(Config\Cache), false)
 5 FCPATH\index.php(67): CodeIgniter\CodeIgniter->run()
 6 SYSTEMPATH\Commands\Server\rewrite.php(47): require_once('FCPATH\\index.php')
CRITICAL - 2023-01-23 20:14:27 --> Undefined variable $NamoeModel
in APPPATH\Controllers\NamesCrud.php on line 21.
 1 APPPATH\Controllers\NamesCrud.php(21): CodeIgniter\Debug\Exceptions->errorHandler(2, 'Undefined variable $NamoeModel', 'APPPATH\\Controllers\\NamesCrud.php', 21)
 2 SYSTEMPATH\CodeIgniter.php(925): App\Controllers\NamesCrud->singleUser('9')
 3 SYSTEMPATH\CodeIgniter.php(480): CodeIgniter\CodeIgniter->runController(Object(App\Controllers\NamesCrud))
 4 SYSTEMPATH\CodeIgniter.php(349): CodeIgniter\CodeIgniter->handleRequest(null, Object(Config\Cache), false)
 5 FCPATH\index.php(67): CodeIgniter\CodeIgniter->run()
 6 SYSTEMPATH\Commands\Server\rewrite.php(47): require_once('FCPATH\\index.php')
CRITICAL - 2023-01-23 20:14:30 --> Undefined variable $NamoeModel
in APPPATH\Controllers\NamesCrud.php on line 21.
 1 APPPATH\Controllers\NamesCrud.php(21): CodeIgniter\Debug\Exceptions->errorHandler(2, 'Undefined variable $NamoeModel', 'APPPATH\\Controllers\\NamesCrud.php', 21)
 2 SYSTEMPATH\CodeIgniter.php(925): App\Controllers\NamesCrud->singleUser('7')
 3 SYSTEMPATH\CodeIgniter.php(480): CodeIgniter\CodeIgniter->runController(Object(App\Controllers\NamesCrud))
 4 SYSTEMPATH\CodeIgniter.php(349): CodeIgniter\CodeIgniter->handleRequest(null, Object(Config\Cache), false)
 5 FCPATH\index.php(67): CodeIgniter\CodeIgniter->run()
 6 SYSTEMPATH\Commands\Server\rewrite.php(47): require_once('FCPATH\\index.php')
CRITICAL - 2023-01-23 20:14:47 --> Undefined variable $NamoeModel
in APPPATH\Controllers\NamesCrud.php on line 21.
 1 APPPATH\Controllers\NamesCrud.php(21): CodeIgniter\Debug\Exceptions->errorHandler(2, 'Undefined variable $NamoeModel', 'APPPATH\\Controllers\\NamesCrud.php', 21)
 2 SYSTEMPATH\CodeIgniter.php(925): App\Controllers\NamesCrud->singleUser('9')
 3 SYSTEMPATH\CodeIgniter.php(480): CodeIgniter\CodeIgniter->runController(Object(App\Controllers\NamesCrud))
 4 SYSTEMPATH\CodeIgniter.php(349): CodeIgniter\CodeIgniter->handleRequest(null, Object(Config\Cache), false)
 5 FCPATH\index.php(67): CodeIgniter\CodeIgniter->run()
 6 SYSTEMPATH\Commands\Server\rewrite.php(47): require_once('FCPATH\\index.php')
CRITICAL - 2023-01-23 20:18:35 --> Undefined variable $NamoeModel
in APPPATH\Controllers\NamesCrud.php on line 21.
 1 APPPATH\Controllers\NamesCrud.php(21): CodeIgniter\Debug\Exceptions->errorHandler(2, 'Undefined variable $NamoeModel', 'APPPATH\\Controllers\\NamesCrud.php', 21)
 2 SYSTEMPATH\CodeIgniter.php(925): App\Controllers\NamesCrud->singleUser('9')
 3 SYSTEMPATH\CodeIgniter.php(480): CodeIgniter\CodeIgniter->runController(Object(App\Controllers\NamesCrud))
 4 SYSTEMPATH\CodeIgniter.php(349): CodeIgniter\CodeIgniter->handleRequest(null, Object(Config\Cache), false)
 5 FCPATH\index.php(67): CodeIgniter\CodeIgniter->run()
 6 SYSTEMPATH\Commands\Server\rewrite.php(47): require_once('FCPATH\\index.php')
CRITICAL - 2023-01-23 20:21:09 --> Undefined variable $NamoeModel
in APPPATH\Controllers\NamesCrud.php on line 21.
 1 APPPATH\Controllers\NamesCrud.php(21): CodeIgniter\Debug\Exceptions->errorHandler(2, 'Undefined variable $NamoeModel', 'APPPATH\\Controllers\\NamesCrud.php', 21)
 2 SYSTEMPATH\CodeIgniter.php(925): App\Controllers\NamesCrud->singleUser('9')
 3 SYSTEMPATH\CodeIgniter.php(480): CodeIgniter\CodeIgniter->runController(Object(App\Controllers\NamesCrud))
 4 SYSTEMPATH\CodeIgniter.php(349): CodeIgniter\CodeIgniter->handleRequest(null, Object(Config\Cache), false)
 5 FCPATH\index.php(67): CodeIgniter\CodeIgniter->run()
 6 SYSTEMPATH\Commands\Server\rewrite.php(47): require_once('FCPATH\\index.php')
CRITICAL - 2023-01-23 20:21:12 --> Undefined variable $NamoeModel
in APPPATH\Controllers\NamesCrud.php on line 21.
 1 APPPATH\Controllers\NamesCrud.php(21): CodeIgniter\Debug\Exceptions->errorHandler(2, 'Undefined variable $NamoeModel', 'APPPATH\\Controllers\\NamesCrud.php', 21)
 2 SYSTEMPATH\CodeIgniter.php(925): App\Controllers\NamesCrud->singleUser()
 3 SYSTEMPATH\CodeIgniter.php(480): CodeIgniter\CodeIgniter->runController(Object(App\Controllers\NamesCrud))
 4 SYSTEMPATH\CodeIgniter.php(349): CodeIgniter\CodeIgniter->handleRequest(null, Object(Config\Cache), false)
 5 FCPATH\index.php(67): CodeIgniter\CodeIgniter->run()
 6 SYSTEMPATH\Commands\Server\rewrite.php(47): require_once('FCPATH\\index.php')
CRITICAL - 2023-01-23 20:21:20 --> Undefined variable $NamoeModel
in APPPATH\Controllers\NamesCrud.php on line 21.
 1 APPPATH\Controllers\NamesCrud.php(21): CodeIgniter\Debug\Exceptions->errorHandler(2, 'Undefined variable $NamoeModel', 'APPPATH\\Controllers\\NamesCrud.php', 21)
 2 SYSTEMPATH\CodeIgniter.php(925): App\Controllers\NamesCrud->singleUser()
 3 SYSTEMPATH\CodeIgniter.php(480): CodeIgniter\CodeIgniter->runController(Object(App\Controllers\NamesCrud))
 4 SYSTEMPATH\CodeIgniter.php(349): CodeIgniter\CodeIgniter->handleRequest(null, Object(Config\Cache), false)
 5 FCPATH\index.php(67): CodeIgniter\CodeIgniter->run()
 6 SYSTEMPATH\Commands\Server\rewrite.php(47): require_once('FCPATH\\index.php')
CRITICAL - 2023-01-23 20:21:26 --> Undefined variable $NamoeModel
in APPPATH\Controllers\NamesCrud.php on line 21.
 1 APPPATH\Controllers\NamesCrud.php(21): CodeIgniter\Debug\Exceptions->errorHandler(2, 'Undefined variable $NamoeModel', 'APPPATH\\Controllers\\NamesCrud.php', 21)
 2 SYSTEMPATH\CodeIgniter.php(925): App\Controllers\NamesCrud->singleUser('9')
 3 SYSTEMPATH\CodeIgniter.php(480): CodeIgniter\CodeIgniter->runController(Object(App\Controllers\NamesCrud))
 4 SYSTEMPATH\CodeIgniter.php(349): CodeIgniter\CodeIgniter->handleRequest(null, Object(Config\Cache), false)
 5 FCPATH\index.php(67): CodeIgniter\CodeIgniter->run()
 6 SYSTEMPATH\Commands\Server\rewrite.php(47): require_once('FCPATH\\index.php')
CRITICAL - 2023-01-23 20:31:41 --> Undefined variable $NamoeModel
in APPPATH\Controllers\NamesCrud.php on line 21.
 1 APPPATH\Controllers\NamesCrud.php(21): CodeIgniter\Debug\Exceptions->errorHandler(2, 'Undefined variable $NamoeModel', 'APPPATH\\Controllers\\NamesCrud.php', 21)
 2 SYSTEMPATH\CodeIgniter.php(925): App\Controllers\NamesCrud->singleUser('9')
 3 SYSTEMPATH\CodeIgniter.php(480): CodeIgniter\CodeIgniter->runController(Object(App\Controllers\NamesCrud))
 4 SYSTEMPATH\CodeIgniter.php(349): CodeIgniter\CodeIgniter->handleRequest(null, Object(Config\Cache), false)
 5 FCPATH\index.php(67): CodeIgniter\CodeIgniter->run()
 6 SYSTEMPATH\Commands\Server\rewrite.php(47): require_once('FCPATH\\index.php')
CRITICAL - 2023-01-23 20:32:24 --> Undefined variable $NamoeModel
in APPPATH\Controllers\NamesCrud.php on line 21.
 1 APPPATH\Controllers\NamesCrud.php(21): CodeIgniter\Debug\Exceptions->errorHandler(2, 'Undefined variable $NamoeModel', 'APPPATH\\Controllers\\NamesCrud.php', 21)
 2 SYSTEMPATH\CodeIgniter.php(925): App\Controllers\NamesCrud->singleUser()
 3 SYSTEMPATH\CodeIgniter.php(480): CodeIgniter\CodeIgniter->runController(Object(App\Controllers\NamesCrud))
 4 SYSTEMPATH\CodeIgniter.php(349): CodeIgniter\CodeIgniter->handleRequest(null, Object(Config\Cache), false)
 5 FCPATH\index.php(67): CodeIgniter\CodeIgniter->run()
 6 SYSTEMPATH\Commands\Server\rewrite.php(47): require_once('FCPATH\\index.php')
CRITICAL - 2023-01-23 20:33:25 --> Undefined variable $NamoeModel
in APPPATH\Controllers\NamesCrud.php on line 21.
 1 APPPATH\Controllers\NamesCrud.php(21): CodeIgniter\Debug\Exceptions->errorHandler(2, 'Undefined variable $NamoeModel', 'APPPATH\\Controllers\\NamesCrud.php', 21)
 2 SYSTEMPATH\CodeIgniter.php(925): App\Controllers\NamesCrud->singleUser()
 3 SYSTEMPATH\CodeIgniter.php(480): CodeIgniter\CodeIgniter->runController(Object(App\Controllers\NamesCrud))
 4 SYSTEMPATH\CodeIgniter.php(349): CodeIgniter\CodeIgniter->handleRequest(null, Object(Config\Cache), false)
 5 FCPATH\index.php(67): CodeIgniter\CodeIgniter->run()
 6 SYSTEMPATH\Commands\Server\rewrite.php(47): require_once('FCPATH\\index.php')
CRITICAL - 2023-01-23 20:34:05 --> Undefined variable $NamoeModel
in APPPATH\Controllers\NamesCrud.php on line 21.
 1 APPPATH\Controllers\NamesCrud.php(21): CodeIgniter\Debug\Exceptions->errorHandler(2, 'Undefined variable $NamoeModel', 'APPPATH\\Controllers\\NamesCrud.php', 21)
 2 SYSTEMPATH\CodeIgniter.php(925): App\Controllers\NamesCrud->singleUser('9')
 3 SYSTEMPATH\CodeIgniter.php(480): CodeIgniter\CodeIgniter->runController(Object(App\Controllers\NamesCrud))
 4 SYSTEMPATH\CodeIgniter.php(349): CodeIgniter\CodeIgniter->handleRequest(null, Object(Config\Cache), false)
 5 FCPATH\index.php(67): CodeIgniter\CodeIgniter->run()
 6 SYSTEMPATH\Commands\Server\rewrite.php(47): require_once('FCPATH\\index.php')
CRITICAL - 2023-01-23 22:01:45 --> Undefined variable $NamoeModel
in APPPATH\Controllers\NamesCrud.php on line 22.
 1 APPPATH\Controllers\NamesCrud.php(22): CodeIgniter\Debug\Exceptions->errorHandler(2, 'Undefined variable $NamoeModel', 'APPPATH\\Controllers\\NamesCrud.php', 22)
 2 SYSTEMPATH\CodeIgniter.php(925): App\Controllers\NamesCrud->singleUser('9')
 3 SYSTEMPATH\CodeIgniter.php(480): CodeIgniter\CodeIgniter->runController(Object(App\Controllers\NamesCrud))
 4 SYSTEMPATH\CodeIgniter.php(349): CodeIgniter\CodeIgniter->handleRequest(null, Object(Config\Cache), false)
 5 FCPATH\index.php(67): CodeIgniter\CodeIgniter->run()
 6 SYSTEMPATH\Commands\Server\rewrite.php(47): require_once('FCPATH\\index.php')
CRITICAL - 2023-01-23 22:02:45 --> Undefined variable $NamoeModel
in APPPATH\Controllers\NamesCrud.php on line 22.
 1 APPPATH\Controllers\NamesCrud.php(22): CodeIgniter\Debug\Exceptions->errorHandler(2, 'Undefined variable $NamoeModel', 'APPPATH\\Controllers\\NamesCrud.php', 22)
 2 SYSTEMPATH\CodeIgniter.php(925): App\Controllers\NamesCrud->singleUser('9')
 3 SYSTEMPATH\CodeIgniter.php(480): CodeIgniter\CodeIgniter->runController(Object(App\Controllers\NamesCrud))
 4 SYSTEMPATH\CodeIgniter.php(349): CodeIgniter\CodeIgniter->handleRequest(null, Object(Config\Cache), false)
 5 FCPATH\index.php(67): CodeIgniter\CodeIgniter->run()
 6 SYSTEMPATH\Commands\Server\rewrite.php(47): require_once('FCPATH\\index.php')
CRITICAL - 2023-01-23 22:02:49 --> Undefined variable $NamoeModel
in APPPATH\Controllers\NamesCrud.php on line 22.
 1 APPPATH\Controllers\NamesCrud.php(22): CodeIgniter\Debug\Exceptions->errorHandler(2, 'Undefined variable $NamoeModel', 'APPPATH\\Controllers\\NamesCrud.php', 22)
 2 SYSTEMPATH\CodeIgniter.php(925): App\Controllers\NamesCrud->singleUser('8')
 3 SYSTEMPATH\CodeIgniter.php(480): CodeIgniter\CodeIgniter->runController(Object(App\Controllers\NamesCrud))
 4 SYSTEMPATH\CodeIgniter.php(349): CodeIgniter\CodeIgniter->handleRequest(null, Object(Config\Cache), false)
 5 FCPATH\index.php(67): CodeIgniter\CodeIgniter->run()
 6 SYSTEMPATH\Commands\Server\rewrite.php(47): require_once('FCPATH\\index.php')
CRITICAL - 2023-01-23 22:03:39 --> Undefined variable $NamoeModel
in APPPATH\Controllers\NamesCrud.php on line 22.
 1 APPPATH\Controllers\NamesCrud.php(22): CodeIgniter\Debug\Exceptions->errorHandler(2, 'Undefined variable $NamoeModel', 'APPPATH\\Controllers\\NamesCrud.php', 22)
 2 SYSTEMPATH\CodeIgniter.php(925): App\Controllers\NamesCrud->singleUser('8')
 3 SYSTEMPATH\CodeIgniter.php(480): CodeIgniter\CodeIgniter->runController(Object(App\Controllers\NamesCrud))
 4 SYSTEMPATH\CodeIgniter.php(349): CodeIgniter\CodeIgniter->handleRequest(null, Object(Config\Cache), false)
 5 FCPATH\index.php(67): CodeIgniter\CodeIgniter->run()
 6 SYSTEMPATH\Commands\Server\rewrite.php(47): require_once('FCPATH\\index.php')
CRITICAL - 2023-01-23 22:03:42 --> Undefined variable $NamoeModel
in APPPATH\Controllers\NamesCrud.php on line 22.
 1 APPPATH\Controllers\NamesCrud.php(22): CodeIgniter\Debug\Exceptions->errorHandler(2, 'Undefined variable $NamoeModel', 'APPPATH\\Controllers\\NamesCrud.php', 22)
 2 SYSTEMPATH\CodeIgniter.php(925): App\Controllers\NamesCrud->singleUser('9')
 3 SYSTEMPATH\CodeIgniter.php(480): CodeIgniter\CodeIgniter->runController(Object(App\Controllers\NamesCrud))
 4 SYSTEMPATH\CodeIgniter.php(349): CodeIgniter\CodeIgniter->handleRequest(null, Object(Config\Cache), false)
 5 FCPATH\index.php(67): CodeIgniter\CodeIgniter->run()
 6 SYSTEMPATH\Commands\Server\rewrite.php(47): require_once('FCPATH\\index.php')
CRITICAL - 2023-01-23 22:04:01 --> Undefined variable $NamoeModel
in APPPATH\Controllers\NamesCrud.php on line 22.
 1 APPPATH\Controllers\NamesCrud.php(22): CodeIgniter\Debug\Exceptions->errorHandler(2, 'Undefined variable $NamoeModel', 'APPPATH\\Controllers\\NamesCrud.php', 22)
 2 SYSTEMPATH\CodeIgniter.php(925): App\Controllers\NamesCrud->singleUser('9')
 3 SYSTEMPATH\CodeIgniter.php(480): CodeIgniter\CodeIgniter->runController(Object(App\Controllers\NamesCrud))
 4 SYSTEMPATH\CodeIgniter.php(349): CodeIgniter\CodeIgniter->handleRequest(null, Object(Config\Cache), false)
 5 FCPATH\index.php(67): CodeIgniter\CodeIgniter->run()
 6 SYSTEMPATH\Commands\Server\rewrite.php(47): require_once('FCPATH\\index.php')
CRITICAL - 2023-01-23 22:04:18 --> Undefined variable $NamoeModel
in APPPATH\Controllers\NamesCrud.php on line 22.
 1 APPPATH\Controllers\NamesCrud.php(22): CodeIgniter\Debug\Exceptions->errorHandler(2, 'Undefined variable $NamoeModel', 'APPPATH\\Controllers\\NamesCrud.php', 22)
 2 SYSTEMPATH\CodeIgniter.php(925): App\Controllers\NamesCrud->singleUser('9')
 3 SYSTEMPATH\CodeIgniter.php(480): CodeIgniter\CodeIgniter->runController(Object(App\Controllers\NamesCrud))
 4 SYSTEMPATH\CodeIgniter.php(349): CodeIgniter\CodeIgniter->handleRequest(null, Object(Config\Cache), false)
 5 FCPATH\index.php(67): CodeIgniter\CodeIgniter->run()
 6 SYSTEMPATH\Commands\Server\rewrite.php(47): require_once('FCPATH\\index.php')
CRITICAL - 2023-01-23 22:04:20 --> Undefined variable $NamoeModel
in APPPATH\Controllers\NamesCrud.php on line 22.
 1 APPPATH\Controllers\NamesCrud.php(22): CodeIgniter\Debug\Exceptions->errorHandler(2, 'Undefined variable $NamoeModel', 'APPPATH\\Controllers\\NamesCrud.php', 22)
 2 SYSTEMPATH\CodeIgniter.php(925): App\Controllers\NamesCrud->singleUser('9')
 3 SYSTEMPATH\CodeIgniter.php(480): CodeIgniter\CodeIgniter->runController(Object(App\Controllers\NamesCrud))
 4 SYSTEMPATH\CodeIgniter.php(349): CodeIgniter\CodeIgniter->handleRequest(null, Object(Config\Cache), false)
 5 FCPATH\index.php(67): CodeIgniter\CodeIgniter->run()
 6 SYSTEMPATH\Commands\Server\rewrite.php(47): require_once('FCPATH\\index.php')
CRITICAL - 2023-01-23 22:05:32 --> Undefined variable $NamoeModel
in APPPATH\Controllers\NamesCrud.php on line 22.
 1 APPPATH\Controllers\NamesCrud.php(22): CodeIgniter\Debug\Exceptions->errorHandler(2, 'Undefined variable $NamoeModel', 'APPPATH\\Controllers\\NamesCrud.php', 22)
 2 SYSTEMPATH\CodeIgniter.php(925): App\Controllers\NamesCrud->singleUser('9')
 3 SYSTEMPATH\CodeIgniter.php(480): CodeIgniter\CodeIgniter->runController(Object(App\Controllers\NamesCrud))
 4 SYSTEMPATH\CodeIgniter.php(349): CodeIgniter\CodeIgniter->handleRequest(null, Object(Config\Cache), false)
 5 FCPATH\index.php(67): CodeIgniter\CodeIgniter->run()
 6 SYSTEMPATH\Commands\Server\rewrite.php(47): require_once('FCPATH\\index.php')
