CRITICAL - 2023-02-02 00:16:35 --> Call to a member function update() on array
in APPPATH\Controllers\Employ.php on line 98.
 1 SYSTEMPATH\CodeIgniter.php(925): App\Controllers\Employ->updatesalary()
 2 SYSTEMPATH\CodeIgniter.php(480): CodeIgniter\CodeIgniter->runController(Object(App\Controllers\Employ))
 3 SYSTEMPATH\CodeIgniter.php(349): CodeIgniter\CodeIgniter->handleRequest(null, Object(Config\Cache), false)
 4 FCPATH\index.php(67): CodeIgniter\CodeIgniter->run()
 5 SYSTEMPATH\Commands\Server\rewrite.php(47): require_once('FCPATH\\index.php')
CRITICAL - 2023-02-02 00:16:39 --> Call to a member function update() on array
in APPPATH\Controllers\Employ.php on line 98.
 1 SYSTEMPATH\CodeIgniter.php(925): App\Controllers\Employ->updatesalary()
 2 SYSTEMPATH\CodeIgniter.php(480): CodeIgniter\CodeIgniter->runController(Object(App\Controllers\Employ))
 3 SYSTEMPATH\CodeIgniter.php(349): CodeIgniter\CodeIgniter->handleRequest(null, Object(Config\Cache), false)
 4 FCPATH\index.php(67): CodeIgniter\CodeIgniter->run()
 5 SYSTEMPATH\Commands\Server\rewrite.php(47): require_once('FCPATH\\index.php')
CRITICAL - 2023-02-02 00:17:42 --> There is no data to update.
in SYSTEMPATH\BaseModel.php on line 1600.
 1 SYSTEMPATH\BaseModel.php(1600): CodeIgniter\Database\Exceptions\DataException::forEmptyDataset('update')
 2 SYSTEMPATH\BaseModel.php(854): CodeIgniter\BaseModel->transformDataToArray(null, 'update')
 3 SYSTEMPATH\Model.php(721): CodeIgniter\BaseModel->update([...], null)
 4 APPPATH\Controllers\Employ.php(97): CodeIgniter\Model->update([...])
 5 SYSTEMPATH\CodeIgniter.php(925): App\Controllers\Employ->updatesalary()
 6 SYSTEMPATH\CodeIgniter.php(480): CodeIgniter\CodeIgniter->runController(Object(App\Controllers\Employ))
 7 SYSTEMPATH\CodeIgniter.php(349): CodeIgniter\CodeIgniter->handleRequest(null, Object(Config\Cache), false)
 8 FCPATH\index.php(67): CodeIgniter\CodeIgniter->run()
 9 SYSTEMPATH\Commands\Server\rewrite.php(47): require_once('FCPATH\\index.php')
CRITICAL - 2023-02-02 00:18:03 --> There is no data to update.
in SYSTEMPATH\BaseModel.php on line 1600.
 1 SYSTEMPATH\BaseModel.php(1600): CodeIgniter\Database\Exceptions\DataException::forEmptyDataset('update')
 2 SYSTEMPATH\BaseModel.php(854): CodeIgniter\BaseModel->transformDataToArray(null, 'update')
 3 SYSTEMPATH\Model.php(721): CodeIgniter\BaseModel->update([...], null)
 4 APPPATH\Controllers\Employ.php(97): CodeIgniter\Model->update([...])
 5 SYSTEMPATH\CodeIgniter.php(925): App\Controllers\Employ->updatesalary()
 6 SYSTEMPATH\CodeIgniter.php(480): CodeIgniter\CodeIgniter->runController(Object(App\Controllers\Employ))
 7 SYSTEMPATH\CodeIgniter.php(349): CodeIgniter\CodeIgniter->handleRequest(null, Object(Config\Cache), false)
 8 FCPATH\index.php(67): CodeIgniter\CodeIgniter->run()
 9 SYSTEMPATH\Commands\Server\rewrite.php(47): require_once('FCPATH\\index.php')
CRITICAL - 2023-02-02 00:18:31 --> There is no data to update.
in SYSTEMPATH\BaseModel.php on line 1600.
 1 SYSTEMPATH\BaseModel.php(1600): CodeIgniter\Database\Exceptions\DataException::forEmptyDataset('update')
 2 SYSTEMPATH\BaseModel.php(854): CodeIgniter\BaseModel->transformDataToArray(null, 'update')
 3 SYSTEMPATH\Model.php(721): CodeIgniter\BaseModel->update([...], null)
 4 APPPATH\Controllers\Employ.php(97): CodeIgniter\Model->update([...])
 5 SYSTEMPATH\CodeIgniter.php(925): App\Controllers\Employ->updatesalary()
 6 SYSTEMPATH\CodeIgniter.php(480): CodeIgniter\CodeIgniter->runController(Object(App\Controllers\Employ))
 7 SYSTEMPATH\CodeIgniter.php(349): CodeIgniter\CodeIgniter->handleRequest(null, Object(Config\Cache), false)
 8 FCPATH\index.php(67): CodeIgniter\CodeIgniter->run()
 9 SYSTEMPATH\Commands\Server\rewrite.php(47): require_once('FCPATH\\index.php')
CRITICAL - 2023-02-02 00:20:51 --> There is no data to update.
in SYSTEMPATH\BaseModel.php on line 1600.
 1 SYSTEMPATH\BaseModel.php(1600): CodeIgniter\Database\Exceptions\DataException::forEmptyDataset('update')
 2 SYSTEMPATH\BaseModel.php(854): CodeIgniter\BaseModel->transformDataToArray(null, 'update')
 3 SYSTEMPATH\Model.php(721): CodeIgniter\BaseModel->update([...], null)
 4 APPPATH\Controllers\Employ.php(100): CodeIgniter\Model->update([...])
 5 SYSTEMPATH\CodeIgniter.php(925): App\Controllers\Employ->updatesalary()
 6 SYSTEMPATH\CodeIgniter.php(480): CodeIgniter\CodeIgniter->runController(Object(App\Controllers\Employ))
 7 SYSTEMPATH\CodeIgniter.php(349): CodeIgniter\CodeIgniter->handleRequest(null, Object(Config\Cache), false)
 8 FCPATH\index.php(67): CodeIgniter\CodeIgniter->run()
 9 SYSTEMPATH\Commands\Server\rewrite.php(47): require_once('FCPATH\\index.php')
CRITICAL - 2023-02-02 00:27:09 --> There is no data to update.
in SYSTEMPATH\BaseModel.php on line 1600.
 1 SYSTEMPATH\BaseModel.php(1600): CodeIgniter\Database\Exceptions\DataException::forEmptyDataset('update')
 2 SYSTEMPATH\BaseModel.php(854): CodeIgniter\BaseModel->transformDataToArray(null, 'update')
 3 SYSTEMPATH\Model.php(721): CodeIgniter\BaseModel->update([...], null)
 4 APPPATH\Controllers\Employ.php(100): CodeIgniter\Model->update([...])
 5 SYSTEMPATH\CodeIgniter.php(925): App\Controllers\Employ->updatesalary()
 6 SYSTEMPATH\CodeIgniter.php(480): CodeIgniter\CodeIgniter->runController(Object(App\Controllers\Employ))
 7 SYSTEMPATH\CodeIgniter.php(349): CodeIgniter\CodeIgniter->handleRequest(null, Object(Config\Cache), false)
 8 FCPATH\index.php(67): CodeIgniter\CodeIgniter->run()
 9 SYSTEMPATH\Commands\Server\rewrite.php(47): require_once('FCPATH\\index.php')
CRITICAL - 2023-02-02 00:28:04 --> Undefined array key 0
in APPPATH\Controllers\Employ.php on line 98.
 1 APPPATH\Controllers\Employ.php(98): CodeIgniter\Debug\Exceptions->errorHandler(2, 'Undefined array key 0', 'APPPATH\\Controllers\\Employ.php', 98)
 2 SYSTEMPATH\CodeIgniter.php(925): App\Controllers\Employ->updatesalary()
 3 SYSTEMPATH\CodeIgniter.php(480): CodeIgniter\CodeIgniter->runController(Object(App\Controllers\Employ))
 4 SYSTEMPATH\CodeIgniter.php(349): CodeIgniter\CodeIgniter->handleRequest(null, Object(Config\Cache), false)
 5 FCPATH\index.php(67): CodeIgniter\CodeIgniter->run()
 6 SYSTEMPATH\Commands\Server\rewrite.php(47): require_once('FCPATH\\index.php')
CRITICAL - 2023-02-02 00:28:13 --> There is no data to update.
in SYSTEMPATH\BaseModel.php on line 1600.
 1 SYSTEMPATH\BaseModel.php(1600): CodeIgniter\Database\Exceptions\DataException::forEmptyDataset('update')
 2 SYSTEMPATH\BaseModel.php(854): CodeIgniter\BaseModel->transformDataToArray(null, 'update')
 3 SYSTEMPATH\Model.php(721): CodeIgniter\BaseModel->update([...], null)
 4 APPPATH\Controllers\Employ.php(98): CodeIgniter\Model->update([...])
 5 SYSTEMPATH\CodeIgniter.php(925): App\Controllers\Employ->updatesalary()
 6 SYSTEMPATH\CodeIgniter.php(480): CodeIgniter\CodeIgniter->runController(Object(App\Controllers\Employ))
 7 SYSTEMPATH\CodeIgniter.php(349): CodeIgniter\CodeIgniter->handleRequest(null, Object(Config\Cache), false)
 8 FCPATH\index.php(67): CodeIgniter\CodeIgniter->run()
 9 SYSTEMPATH\Commands\Server\rewrite.php(47): require_once('FCPATH\\index.php')
CRITICAL - 2023-02-02 00:28:16 --> There is no data to update.
in SYSTEMPATH\BaseModel.php on line 1600.
 1 SYSTEMPATH\BaseModel.php(1600): CodeIgniter\Database\Exceptions\DataException::forEmptyDataset('update')
 2 SYSTEMPATH\BaseModel.php(854): CodeIgniter\BaseModel->transformDataToArray(null, 'update')
 3 SYSTEMPATH\Model.php(721): CodeIgniter\BaseModel->update([...], null)
 4 APPPATH\Controllers\Employ.php(98): CodeIgniter\Model->update([...])
 5 SYSTEMPATH\CodeIgniter.php(925): App\Controllers\Employ->updatesalary()
 6 SYSTEMPATH\CodeIgniter.php(480): CodeIgniter\CodeIgniter->runController(Object(App\Controllers\Employ))
 7 SYSTEMPATH\CodeIgniter.php(349): CodeIgniter\CodeIgniter->handleRequest(null, Object(Config\Cache), false)
 8 FCPATH\index.php(67): CodeIgniter\CodeIgniter->run()
 9 SYSTEMPATH\Commands\Server\rewrite.php(47): require_once('FCPATH\\index.php')
CRITICAL - 2023-02-02 01:27:38 --> syntax error, unexpected token "}"
in APPPATH\Controllers\Employ.php on line 31.
 1 SYSTEMPATH\Router\Router.php(499): CodeIgniter\Router\AutoRouter->getRoute('Employ')
 2 SYSTEMPATH\Router\Router.php(205): CodeIgniter\Router\Router->autoRoute('Employ')
 3 SYSTEMPATH\CodeIgniter.php(800): CodeIgniter\Router\Router->handle('Employ')
 4 SYSTEMPATH\CodeIgniter.php(428): CodeIgniter\CodeIgniter->tryToRouteIt(Object(CodeIgniter\Router\RouteCollection))
 5 SYSTEMPATH\CodeIgniter.php(349): CodeIgniter\CodeIgniter->handleRequest(null, Object(Config\Cache), false)
 6 FCPATH\index.php(67): CodeIgniter\CodeIgniter->run()
 7 SYSTEMPATH\Commands\Server\rewrite.php(47): require_once('FCPATH\\index.php')
CRITICAL - 2023-02-02 01:27:39 --> syntax error, unexpected token "}"
in APPPATH\Controllers\Employ.php on line 31.
 1 SYSTEMPATH\Autoloader\Autoloader.php(260): CodeIgniter\Autoloader\Autoloader->includeFile('APPPATH\\Controllers\\Employ.php')
 2 SYSTEMPATH\Autoloader\Autoloader.php(238): CodeIgniter\Autoloader\Autoloader->loadInNamespace('App\\Controllers\\Employ')
 3 [internal function]: CodeIgniter\Autoloader\Autoloader->loadClass('App\\Controllers\\Employ')
 4 SYSTEMPATH\CodeIgniter.php(875): class_exists('\\App\\Controllers\\Employ', true)
 5 SYSTEMPATH\CodeIgniter.php(467): CodeIgniter\CodeIgniter->startController()
 6 SYSTEMPATH\CodeIgniter.php(349): CodeIgniter\CodeIgniter->handleRequest(null, Object(Config\Cache), false)
 7 FCPATH\index.php(67): CodeIgniter\CodeIgniter->run()
 8 SYSTEMPATH\Commands\Server\rewrite.php(47): require_once('FCPATH\\index.php')
CRITICAL - 2023-02-02 01:27:40 --> syntax error, unexpected token "}"
in APPPATH\Controllers\Employ.php on line 31.
 1 SYSTEMPATH\Autoloader\Autoloader.php(260): CodeIgniter\Autoloader\Autoloader->includeFile('APPPATH\\Controllers\\Employ.php')
 2 SYSTEMPATH\Autoloader\Autoloader.php(238): CodeIgniter\Autoloader\Autoloader->loadInNamespace('App\\Controllers\\Employ')
 3 [internal function]: CodeIgniter\Autoloader\Autoloader->loadClass('App\\Controllers\\Employ')
 4 SYSTEMPATH\CodeIgniter.php(875): class_exists('\\App\\Controllers\\Employ', true)
 5 SYSTEMPATH\CodeIgniter.php(467): CodeIgniter\CodeIgniter->startController()
 6 SYSTEMPATH\CodeIgniter.php(349): CodeIgniter\CodeIgniter->handleRequest(null, Object(Config\Cache), false)
 7 FCPATH\index.php(67): CodeIgniter\CodeIgniter->run()
 8 SYSTEMPATH\Commands\Server\rewrite.php(47): require_once('FCPATH\\index.php')
CRITICAL - 2023-02-02 01:34:54 --> Undefined variable $search_m
in APPPATH\Views\show_emp.php on line 13.
 1 APPPATH\Views\show_emp.php(13): CodeIgniter\Debug\Exceptions->errorHandler(2, 'Undefined variable $search_m', 'APPPATH\\Views\\show_emp.php', 13)
 2 SYSTEMPATH\View\View.php(213): include('APPPATH\\Views\\show_emp.php')
 3 SYSTEMPATH\View\View.php(216): CodeIgniter\View\View->CodeIgniter\View\{closure}()
 4 SYSTEMPATH\Common.php(1135): CodeIgniter\View\View->render('show_emp', [], true)
 5 APPPATH\Controllers\Employ.php(43): view('show_emp', [...])
 6 SYSTEMPATH\CodeIgniter.php(925): App\Controllers\Employ->index()
 7 SYSTEMPATH\CodeIgniter.php(480): CodeIgniter\CodeIgniter->runController(Object(App\Controllers\Employ))
 8 SYSTEMPATH\CodeIgniter.php(349): CodeIgniter\CodeIgniter->handleRequest(null, Object(Config\Cache), false)
 9 FCPATH\index.php(67): CodeIgniter\CodeIgniter->run()
10 SYSTEMPATH\Commands\Server\rewrite.php(47): require_once('FCPATH\\index.php')
CRITICAL - 2023-02-02 01:35:40 --> Undefined variable $search_m
in APPPATH\Views\show_emp.php on line 13.
 1 APPPATH\Views\show_emp.php(13): CodeIgniter\Debug\Exceptions->errorHandler(2, 'Undefined variable $search_m', 'APPPATH\\Views\\show_emp.php', 13)
 2 SYSTEMPATH\View\View.php(213): include('APPPATH\\Views\\show_emp.php')
 3 SYSTEMPATH\View\View.php(216): CodeIgniter\View\View->CodeIgniter\View\{closure}()
 4 SYSTEMPATH\Common.php(1135): CodeIgniter\View\View->render('show_emp', [], true)
 5 APPPATH\Controllers\Employ.php(44): view('show_emp', [...])
 6 SYSTEMPATH\CodeIgniter.php(925): App\Controllers\Employ->index()
 7 SYSTEMPATH\CodeIgniter.php(480): CodeIgniter\CodeIgniter->runController(Object(App\Controllers\Employ))
 8 SYSTEMPATH\CodeIgniter.php(349): CodeIgniter\CodeIgniter->handleRequest(null, Object(Config\Cache), false)
 9 FCPATH\index.php(67): CodeIgniter\CodeIgniter->run()
10 SYSTEMPATH\Commands\Server\rewrite.php(47): require_once('FCPATH\\index.php')
CRITICAL - 2023-02-02 01:37:24 --> Undefined variable $search_m
in APPPATH\Views\show_emp.php on line 13.
 1 APPPATH\Views\show_emp.php(13): CodeIgniter\Debug\Exceptions->errorHandler(2, 'Undefined variable $search_m', 'APPPATH\\Views\\show_emp.php', 13)
 2 SYSTEMPATH\View\View.php(213): include('APPPATH\\Views\\show_emp.php')
 3 SYSTEMPATH\View\View.php(216): CodeIgniter\View\View->CodeIgniter\View\{closure}()
 4 SYSTEMPATH\Common.php(1135): CodeIgniter\View\View->render('show_emp', [], true)
 5 APPPATH\Controllers\Employ.php(43): view('show_emp', [...])
 6 SYSTEMPATH\CodeIgniter.php(925): App\Controllers\Employ->index()
 7 SYSTEMPATH\CodeIgniter.php(480): CodeIgniter\CodeIgniter->runController(Object(App\Controllers\Employ))
 8 SYSTEMPATH\CodeIgniter.php(349): CodeIgniter\CodeIgniter->handleRequest(null, Object(Config\Cache), false)
 9 FCPATH\index.php(67): CodeIgniter\CodeIgniter->run()
10 SYSTEMPATH\Commands\Server\rewrite.php(47): require_once('FCPATH\\index.php')
CRITICAL - 2023-02-02 01:38:13 --> Undefined variable $search_m
in APPPATH\Views\show_emp.php on line 13.
 1 APPPATH\Views\show_emp.php(13): CodeIgniter\Debug\Exceptions->errorHandler(2, 'Undefined variable $search_m', 'APPPATH\\Views\\show_emp.php', 13)
 2 SYSTEMPATH\View\View.php(213): include('APPPATH\\Views\\show_emp.php')
 3 SYSTEMPATH\View\View.php(216): CodeIgniter\View\View->CodeIgniter\View\{closure}()
 4 SYSTEMPATH\Common.php(1135): CodeIgniter\View\View->render('show_emp', [], true)
 5 APPPATH\Controllers\Employ.php(43): view('show_emp', [...])
 6 SYSTEMPATH\CodeIgniter.php(925): App\Controllers\Employ->index()
 7 SYSTEMPATH\CodeIgniter.php(480): CodeIgniter\CodeIgniter->runController(Object(App\Controllers\Employ))
 8 SYSTEMPATH\CodeIgniter.php(349): CodeIgniter\CodeIgniter->handleRequest(null, Object(Config\Cache), false)
 9 FCPATH\index.php(67): CodeIgniter\CodeIgniter->run()
10 SYSTEMPATH\Commands\Server\rewrite.php(47): require_once('FCPATH\\index.php')
CRITICAL - 2023-02-02 01:46:58 --> Undefined variable $search_m
in APPPATH\Views\show_emp.php on line 13.
 1 APPPATH\Views\show_emp.php(13): CodeIgniter\Debug\Exceptions->errorHandler(2, 'Undefined variable $search_m', 'APPPATH\\Views\\show_emp.php', 13)
 2 SYSTEMPATH\View\View.php(213): include('APPPATH\\Views\\show_emp.php')
 3 SYSTEMPATH\View\View.php(216): CodeIgniter\View\View->CodeIgniter\View\{closure}()
 4 SYSTEMPATH\Common.php(1135): CodeIgniter\View\View->render('show_emp', [], true)
 5 APPPATH\Controllers\Employ.php(43): view('show_emp', [...])
 6 SYSTEMPATH\CodeIgniter.php(925): App\Controllers\Employ->index()
 7 SYSTEMPATH\CodeIgniter.php(480): CodeIgniter\CodeIgniter->runController(Object(App\Controllers\Employ))
 8 SYSTEMPATH\CodeIgniter.php(349): CodeIgniter\CodeIgniter->handleRequest(null, Object(Config\Cache), false)
 9 FCPATH\index.php(67): CodeIgniter\CodeIgniter->run()
10 SYSTEMPATH\Commands\Server\rewrite.php(47): require_once('FCPATH\\index.php')
CRITICAL - 2023-02-02 01:46:59 --> Undefined variable $search_m
in APPPATH\Views\show_emp.php on line 13.
 1 APPPATH\Views\show_emp.php(13): CodeIgniter\Debug\Exceptions->errorHandler(2, 'Undefined variable $search_m', 'APPPATH\\Views\\show_emp.php', 13)
 2 SYSTEMPATH\View\View.php(213): include('APPPATH\\Views\\show_emp.php')
 3 SYSTEMPATH\View\View.php(216): CodeIgniter\View\View->CodeIgniter\View\{closure}()
 4 SYSTEMPATH\Common.php(1135): CodeIgniter\View\View->render('show_emp', [], true)
 5 APPPATH\Controllers\Employ.php(43): view('show_emp', [...])
 6 SYSTEMPATH\CodeIgniter.php(925): App\Controllers\Employ->index()
 7 SYSTEMPATH\CodeIgniter.php(480): CodeIgniter\CodeIgniter->runController(Object(App\Controllers\Employ))
 8 SYSTEMPATH\CodeIgniter.php(349): CodeIgniter\CodeIgniter->handleRequest(null, Object(Config\Cache), false)
 9 FCPATH\index.php(67): CodeIgniter\CodeIgniter->run()
10 SYSTEMPATH\Commands\Server\rewrite.php(47): require_once('FCPATH\\index.php')
CRITICAL - 2023-02-02 01:49:32 --> Undefined variable $data
in APPPATH\Controllers\Employ.php on line 32.
 1 APPPATH\Controllers\Employ.php(32): CodeIgniter\Debug\Exceptions->errorHandler(2, 'Undefined variable $data', 'APPPATH\\Controllers\\Employ.php', 32)
 2 SYSTEMPATH\CodeIgniter.php(925): App\Controllers\Employ->index()
 3 SYSTEMPATH\CodeIgniter.php(480): CodeIgniter\CodeIgniter->runController(Object(App\Controllers\Employ))
 4 SYSTEMPATH\CodeIgniter.php(349): CodeIgniter\CodeIgniter->handleRequest(null, Object(Config\Cache), false)
 5 FCPATH\index.php(67): CodeIgniter\CodeIgniter->run()
 6 SYSTEMPATH\Commands\Server\rewrite.php(47): require_once('FCPATH\\index.php')
CRITICAL - 2023-02-02 01:49:33 --> Undefined variable $data
in APPPATH\Controllers\Employ.php on line 32.
 1 APPPATH\Controllers\Employ.php(32): CodeIgniter\Debug\Exceptions->errorHandler(2, 'Undefined variable $data', 'APPPATH\\Controllers\\Employ.php', 32)
 2 SYSTEMPATH\CodeIgniter.php(925): App\Controllers\Employ->index()
 3 SYSTEMPATH\CodeIgniter.php(480): CodeIgniter\CodeIgniter->runController(Object(App\Controllers\Employ))
 4 SYSTEMPATH\CodeIgniter.php(349): CodeIgniter\CodeIgniter->handleRequest(null, Object(Config\Cache), false)
 5 FCPATH\index.php(67): CodeIgniter\CodeIgniter->run()
 6 SYSTEMPATH\Commands\Server\rewrite.php(47): require_once('FCPATH\\index.php')
CRITICAL - 2023-02-02 01:49:34 --> Undefined variable $data
in APPPATH\Controllers\Employ.php on line 32.
 1 APPPATH\Controllers\Employ.php(32): CodeIgniter\Debug\Exceptions->errorHandler(2, 'Undefined variable $data', 'APPPATH\\Controllers\\Employ.php', 32)
 2 SYSTEMPATH\CodeIgniter.php(925): App\Controllers\Employ->index()
 3 SYSTEMPATH\CodeIgniter.php(480): CodeIgniter\CodeIgniter->runController(Object(App\Controllers\Employ))
 4 SYSTEMPATH\CodeIgniter.php(349): CodeIgniter\CodeIgniter->handleRequest(null, Object(Config\Cache), false)
 5 FCPATH\index.php(67): CodeIgniter\CodeIgniter->run()
 6 SYSTEMPATH\Commands\Server\rewrite.php(47): require_once('FCPATH\\index.php')
CRITICAL - 2023-02-02 01:49:35 --> Undefined variable $data
in APPPATH\Controllers\Employ.php on line 32.
 1 APPPATH\Controllers\Employ.php(32): CodeIgniter\Debug\Exceptions->errorHandler(2, 'Undefined variable $data', 'APPPATH\\Controllers\\Employ.php', 32)
 2 SYSTEMPATH\CodeIgniter.php(925): App\Controllers\Employ->index()
 3 SYSTEMPATH\CodeIgniter.php(480): CodeIgniter\CodeIgniter->runController(Object(App\Controllers\Employ))
 4 SYSTEMPATH\CodeIgniter.php(349): CodeIgniter\CodeIgniter->handleRequest(null, Object(Config\Cache), false)
 5 FCPATH\index.php(67): CodeIgniter\CodeIgniter->run()
 6 SYSTEMPATH\Commands\Server\rewrite.php(47): require_once('FCPATH\\index.php')
CRITICAL - 2023-02-02 01:50:17 --> Undefined variable $search_m
in APPPATH\Views\show_emp.php on line 13.
 1 APPPATH\Views\show_emp.php(13): CodeIgniter\Debug\Exceptions->errorHandler(2, 'Undefined variable $search_m', 'APPPATH\\Views\\show_emp.php', 13)
 2 SYSTEMPATH\View\View.php(213): include('APPPATH\\Views\\show_emp.php')
 3 SYSTEMPATH\View\View.php(216): CodeIgniter\View\View->CodeIgniter\View\{closure}()
 4 SYSTEMPATH\Common.php(1135): CodeIgniter\View\View->render('show_emp', [], true)
 5 APPPATH\Controllers\Employ.php(36): view('show_emp', [...])
 6 SYSTEMPATH\CodeIgniter.php(925): App\Controllers\Employ->index()
 7 SYSTEMPATH\CodeIgniter.php(480): CodeIgniter\CodeIgniter->runController(Object(App\Controllers\Employ))
 8 SYSTEMPATH\CodeIgniter.php(349): CodeIgniter\CodeIgniter->handleRequest(null, Object(Config\Cache), false)
 9 FCPATH\index.php(67): CodeIgniter\CodeIgniter->run()
10 SYSTEMPATH\Commands\Server\rewrite.php(47): require_once('FCPATH\\index.php')
CRITICAL - 2023-02-02 01:50:18 --> Undefined variable $search_m
in APPPATH\Views\show_emp.php on line 13.
 1 APPPATH\Views\show_emp.php(13): CodeIgniter\Debug\Exceptions->errorHandler(2, 'Undefined variable $search_m', 'APPPATH\\Views\\show_emp.php', 13)
 2 SYSTEMPATH\View\View.php(213): include('APPPATH\\Views\\show_emp.php')
 3 SYSTEMPATH\View\View.php(216): CodeIgniter\View\View->CodeIgniter\View\{closure}()
 4 SYSTEMPATH\Common.php(1135): CodeIgniter\View\View->render('show_emp', [], true)
 5 APPPATH\Controllers\Employ.php(36): view('show_emp', [...])
 6 SYSTEMPATH\CodeIgniter.php(925): App\Controllers\Employ->index()
 7 SYSTEMPATH\CodeIgniter.php(480): CodeIgniter\CodeIgniter->runController(Object(App\Controllers\Employ))
 8 SYSTEMPATH\CodeIgniter.php(349): CodeIgniter\CodeIgniter->handleRequest(null, Object(Config\Cache), false)
 9 FCPATH\index.php(67): CodeIgniter\CodeIgniter->run()
10 SYSTEMPATH\Commands\Server\rewrite.php(47): require_once('FCPATH\\index.php')
CRITICAL - 2023-02-02 01:50:35 --> Undefined variable $search_m
in APPPATH\Views\show_emp.php on line 13.
 1 APPPATH\Views\show_emp.php(13): CodeIgniter\Debug\Exceptions->errorHandler(2, 'Undefined variable $search_m', 'APPPATH\\Views\\show_emp.php', 13)
 2 SYSTEMPATH\View\View.php(213): include('APPPATH\\Views\\show_emp.php')
 3 SYSTEMPATH\View\View.php(216): CodeIgniter\View\View->CodeIgniter\View\{closure}()
 4 SYSTEMPATH\Common.php(1135): CodeIgniter\View\View->render('show_emp', [], true)
 5 APPPATH\Controllers\Employ.php(37): view('show_emp', [...])
 6 SYSTEMPATH\CodeIgniter.php(925): App\Controllers\Employ->index()
 7 SYSTEMPATH\CodeIgniter.php(480): CodeIgniter\CodeIgniter->runController(Object(App\Controllers\Employ))
 8 SYSTEMPATH\CodeIgniter.php(349): CodeIgniter\CodeIgniter->handleRequest(null, Object(Config\Cache), false)
 9 FCPATH\index.php(67): CodeIgniter\CodeIgniter->run()
10 SYSTEMPATH\Commands\Server\rewrite.php(47): require_once('FCPATH\\index.php')
CRITICAL - 2023-02-02 01:50:56 --> Undefined variable $search_m
in APPPATH\Views\show_emp.php on line 13.
 1 APPPATH\Views\show_emp.php(13): CodeIgniter\Debug\Exceptions->errorHandler(2, 'Undefined variable $search_m', 'APPPATH\\Views\\show_emp.php', 13)
 2 SYSTEMPATH\View\View.php(213): include('APPPATH\\Views\\show_emp.php')
 3 SYSTEMPATH\View\View.php(216): CodeIgniter\View\View->CodeIgniter\View\{closure}()
 4 SYSTEMPATH\Common.php(1135): CodeIgniter\View\View->render('show_emp', [], true)
 5 APPPATH\Controllers\Employ.php(36): view('show_emp', [...])
 6 SYSTEMPATH\CodeIgniter.php(925): App\Controllers\Employ->index()
 7 SYSTEMPATH\CodeIgniter.php(480): CodeIgniter\CodeIgniter->runController(Object(App\Controllers\Employ))
 8 SYSTEMPATH\CodeIgniter.php(349): CodeIgniter\CodeIgniter->handleRequest(null, Object(Config\Cache), false)
 9 FCPATH\index.php(67): CodeIgniter\CodeIgniter->run()
10 SYSTEMPATH\Commands\Server\rewrite.php(47): require_once('FCPATH\\index.php')
CRITICAL - 2023-02-02 01:51:10 --> Undefined variable $search_m
in APPPATH\Views\show_emp.php on line 13.
 1 APPPATH\Views\show_emp.php(13): CodeIgniter\Debug\Exceptions->errorHandler(2, 'Undefined variable $search_m', 'APPPATH\\Views\\show_emp.php', 13)
 2 SYSTEMPATH\View\View.php(213): include('APPPATH\\Views\\show_emp.php')
 3 SYSTEMPATH\View\View.php(216): CodeIgniter\View\View->CodeIgniter\View\{closure}()
 4 SYSTEMPATH\Common.php(1135): CodeIgniter\View\View->render('show_emp', [], true)
 5 APPPATH\Controllers\Employ.php(37): view('show_emp', [...])
 6 SYSTEMPATH\CodeIgniter.php(925): App\Controllers\Employ->index()
 7 SYSTEMPATH\CodeIgniter.php(480): CodeIgniter\CodeIgniter->runController(Object(App\Controllers\Employ))
 8 SYSTEMPATH\CodeIgniter.php(349): CodeIgniter\CodeIgniter->handleRequest(null, Object(Config\Cache), false)
 9 FCPATH\index.php(67): CodeIgniter\CodeIgniter->run()
10 SYSTEMPATH\Commands\Server\rewrite.php(47): require_once('FCPATH\\index.php')
CRITICAL - 2023-02-02 01:51:11 --> Undefined variable $search_m
in APPPATH\Views\show_emp.php on line 13.
 1 APPPATH\Views\show_emp.php(13): CodeIgniter\Debug\Exceptions->errorHandler(2, 'Undefined variable $search_m', 'APPPATH\\Views\\show_emp.php', 13)
 2 SYSTEMPATH\View\View.php(213): include('APPPATH\\Views\\show_emp.php')
 3 SYSTEMPATH\View\View.php(216): CodeIgniter\View\View->CodeIgniter\View\{closure}()
 4 SYSTEMPATH\Common.php(1135): CodeIgniter\View\View->render('show_emp', [], true)
 5 APPPATH\Controllers\Employ.php(37): view('show_emp', [...])
 6 SYSTEMPATH\CodeIgniter.php(925): App\Controllers\Employ->index()
 7 SYSTEMPATH\CodeIgniter.php(480): CodeIgniter\CodeIgniter->runController(Object(App\Controllers\Employ))
 8 SYSTEMPATH\CodeIgniter.php(349): CodeIgniter\CodeIgniter->handleRequest(null, Object(Config\Cache), false)
 9 FCPATH\index.php(67): CodeIgniter\CodeIgniter->run()
10 SYSTEMPATH\Commands\Server\rewrite.php(47): require_once('FCPATH\\index.php')
CRITICAL - 2023-02-02 01:51:49 --> Undefined variable $search_m
in APPPATH\Views\show_emp.php on line 13.
 1 APPPATH\Views\show_emp.php(13): CodeIgniter\Debug\Exceptions->errorHandler(2, 'Undefined variable $search_m', 'APPPATH\\Views\\show_emp.php', 13)
 2 SYSTEMPATH\View\View.php(213): include('APPPATH\\Views\\show_emp.php')
 3 SYSTEMPATH\View\View.php(216): CodeIgniter\View\View->CodeIgniter\View\{closure}()
 4 SYSTEMPATH\Common.php(1135): CodeIgniter\View\View->render('show_emp', [], true)
 5 APPPATH\Controllers\Employ.php(37): view('show_emp', [...])
 6 SYSTEMPATH\CodeIgniter.php(925): App\Controllers\Employ->index()
 7 SYSTEMPATH\CodeIgniter.php(480): CodeIgniter\CodeIgniter->runController(Object(App\Controllers\Employ))
 8 SYSTEMPATH\CodeIgniter.php(349): CodeIgniter\CodeIgniter->handleRequest(null, Object(Config\Cache), false)
 9 FCPATH\index.php(67): CodeIgniter\CodeIgniter->run()
10 SYSTEMPATH\Commands\Server\rewrite.php(47): require_once('FCPATH\\index.php')
CRITICAL - 2023-02-02 01:51:57 --> Undefined variable $search_m
in APPPATH\Views\show_emp.php on line 13.
 1 APPPATH\Views\show_emp.php(13): CodeIgniter\Debug\Exceptions->errorHandler(2, 'Undefined variable $search_m', 'APPPATH\\Views\\show_emp.php', 13)
 2 SYSTEMPATH\View\View.php(213): include('APPPATH\\Views\\show_emp.php')
 3 SYSTEMPATH\View\View.php(216): CodeIgniter\View\View->CodeIgniter\View\{closure}()
 4 SYSTEMPATH\Common.php(1135): CodeIgniter\View\View->render('show_emp', [], true)
 5 APPPATH\Controllers\Employ.php(37): view('show_emp', [...])
 6 SYSTEMPATH\CodeIgniter.php(925): App\Controllers\Employ->index()
 7 SYSTEMPATH\CodeIgniter.php(480): CodeIgniter\CodeIgniter->runController(Object(App\Controllers\Employ))
 8 SYSTEMPATH\CodeIgniter.php(349): CodeIgniter\CodeIgniter->handleRequest(null, Object(Config\Cache), false)
 9 FCPATH\index.php(67): CodeIgniter\CodeIgniter->run()
10 SYSTEMPATH\Commands\Server\rewrite.php(47): require_once('FCPATH\\index.php')
CRITICAL - 2023-02-02 01:56:55 --> Undefined variable $search_m
in APPPATH\Views\show_emp.php on line 13.
 1 APPPATH\Views\show_emp.php(13): CodeIgniter\Debug\Exceptions->errorHandler(2, 'Undefined variable $search_m', 'APPPATH\\Views\\show_emp.php', 13)
 2 SYSTEMPATH\View\View.php(213): include('APPPATH\\Views\\show_emp.php')
 3 SYSTEMPATH\View\View.php(216): CodeIgniter\View\View->CodeIgniter\View\{closure}()
 4 SYSTEMPATH\Common.php(1135): CodeIgniter\View\View->render('show_emp', [], true)
 5 APPPATH\Controllers\Employ.php(37): view('show_emp', [...])
 6 SYSTEMPATH\CodeIgniter.php(925): App\Controllers\Employ->index()
 7 SYSTEMPATH\CodeIgniter.php(480): CodeIgniter\CodeIgniter->runController(Object(App\Controllers\Employ))
 8 SYSTEMPATH\CodeIgniter.php(349): CodeIgniter\CodeIgniter->handleRequest(null, Object(Config\Cache), false)
 9 FCPATH\index.php(67): CodeIgniter\CodeIgniter->run()
10 SYSTEMPATH\Commands\Server\rewrite.php(47): require_once('FCPATH\\index.php')
CRITICAL - 2023-02-02 01:57:09 --> Undefined variable $search_m
in APPPATH\Views\show_emp.php on line 13.
 1 APPPATH\Views\show_emp.php(13): CodeIgniter\Debug\Exceptions->errorHandler(2, 'Undefined variable $search_m', 'APPPATH\\Views\\show_emp.php', 13)
 2 SYSTEMPATH\View\View.php(213): include('APPPATH\\Views\\show_emp.php')
 3 SYSTEMPATH\View\View.php(216): CodeIgniter\View\View->CodeIgniter\View\{closure}()
 4 SYSTEMPATH\Common.php(1135): CodeIgniter\View\View->render('show_emp', [], true)
 5 APPPATH\Controllers\Employ.php(37): view('show_emp', [...])
 6 SYSTEMPATH\CodeIgniter.php(925): App\Controllers\Employ->index()
 7 SYSTEMPATH\CodeIgniter.php(480): CodeIgniter\CodeIgniter->runController(Object(App\Controllers\Employ))
 8 SYSTEMPATH\CodeIgniter.php(349): CodeIgniter\CodeIgniter->handleRequest(null, Object(Config\Cache), false)
 9 FCPATH\index.php(67): CodeIgniter\CodeIgniter->run()
10 SYSTEMPATH\Commands\Server\rewrite.php(47): require_once('FCPATH\\index.php')
CRITICAL - 2023-02-02 01:57:24 --> Undefined variable $search_m
in APPPATH\Views\show_emp.php on line 13.
 1 APPPATH\Views\show_emp.php(13): CodeIgniter\Debug\Exceptions->errorHandler(2, 'Undefined variable $search_m', 'APPPATH\\Views\\show_emp.php', 13)
 2 SYSTEMPATH\View\View.php(213): include('APPPATH\\Views\\show_emp.php')
 3 SYSTEMPATH\View\View.php(216): CodeIgniter\View\View->CodeIgniter\View\{closure}()
 4 SYSTEMPATH\Common.php(1135): CodeIgniter\View\View->render('show_emp', [], true)
 5 APPPATH\Controllers\Employ.php(37): view('show_emp', [...])
 6 SYSTEMPATH\CodeIgniter.php(925): App\Controllers\Employ->index()
 7 SYSTEMPATH\CodeIgniter.php(480): CodeIgniter\CodeIgniter->runController(Object(App\Controllers\Employ))
 8 SYSTEMPATH\CodeIgniter.php(349): CodeIgniter\CodeIgniter->handleRequest(null, Object(Config\Cache), false)
 9 FCPATH\index.php(67): CodeIgniter\CodeIgniter->run()
10 SYSTEMPATH\Commands\Server\rewrite.php(47): require_once('FCPATH\\index.php')
CRITICAL - 2023-02-02 02:06:22 --> Undefined variable $search
in APPPATH\Controllers\Employ.php on line 34.
 1 APPPATH\Controllers\Employ.php(34): CodeIgniter\Debug\Exceptions->errorHandler(2, 'Undefined variable $search', 'APPPATH\\Controllers\\Employ.php', 34)
 2 SYSTEMPATH\CodeIgniter.php(925): App\Controllers\Employ->index()
 3 SYSTEMPATH\CodeIgniter.php(480): CodeIgniter\CodeIgniter->runController(Object(App\Controllers\Employ))
 4 SYSTEMPATH\CodeIgniter.php(349): CodeIgniter\CodeIgniter->handleRequest(null, Object(Config\Cache), false)
 5 FCPATH\index.php(67): CodeIgniter\CodeIgniter->run()
 6 SYSTEMPATH\Commands\Server\rewrite.php(47): require_once('FCPATH\\index.php')
CRITICAL - 2023-02-02 02:08:55 --> Value of type null is not callable
in APPPATH\Views\show_emp.php on line 13.
 1 SYSTEMPATH\View\View.php(213): include()
 2 SYSTEMPATH\View\View.php(216): CodeIgniter\View\View->CodeIgniter\View\{closure}()
 3 SYSTEMPATH\Common.php(1135): CodeIgniter\View\View->render('show_emp', [], true)
 4 APPPATH\Controllers\Employ.php(29): view('show_emp', [...])
 5 SYSTEMPATH\CodeIgniter.php(925): App\Controllers\Employ->index()
 6 SYSTEMPATH\CodeIgniter.php(480): CodeIgniter\CodeIgniter->runController(Object(App\Controllers\Employ))
 7 SYSTEMPATH\CodeIgniter.php(349): CodeIgniter\CodeIgniter->handleRequest(null, Object(Config\Cache), false)
 8 FCPATH\index.php(67): CodeIgniter\CodeIgniter->run()
 9 SYSTEMPATH\Commands\Server\rewrite.php(47): require_once('FCPATH\\index.php')
CRITICAL - 2023-02-02 02:08:57 --> Value of type null is not callable
in APPPATH\Views\show_emp.php on line 13.
 1 SYSTEMPATH\View\View.php(213): include()
 2 SYSTEMPATH\View\View.php(216): CodeIgniter\View\View->CodeIgniter\View\{closure}()
 3 SYSTEMPATH\Common.php(1135): CodeIgniter\View\View->render('show_emp', [], true)
 4 APPPATH\Controllers\Employ.php(29): view('show_emp', [...])
 5 SYSTEMPATH\CodeIgniter.php(925): App\Controllers\Employ->index()
 6 SYSTEMPATH\CodeIgniter.php(480): CodeIgniter\CodeIgniter->runController(Object(App\Controllers\Employ))
 7 SYSTEMPATH\CodeIgniter.php(349): CodeIgniter\CodeIgniter->handleRequest(null, Object(Config\Cache), false)
 8 FCPATH\index.php(67): CodeIgniter\CodeIgniter->run()
 9 SYSTEMPATH\Commands\Server\rewrite.php(47): require_once('FCPATH\\index.php')
CRITICAL - 2023-02-02 02:09:18 --> Value of type null is not callable
in APPPATH\Views\show_emp.php on line 13.
 1 SYSTEMPATH\View\View.php(213): include()
 2 SYSTEMPATH\View\View.php(216): CodeIgniter\View\View->CodeIgniter\View\{closure}()
 3 SYSTEMPATH\Common.php(1135): CodeIgniter\View\View->render('show_emp', [], true)
 4 APPPATH\Controllers\Employ.php(29): view('show_emp', [...])
 5 SYSTEMPATH\CodeIgniter.php(925): App\Controllers\Employ->index()
 6 SYSTEMPATH\CodeIgniter.php(480): CodeIgniter\CodeIgniter->runController(Object(App\Controllers\Employ))
 7 SYSTEMPATH\CodeIgniter.php(349): CodeIgniter\CodeIgniter->handleRequest(null, Object(Config\Cache), false)
 8 FCPATH\index.php(67): CodeIgniter\CodeIgniter->run()
 9 SYSTEMPATH\Commands\Server\rewrite.php(47): require_once('FCPATH\\index.php')
CRITICAL - 2023-02-02 02:09:25 --> Value of type null is not callable
in APPPATH\Views\show_emp.php on line 13.
 1 SYSTEMPATH\View\View.php(213): include()
 2 SYSTEMPATH\View\View.php(216): CodeIgniter\View\View->CodeIgniter\View\{closure}()
 3 SYSTEMPATH\Common.php(1135): CodeIgniter\View\View->render('show_emp', [], true)
 4 APPPATH\Controllers\Employ.php(29): view('show_emp', [...])
 5 SYSTEMPATH\CodeIgniter.php(925): App\Controllers\Employ->index()
 6 SYSTEMPATH\CodeIgniter.php(480): CodeIgniter\CodeIgniter->runController(Object(App\Controllers\Employ))
 7 SYSTEMPATH\CodeIgniter.php(349): CodeIgniter\CodeIgniter->handleRequest(null, Object(Config\Cache), false)
 8 FCPATH\index.php(67): CodeIgniter\CodeIgniter->run()
 9 SYSTEMPATH\Commands\Server\rewrite.php(47): require_once('FCPATH\\index.php')
CRITICAL - 2023-02-02 02:09:42 --> Value of type null is not callable
in APPPATH\Views\show_emp.php on line 13.
 1 SYSTEMPATH\View\View.php(213): include()
 2 SYSTEMPATH\View\View.php(216): CodeIgniter\View\View->CodeIgniter\View\{closure}()
 3 SYSTEMPATH\Common.php(1135): CodeIgniter\View\View->render('show_emp', [], true)
 4 APPPATH\Controllers\Employ.php(29): view('show_emp', [...])
 5 SYSTEMPATH\CodeIgniter.php(925): App\Controllers\Employ->index()
 6 SYSTEMPATH\CodeIgniter.php(480): CodeIgniter\CodeIgniter->runController(Object(App\Controllers\Employ))
 7 SYSTEMPATH\CodeIgniter.php(349): CodeIgniter\CodeIgniter->handleRequest(null, Object(Config\Cache), false)
 8 FCPATH\index.php(67): CodeIgniter\CodeIgniter->run()
 9 SYSTEMPATH\Commands\Server\rewrite.php(47): require_once('FCPATH\\index.php')
CRITICAL - 2023-02-02 02:09:58 --> Value of type null is not callable
in APPPATH\Views\show_emp.php on line 13.
 1 SYSTEMPATH\View\View.php(213): include()
 2 SYSTEMPATH\View\View.php(216): CodeIgniter\View\View->CodeIgniter\View\{closure}()
 3 SYSTEMPATH\Common.php(1135): CodeIgniter\View\View->render('show_emp', [], true)
 4 APPPATH\Controllers\Employ.php(29): view('show_emp', [...])
 5 SYSTEMPATH\CodeIgniter.php(925): App\Controllers\Employ->index()
 6 SYSTEMPATH\CodeIgniter.php(480): CodeIgniter\CodeIgniter->runController(Object(App\Controllers\Employ))
 7 SYSTEMPATH\CodeIgniter.php(349): CodeIgniter\CodeIgniter->handleRequest(null, Object(Config\Cache), false)
 8 FCPATH\index.php(67): CodeIgniter\CodeIgniter->run()
 9 SYSTEMPATH\Commands\Server\rewrite.php(47): require_once('FCPATH\\index.php')
CRITICAL - 2023-02-02 02:33:42 --> Undefined variable $NameModel
in APPPATH\Controllers\Employ.php on line 26.
 1 APPPATH\Controllers\Employ.php(26): CodeIgniter\Debug\Exceptions->errorHandler(2, 'Undefined variable $NameModel', 'APPPATH\\Controllers\\Employ.php', 26)
 2 SYSTEMPATH\CodeIgniter.php(925): App\Controllers\Employ->index()
 3 SYSTEMPATH\CodeIgniter.php(480): CodeIgniter\CodeIgniter->runController(Object(App\Controllers\Employ))
 4 SYSTEMPATH\CodeIgniter.php(349): CodeIgniter\CodeIgniter->handleRequest(null, Object(Config\Cache), false)
 5 FCPATH\index.php(67): CodeIgniter\CodeIgniter->run()
 6 SYSTEMPATH\Commands\Server\rewrite.php(47): require_once('FCPATH\\index.php')
CRITICAL - 2023-02-02 02:33:50 --> Undefined variable $NameModel
in APPPATH\Controllers\Employ.php on line 26.
 1 APPPATH\Controllers\Employ.php(26): CodeIgniter\Debug\Exceptions->errorHandler(2, 'Undefined variable $NameModel', 'APPPATH\\Controllers\\Employ.php', 26)
 2 SYSTEMPATH\CodeIgniter.php(925): App\Controllers\Employ->index()
 3 SYSTEMPATH\CodeIgniter.php(480): CodeIgniter\CodeIgniter->runController(Object(App\Controllers\Employ))
 4 SYSTEMPATH\CodeIgniter.php(349): CodeIgniter\CodeIgniter->handleRequest(null, Object(Config\Cache), false)
 5 FCPATH\index.php(67): CodeIgniter\CodeIgniter->run()
 6 SYSTEMPATH\Commands\Server\rewrite.php(47): require_once('FCPATH\\index.php')
CRITICAL - 2023-02-02 02:34:01 --> Undefined variable $search
in APPPATH\Controllers\Employ.php on line 26.
 1 APPPATH\Controllers\Employ.php(26): CodeIgniter\Debug\Exceptions->errorHandler(2, 'Undefined variable $search', 'APPPATH\\Controllers\\Employ.php', 26)
 2 SYSTEMPATH\CodeIgniter.php(925): App\Controllers\Employ->index()
 3 SYSTEMPATH\CodeIgniter.php(480): CodeIgniter\CodeIgniter->runController(Object(App\Controllers\Employ))
 4 SYSTEMPATH\CodeIgniter.php(349): CodeIgniter\CodeIgniter->handleRequest(null, Object(Config\Cache), false)
 5 FCPATH\index.php(67): CodeIgniter\CodeIgniter->run()
 6 SYSTEMPATH\Commands\Server\rewrite.php(47): require_once('FCPATH\\index.php')
CRITICAL - 2023-02-02 02:36:04 --> Undefined variable $search
in APPPATH\Controllers\Employ.php on line 26.
 1 APPPATH\Controllers\Employ.php(26): CodeIgniter\Debug\Exceptions->errorHandler(2, 'Undefined variable $search', 'APPPATH\\Controllers\\Employ.php', 26)
 2 SYSTEMPATH\CodeIgniter.php(925): App\Controllers\Employ->index()
 3 SYSTEMPATH\CodeIgniter.php(480): CodeIgniter\CodeIgniter->runController(Object(App\Controllers\Employ))
 4 SYSTEMPATH\CodeIgniter.php(349): CodeIgniter\CodeIgniter->handleRequest(null, Object(Config\Cache), false)
 5 FCPATH\index.php(67): CodeIgniter\CodeIgniter->run()
 6 SYSTEMPATH\Commands\Server\rewrite.php(47): require_once('FCPATH\\index.php')
CRITICAL - 2023-02-02 02:36:24 --> Undefined variable $search
in APPPATH\Controllers\Employ.php on line 26.
 1 APPPATH\Controllers\Employ.php(26): CodeIgniter\Debug\Exceptions->errorHandler(2, 'Undefined variable $search', 'APPPATH\\Controllers\\Employ.php', 26)
 2 SYSTEMPATH\CodeIgniter.php(925): App\Controllers\Employ->index()
 3 SYSTEMPATH\CodeIgniter.php(480): CodeIgniter\CodeIgniter->runController(Object(App\Controllers\Employ))
 4 SYSTEMPATH\CodeIgniter.php(349): CodeIgniter\CodeIgniter->handleRequest(null, Object(Config\Cache), false)
 5 FCPATH\index.php(67): CodeIgniter\CodeIgniter->run()
 6 SYSTEMPATH\Commands\Server\rewrite.php(47): require_once('FCPATH\\index.php')
CRITICAL - 2023-02-02 02:36:52 --> Undefined variable $search_m
in APPPATH\Views\show_emp.php on line 19.
 1 APPPATH\Views\show_emp.php(19): CodeIgniter\Debug\Exceptions->errorHandler(2, 'Undefined variable $search_m', 'APPPATH\\Views\\show_emp.php', 19)
 2 SYSTEMPATH\View\View.php(213): include('APPPATH\\Views\\show_emp.php')
 3 SYSTEMPATH\View\View.php(216): CodeIgniter\View\View->CodeIgniter\View\{closure}()
 4 SYSTEMPATH\Common.php(1135): CodeIgniter\View\View->render('show_emp', [], true)
 5 APPPATH\Controllers\Employ.php(38): view('show_emp', [...])
 6 SYSTEMPATH\CodeIgniter.php(925): App\Controllers\Employ->index()
 7 SYSTEMPATH\CodeIgniter.php(480): CodeIgniter\CodeIgniter->runController(Object(App\Controllers\Employ))
 8 SYSTEMPATH\CodeIgniter.php(349): CodeIgniter\CodeIgniter->handleRequest(null, Object(Config\Cache), false)
 9 FCPATH\index.php(67): CodeIgniter\CodeIgniter->run()
10 SYSTEMPATH\Commands\Server\rewrite.php(47): require_once('FCPATH\\index.php')
CRITICAL - 2023-02-02 02:50:04 --> Undefined variable $data
in APPPATH\Controllers\Employ.php on line 41.
 1 APPPATH\Controllers\Employ.php(41): CodeIgniter\Debug\Exceptions->errorHandler(2, 'Undefined variable $data', 'APPPATH\\Controllers\\Employ.php', 41)
 2 SYSTEMPATH\CodeIgniter.php(925): App\Controllers\Employ->index()
 3 SYSTEMPATH\CodeIgniter.php(480): CodeIgniter\CodeIgniter->runController(Object(App\Controllers\Employ))
 4 SYSTEMPATH\CodeIgniter.php(349): CodeIgniter\CodeIgniter->handleRequest(null, Object(Config\Cache), false)
 5 FCPATH\index.php(67): CodeIgniter\CodeIgniter->run()
 6 SYSTEMPATH\Commands\Server\rewrite.php(47): require_once('FCPATH\\index.php')
ERROR - 2023-02-02 03:10:06 --> mysqli_sql_exception: Unknown column 'namo' in 'where clause' in C:\xampp\htdocs\Emeeting_sys\system\Database\MySQLi\Connection.php:292
Stack trace:
#0 C:\xampp\htdocs\Emeeting_sys\system\Database\MySQLi\Connection.php(292): mysqli->query('SELECT `id_emp`...', 0)
#1 C:\xampp\htdocs\Emeeting_sys\system\Database\BaseConnection.php(666): CodeIgniter\Database\MySQLi\Connection->execute('SELECT `id_emp`...')
#2 C:\xampp\htdocs\Emeeting_sys\system\Database\BaseConnection.php(593): CodeIgniter\Database\BaseConnection->simpleQuery('SELECT `id_emp`...')
#3 C:\xampp\htdocs\Emeeting_sys\system\Database\BaseBuilder.php(1585): CodeIgniter\Database\BaseConnection->query('SELECT `id_emp`...', Array, false)
#4 C:\xampp\htdocs\Emeeting_sys\system\Model.php(240): CodeIgniter\Database\BaseBuilder->get()
#5 C:\xampp\htdocs\Emeeting_sys\system\BaseModel.php(586): CodeIgniter\Model->doFindAll(0, 0)
#6 C:\xampp\htdocs\Emeeting_sys\app\Controllers\Employ.php(41): CodeIgniter\BaseModel->findAll()
#7 C:\xampp\htdocs\Emeeting_sys\system\CodeIgniter.php(925): App\Controllers\Employ->index()
#8 C:\xampp\htdocs\Emeeting_sys\system\CodeIgniter.php(480): CodeIgniter\CodeIgniter->runController(Object(App\Controllers\Employ))
#9 C:\xampp\htdocs\Emeeting_sys\system\CodeIgniter.php(349): CodeIgniter\CodeIgniter->handleRequest(NULL, Object(Config\Cache), false)
#10 C:\xampp\htdocs\Emeeting_sys\public\index.php(67): CodeIgniter\CodeIgniter->run()
#11 C:\xampp\htdocs\Emeeting_sys\system\Commands\Server\rewrite.php(47): require_once('C:\\xampp\\htdocs...')
#12 {main}
CRITICAL - 2023-02-02 03:10:06 --> Call to a member function getResult() on bool
in SYSTEMPATH\Model.php on line 241.
 1 SYSTEMPATH\BaseModel.php(586): CodeIgniter\Model->doFindAll(0, 0)
 2 APPPATH\Controllers\Employ.php(41): CodeIgniter\BaseModel->findAll()
 3 SYSTEMPATH\CodeIgniter.php(925): App\Controllers\Employ->index()
 4 SYSTEMPATH\CodeIgniter.php(480): CodeIgniter\CodeIgniter->runController(Object(App\Controllers\Employ))
 5 SYSTEMPATH\CodeIgniter.php(349): CodeIgniter\CodeIgniter->handleRequest(null, Object(Config\Cache), false)
 6 FCPATH\index.php(67): CodeIgniter\CodeIgniter->run()
 7 SYSTEMPATH\Commands\Server\rewrite.php(47): require_once('FCPATH\\index.php')
CRITICAL - 2023-02-02 21:49:39 --> Unsupported operand types: string - string
in APPPATH\Controllers\Employ.php on line 160.
 1 SYSTEMPATH\CodeIgniter.php(925): App\Controllers\Employ->updatesalary()
 2 SYSTEMPATH\CodeIgniter.php(480): CodeIgniter\CodeIgniter->runController(Object(App\Controllers\Employ))
 3 SYSTEMPATH\CodeIgniter.php(349): CodeIgniter\CodeIgniter->handleRequest(null, Object(Config\Cache), false)
 4 FCPATH\index.php(67): CodeIgniter\CodeIgniter->run()
 5 SYSTEMPATH\Commands\Server\rewrite.php(47): require_once('FCPATH\\index.php')
CRITICAL - 2023-02-02 21:50:41 --> Unsupported operand types: string - string
in APPPATH\Controllers\Employ.php on line 157.
 1 SYSTEMPATH\CodeIgniter.php(925): App\Controllers\Employ->updatesalary()
 2 SYSTEMPATH\CodeIgniter.php(480): CodeIgniter\CodeIgniter->runController(Object(App\Controllers\Employ))
 3 SYSTEMPATH\CodeIgniter.php(349): CodeIgniter\CodeIgniter->handleRequest(null, Object(Config\Cache), false)
 4 FCPATH\index.php(67): CodeIgniter\CodeIgniter->run()
 5 SYSTEMPATH\Commands\Server\rewrite.php(47): require_once('FCPATH\\index.php')
CRITICAL - 2023-02-02 21:50:54 --> Unsupported operand types: string - string
in APPPATH\Controllers\Employ.php on line 157.
 1 SYSTEMPATH\CodeIgniter.php(925): App\Controllers\Employ->updatesalary()
 2 SYSTEMPATH\CodeIgniter.php(480): CodeIgniter\CodeIgniter->runController(Object(App\Controllers\Employ))
 3 SYSTEMPATH\CodeIgniter.php(349): CodeIgniter\CodeIgniter->handleRequest(null, Object(Config\Cache), false)
 4 FCPATH\index.php(67): CodeIgniter\CodeIgniter->run()
 5 SYSTEMPATH\Commands\Server\rewrite.php(47): require_once('FCPATH\\index.php')
CRITICAL - 2023-02-02 21:51:16 --> Unsupported operand types: string - string
in APPPATH\Controllers\Employ.php on line 157.
 1 SYSTEMPATH\CodeIgniter.php(925): App\Controllers\Employ->updatesalary()
 2 SYSTEMPATH\CodeIgniter.php(480): CodeIgniter\CodeIgniter->runController(Object(App\Controllers\Employ))
 3 SYSTEMPATH\CodeIgniter.php(349): CodeIgniter\CodeIgniter->handleRequest(null, Object(Config\Cache), false)
 4 FCPATH\index.php(67): CodeIgniter\CodeIgniter->run()
 5 SYSTEMPATH\Commands\Server\rewrite.php(47): require_once('FCPATH\\index.php')
CRITICAL - 2023-02-02 21:51:43 --> Unsupported operand types: string - string
in APPPATH\Controllers\Employ.php on line 157.
 1 SYSTEMPATH\CodeIgniter.php(925): App\Controllers\Employ->updatesalary()
 2 SYSTEMPATH\CodeIgniter.php(480): CodeIgniter\CodeIgniter->runController(Object(App\Controllers\Employ))
 3 SYSTEMPATH\CodeIgniter.php(349): CodeIgniter\CodeIgniter->handleRequest(null, Object(Config\Cache), false)
 4 FCPATH\index.php(67): CodeIgniter\CodeIgniter->run()
 5 SYSTEMPATH\Commands\Server\rewrite.php(47): require_once('FCPATH\\index.php')
CRITICAL - 2023-02-02 21:52:02 --> Unsupported operand types: string - string
in APPPATH\Controllers\Employ.php on line 157.
 1 SYSTEMPATH\CodeIgniter.php(925): App\Controllers\Employ->updatesalary()
 2 SYSTEMPATH\CodeIgniter.php(480): CodeIgniter\CodeIgniter->runController(Object(App\Controllers\Employ))
 3 SYSTEMPATH\CodeIgniter.php(349): CodeIgniter\CodeIgniter->handleRequest(null, Object(Config\Cache), false)
 4 FCPATH\index.php(67): CodeIgniter\CodeIgniter->run()
 5 SYSTEMPATH\Commands\Server\rewrite.php(47): require_once('FCPATH\\index.php')
CRITICAL - 2023-02-02 21:56:37 --> Unsupported operand types: string - string
in APPPATH\Controllers\Employ.php on line 157.
 1 SYSTEMPATH\CodeIgniter.php(925): App\Controllers\Employ->updatesalary()
 2 SYSTEMPATH\CodeIgniter.php(480): CodeIgniter\CodeIgniter->runController(Object(App\Controllers\Employ))
 3 SYSTEMPATH\CodeIgniter.php(349): CodeIgniter\CodeIgniter->handleRequest(null, Object(Config\Cache), false)
 4 FCPATH\index.php(67): CodeIgniter\CodeIgniter->run()
 5 SYSTEMPATH\Commands\Server\rewrite.php(47): require_once('FCPATH\\index.php')
CRITICAL - 2023-02-02 21:56:45 --> Unsupported operand types: string - string
in APPPATH\Controllers\Employ.php on line 157.
 1 SYSTEMPATH\CodeIgniter.php(925): App\Controllers\Employ->updatesalary()
 2 SYSTEMPATH\CodeIgniter.php(480): CodeIgniter\CodeIgniter->runController(Object(App\Controllers\Employ))
 3 SYSTEMPATH\CodeIgniter.php(349): CodeIgniter\CodeIgniter->handleRequest(null, Object(Config\Cache), false)
 4 FCPATH\index.php(67): CodeIgniter\CodeIgniter->run()
 5 SYSTEMPATH\Commands\Server\rewrite.php(47): require_once('FCPATH\\index.php')
CRITICAL - 2023-02-02 21:58:32 --> Unsupported operand types: string - string
in APPPATH\Controllers\Employ.php on line 161.
 1 SYSTEMPATH\CodeIgniter.php(925): App\Controllers\Employ->updatesalary()
 2 SYSTEMPATH\CodeIgniter.php(480): CodeIgniter\CodeIgniter->runController(Object(App\Controllers\Employ))
 3 SYSTEMPATH\CodeIgniter.php(349): CodeIgniter\CodeIgniter->handleRequest(null, Object(Config\Cache), false)
 4 FCPATH\index.php(67): CodeIgniter\CodeIgniter->run()
 5 SYSTEMPATH\Commands\Server\rewrite.php(47): require_once('FCPATH\\index.php')
CRITICAL - 2023-02-02 22:00:59 --> Unsupported operand types: string - string
in APPPATH\Views\salary.php on line 36.
 1 SYSTEMPATH\View\View.php(213): include()
 2 SYSTEMPATH\View\View.php(216): CodeIgniter\View\View->CodeIgniter\View\{closure}()
 3 SYSTEMPATH\Common.php(1135): CodeIgniter\View\View->render('salary', [], true)
 4 APPPATH\Controllers\Employ.php(97): view('salary', [...])
 5 SYSTEMPATH\CodeIgniter.php(925): App\Controllers\Employ->salary()
 6 SYSTEMPATH\CodeIgniter.php(480): CodeIgniter\CodeIgniter->runController(Object(App\Controllers\Employ))
 7 SYSTEMPATH\CodeIgniter.php(349): CodeIgniter\CodeIgniter->handleRequest(null, Object(Config\Cache), false)
 8 FCPATH\index.php(67): CodeIgniter\CodeIgniter->run()
 9 SYSTEMPATH\Commands\Server\rewrite.php(47): require_once('FCPATH\\index.php')
CRITICAL - 2023-02-02 22:01:01 --> Unsupported operand types: string - string
in APPPATH\Views\salary.php on line 36.
 1 SYSTEMPATH\View\View.php(213): include()
 2 SYSTEMPATH\View\View.php(216): CodeIgniter\View\View->CodeIgniter\View\{closure}()
 3 SYSTEMPATH\Common.php(1135): CodeIgniter\View\View->render('salary', [], true)
 4 APPPATH\Controllers\Employ.php(97): view('salary', [...])
 5 SYSTEMPATH\CodeIgniter.php(925): App\Controllers\Employ->salary()
 6 SYSTEMPATH\CodeIgniter.php(480): CodeIgniter\CodeIgniter->runController(Object(App\Controllers\Employ))
 7 SYSTEMPATH\CodeIgniter.php(349): CodeIgniter\CodeIgniter->handleRequest(null, Object(Config\Cache), false)
 8 FCPATH\index.php(67): CodeIgniter\CodeIgniter->run()
 9 SYSTEMPATH\Commands\Server\rewrite.php(47): require_once('FCPATH\\index.php')
CRITICAL - 2023-02-02 22:01:44 --> Undefined array key "totalsalary_emp"
in APPPATH\Controllers\Employ.php on line 161.
 1 APPPATH\Controllers\Employ.php(161): CodeIgniter\Debug\Exceptions->errorHandler(2, 'Undefined array key "totalsalary_emp"', 'APPPATH\\Controllers\\Employ.php', 161)
 2 SYSTEMPATH\CodeIgniter.php(925): App\Controllers\Employ->updatesalary()
 3 SYSTEMPATH\CodeIgniter.php(480): CodeIgniter\CodeIgniter->runController(Object(App\Controllers\Employ))
 4 SYSTEMPATH\CodeIgniter.php(349): CodeIgniter\CodeIgniter->handleRequest(null, Object(Config\Cache), false)
 5 FCPATH\index.php(67): CodeIgniter\CodeIgniter->run()
 6 SYSTEMPATH\Commands\Server\rewrite.php(47): require_once('FCPATH\\index.php')
CRITICAL - 2023-02-02 22:01:47 --> Undefined array key "totalsalary_emp"
in APPPATH\Controllers\Employ.php on line 161.
 1 APPPATH\Controllers\Employ.php(161): CodeIgniter\Debug\Exceptions->errorHandler(2, 'Undefined array key "totalsalary_emp"', 'APPPATH\\Controllers\\Employ.php', 161)
 2 SYSTEMPATH\CodeIgniter.php(925): App\Controllers\Employ->updatesalary()
 3 SYSTEMPATH\CodeIgniter.php(480): CodeIgniter\CodeIgniter->runController(Object(App\Controllers\Employ))
 4 SYSTEMPATH\CodeIgniter.php(349): CodeIgniter\CodeIgniter->handleRequest(null, Object(Config\Cache), false)
 5 FCPATH\index.php(67): CodeIgniter\CodeIgniter->run()
 6 SYSTEMPATH\Commands\Server\rewrite.php(47): require_once('FCPATH\\index.php')
CRITICAL - 2023-02-02 22:04:08 --> Unsupported operand types: string - string
in APPPATH\Controllers\Employ.php on line 157.
 1 SYSTEMPATH\CodeIgniter.php(925): App\Controllers\Employ->updatesalary()
 2 SYSTEMPATH\CodeIgniter.php(480): CodeIgniter\CodeIgniter->runController(Object(App\Controllers\Employ))
 3 SYSTEMPATH\CodeIgniter.php(349): CodeIgniter\CodeIgniter->handleRequest(null, Object(Config\Cache), false)
 4 FCPATH\index.php(67): CodeIgniter\CodeIgniter->run()
 5 SYSTEMPATH\Commands\Server\rewrite.php(47): require_once('FCPATH\\index.php')
CRITICAL - 2023-02-02 22:05:45 --> Unsupported operand types: string - string
in APPPATH\Controllers\Employ.php on line 158.
 1 SYSTEMPATH\CodeIgniter.php(925): App\Controllers\Employ->updatesalary()
 2 SYSTEMPATH\CodeIgniter.php(480): CodeIgniter\CodeIgniter->runController(Object(App\Controllers\Employ))
 3 SYSTEMPATH\CodeIgniter.php(349): CodeIgniter\CodeIgniter->handleRequest(null, Object(Config\Cache), false)
 4 FCPATH\index.php(67): CodeIgniter\CodeIgniter->run()
 5 SYSTEMPATH\Commands\Server\rewrite.php(47): require_once('FCPATH\\index.php')
CRITICAL - 2023-02-02 22:06:19 --> Unsupported operand types: string - string
in APPPATH\Controllers\Employ.php on line 158.
 1 SYSTEMPATH\CodeIgniter.php(925): App\Controllers\Employ->updatesalary()
 2 SYSTEMPATH\CodeIgniter.php(480): CodeIgniter\CodeIgniter->runController(Object(App\Controllers\Employ))
 3 SYSTEMPATH\CodeIgniter.php(349): CodeIgniter\CodeIgniter->handleRequest(null, Object(Config\Cache), false)
 4 FCPATH\index.php(67): CodeIgniter\CodeIgniter->run()
 5 SYSTEMPATH\Commands\Server\rewrite.php(47): require_once('FCPATH\\index.php')
ERROR - 2023-02-02 22:08:50 --> mysqli_sql_exception: You have an error in your SQL syntax; check the manual that corresponds to your MariaDB server version for the right syntax to use near 'to
FROM `employee`
 LIMIT 1' at line 1 in C:\xampp\htdocs\performance\system\Database\MySQLi\Connection.php:292
Stack trace:
#0 C:\xampp\htdocs\performance\system\Database\MySQLi\Connection.php(292): mysqli->query('SELECT sum(tota...', 0)
#1 C:\xampp\htdocs\performance\system\Database\BaseConnection.php(666): CodeIgniter\Database\MySQLi\Connection->execute('SELECT sum(tota...')
#2 C:\xampp\htdocs\performance\system\Database\BaseConnection.php(593): CodeIgniter\Database\BaseConnection->simpleQuery('SELECT sum(tota...')
#3 C:\xampp\htdocs\performance\system\Database\BaseBuilder.php(1585): CodeIgniter\Database\BaseConnection->query('SELECT sum(tota...', Array, false)
#4 C:\xampp\htdocs\performance\system\Model.php(267): CodeIgniter\Database\BaseBuilder->get()
#5 C:\xampp\htdocs\performance\system\BaseModel.php(624): CodeIgniter\Model->doFirst()
#6 C:\xampp\htdocs\performance\app\Controllers\Employ.php(96): CodeIgniter\BaseModel->first()
#7 C:\xampp\htdocs\performance\system\CodeIgniter.php(925): App\Controllers\Employ->salary()
#8 C:\xampp\htdocs\performance\system\CodeIgniter.php(480): CodeIgniter\CodeIgniter->runController(Object(App\Controllers\Employ))
#9 C:\xampp\htdocs\performance\system\CodeIgniter.php(349): CodeIgniter\CodeIgniter->handleRequest(NULL, Object(Config\Cache), false)
#10 C:\xampp\htdocs\performance\public\index.php(67): CodeIgniter\CodeIgniter->run()
#11 C:\xampp\htdocs\performance\system\Commands\Server\rewrite.php(47): require_once('C:\\xampp\\htdocs...')
#12 {main}
CRITICAL - 2023-02-02 22:08:50 --> Call to a member function getFirstRow() on bool
in SYSTEMPATH\Model.php on line 267.
 1 SYSTEMPATH\BaseModel.php(624): CodeIgniter\Model->doFirst()
 2 APPPATH\Controllers\Employ.php(96): CodeIgniter\BaseModel->first()
 3 SYSTEMPATH\CodeIgniter.php(925): App\Controllers\Employ->salary()
 4 SYSTEMPATH\CodeIgniter.php(480): CodeIgniter\CodeIgniter->runController(Object(App\Controllers\Employ))
 5 SYSTEMPATH\CodeIgniter.php(349): CodeIgniter\CodeIgniter->handleRequest(null, Object(Config\Cache), false)
 6 FCPATH\index.php(67): CodeIgniter\CodeIgniter->run()
 7 SYSTEMPATH\Commands\Server\rewrite.php(47): require_once('FCPATH\\index.php')
ERROR - 2023-02-02 22:09:08 --> mysqli_sql_exception: You have an error in your SQL syntax; check the manual that corresponds to your MariaDB server version for the right syntax to use near 'to
FROM `employee`
 LIMIT 1' at line 1 in C:\xampp\htdocs\performance\system\Database\MySQLi\Connection.php:292
Stack trace:
#0 C:\xampp\htdocs\performance\system\Database\MySQLi\Connection.php(292): mysqli->query('SELECT sum(tota...', 0)
#1 C:\xampp\htdocs\performance\system\Database\BaseConnection.php(666): CodeIgniter\Database\MySQLi\Connection->execute('SELECT sum(tota...')
#2 C:\xampp\htdocs\performance\system\Database\BaseConnection.php(593): CodeIgniter\Database\BaseConnection->simpleQuery('SELECT sum(tota...')
#3 C:\xampp\htdocs\performance\system\Database\BaseBuilder.php(1585): CodeIgniter\Database\BaseConnection->query('SELECT sum(tota...', Array, false)
#4 C:\xampp\htdocs\performance\system\Model.php(267): CodeIgniter\Database\BaseBuilder->get()
#5 C:\xampp\htdocs\performance\system\BaseModel.php(624): CodeIgniter\Model->doFirst()
#6 C:\xampp\htdocs\performance\app\Controllers\Employ.php(96): CodeIgniter\BaseModel->first()
#7 C:\xampp\htdocs\performance\system\CodeIgniter.php(925): App\Controllers\Employ->salary()
#8 C:\xampp\htdocs\performance\system\CodeIgniter.php(480): CodeIgniter\CodeIgniter->runController(Object(App\Controllers\Employ))
#9 C:\xampp\htdocs\performance\system\CodeIgniter.php(349): CodeIgniter\CodeIgniter->handleRequest(NULL, Object(Config\Cache), false)
#10 C:\xampp\htdocs\performance\public\index.php(67): CodeIgniter\CodeIgniter->run()
#11 C:\xampp\htdocs\performance\system\Commands\Server\rewrite.php(47): require_once('C:\\xampp\\htdocs...')
#12 {main}
CRITICAL - 2023-02-02 22:09:08 --> Call to a member function getFirstRow() on bool
in SYSTEMPATH\Model.php on line 267.
 1 SYSTEMPATH\BaseModel.php(624): CodeIgniter\Model->doFirst()
 2 APPPATH\Controllers\Employ.php(96): CodeIgniter\BaseModel->first()
 3 SYSTEMPATH\CodeIgniter.php(925): App\Controllers\Employ->salary()
 4 SYSTEMPATH\CodeIgniter.php(480): CodeIgniter\CodeIgniter->runController(Object(App\Controllers\Employ))
 5 SYSTEMPATH\CodeIgniter.php(349): CodeIgniter\CodeIgniter->handleRequest(null, Object(Config\Cache), false)
 6 FCPATH\index.php(67): CodeIgniter\CodeIgniter->run()
 7 SYSTEMPATH\Commands\Server\rewrite.php(47): require_once('FCPATH\\index.php')
ERROR - 2023-02-02 22:09:09 --> mysqli_sql_exception: You have an error in your SQL syntax; check the manual that corresponds to your MariaDB server version for the right syntax to use near 'to
FROM `employee`
 LIMIT 1' at line 1 in C:\xampp\htdocs\performance\system\Database\MySQLi\Connection.php:292
Stack trace:
#0 C:\xampp\htdocs\performance\system\Database\MySQLi\Connection.php(292): mysqli->query('SELECT sum(tota...', 0)
#1 C:\xampp\htdocs\performance\system\Database\BaseConnection.php(666): CodeIgniter\Database\MySQLi\Connection->execute('SELECT sum(tota...')
#2 C:\xampp\htdocs\performance\system\Database\BaseConnection.php(593): CodeIgniter\Database\BaseConnection->simpleQuery('SELECT sum(tota...')
#3 C:\xampp\htdocs\performance\system\Database\BaseBuilder.php(1585): CodeIgniter\Database\BaseConnection->query('SELECT sum(tota...', Array, false)
#4 C:\xampp\htdocs\performance\system\Model.php(267): CodeIgniter\Database\BaseBuilder->get()
#5 C:\xampp\htdocs\performance\system\BaseModel.php(624): CodeIgniter\Model->doFirst()
#6 C:\xampp\htdocs\performance\app\Controllers\Employ.php(96): CodeIgniter\BaseModel->first()
#7 C:\xampp\htdocs\performance\system\CodeIgniter.php(925): App\Controllers\Employ->salary()
#8 C:\xampp\htdocs\performance\system\CodeIgniter.php(480): CodeIgniter\CodeIgniter->runController(Object(App\Controllers\Employ))
#9 C:\xampp\htdocs\performance\system\CodeIgniter.php(349): CodeIgniter\CodeIgniter->handleRequest(NULL, Object(Config\Cache), false)
#10 C:\xampp\htdocs\performance\public\index.php(67): CodeIgniter\CodeIgniter->run()
#11 C:\xampp\htdocs\performance\system\Commands\Server\rewrite.php(47): require_once('C:\\xampp\\htdocs...')
#12 {main}
CRITICAL - 2023-02-02 22:09:09 --> Call to a member function getFirstRow() on bool
in SYSTEMPATH\Model.php on line 267.
 1 SYSTEMPATH\BaseModel.php(624): CodeIgniter\Model->doFirst()
 2 APPPATH\Controllers\Employ.php(96): CodeIgniter\BaseModel->first()
 3 SYSTEMPATH\CodeIgniter.php(925): App\Controllers\Employ->salary()
 4 SYSTEMPATH\CodeIgniter.php(480): CodeIgniter\CodeIgniter->runController(Object(App\Controllers\Employ))
 5 SYSTEMPATH\CodeIgniter.php(349): CodeIgniter\CodeIgniter->handleRequest(null, Object(Config\Cache), false)
 6 FCPATH\index.php(67): CodeIgniter\CodeIgniter->run()
 7 SYSTEMPATH\Commands\Server\rewrite.php(47): require_once('FCPATH\\index.php')
ERROR - 2023-02-02 22:09:24 --> mysqli_sql_exception: You have an error in your SQL syntax; check the manual that corresponds to your MariaDB server version for the right syntax to use near 'to
FROM `employee`
 LIMIT 1' at line 1 in C:\xampp\htdocs\performance\system\Database\MySQLi\Connection.php:292
Stack trace:
#0 C:\xampp\htdocs\performance\system\Database\MySQLi\Connection.php(292): mysqli->query('SELECT sum(tota...', 0)
#1 C:\xampp\htdocs\performance\system\Database\BaseConnection.php(666): CodeIgniter\Database\MySQLi\Connection->execute('SELECT sum(tota...')
#2 C:\xampp\htdocs\performance\system\Database\BaseConnection.php(593): CodeIgniter\Database\BaseConnection->simpleQuery('SELECT sum(tota...')
#3 C:\xampp\htdocs\performance\system\Database\BaseBuilder.php(1585): CodeIgniter\Database\BaseConnection->query('SELECT sum(tota...', Array, false)
#4 C:\xampp\htdocs\performance\system\Model.php(267): CodeIgniter\Database\BaseBuilder->get()
#5 C:\xampp\htdocs\performance\system\BaseModel.php(624): CodeIgniter\Model->doFirst()
#6 C:\xampp\htdocs\performance\app\Controllers\Employ.php(96): CodeIgniter\BaseModel->first()
#7 C:\xampp\htdocs\performance\system\CodeIgniter.php(925): App\Controllers\Employ->salary()
#8 C:\xampp\htdocs\performance\system\CodeIgniter.php(480): CodeIgniter\CodeIgniter->runController(Object(App\Controllers\Employ))
#9 C:\xampp\htdocs\performance\system\CodeIgniter.php(349): CodeIgniter\CodeIgniter->handleRequest(NULL, Object(Config\Cache), false)
#10 C:\xampp\htdocs\performance\public\index.php(67): CodeIgniter\CodeIgniter->run()
#11 C:\xampp\htdocs\performance\system\Commands\Server\rewrite.php(47): require_once('C:\\xampp\\htdocs...')
#12 {main}
CRITICAL - 2023-02-02 22:09:24 --> Call to a member function getFirstRow() on bool
in SYSTEMPATH\Model.php on line 267.
 1 SYSTEMPATH\BaseModel.php(624): CodeIgniter\Model->doFirst()
 2 APPPATH\Controllers\Employ.php(96): CodeIgniter\BaseModel->first()
 3 SYSTEMPATH\CodeIgniter.php(925): App\Controllers\Employ->salary()
 4 SYSTEMPATH\CodeIgniter.php(480): CodeIgniter\CodeIgniter->runController(Object(App\Controllers\Employ))
 5 SYSTEMPATH\CodeIgniter.php(349): CodeIgniter\CodeIgniter->handleRequest(null, Object(Config\Cache), false)
 6 FCPATH\index.php(67): CodeIgniter\CodeIgniter->run()
 7 SYSTEMPATH\Commands\Server\rewrite.php(47): require_once('FCPATH\\index.php')
ERROR - 2023-02-02 22:09:31 --> mysqli_sql_exception: You have an error in your SQL syntax; check the manual that corresponds to your MariaDB server version for the right syntax to use near 'to
FROM `employee`
 LIMIT 1' at line 1 in C:\xampp\htdocs\performance\system\Database\MySQLi\Connection.php:292
Stack trace:
#0 C:\xampp\htdocs\performance\system\Database\MySQLi\Connection.php(292): mysqli->query('SELECT sum(tota...', 0)
#1 C:\xampp\htdocs\performance\system\Database\BaseConnection.php(666): CodeIgniter\Database\MySQLi\Connection->execute('SELECT sum(tota...')
#2 C:\xampp\htdocs\performance\system\Database\BaseConnection.php(593): CodeIgniter\Database\BaseConnection->simpleQuery('SELECT sum(tota...')
#3 C:\xampp\htdocs\performance\system\Database\BaseBuilder.php(1585): CodeIgniter\Database\BaseConnection->query('SELECT sum(tota...', Array, false)
#4 C:\xampp\htdocs\performance\system\Model.php(267): CodeIgniter\Database\BaseBuilder->get()
#5 C:\xampp\htdocs\performance\system\BaseModel.php(624): CodeIgniter\Model->doFirst()
#6 C:\xampp\htdocs\performance\app\Controllers\Employ.php(96): CodeIgniter\BaseModel->first()
#7 C:\xampp\htdocs\performance\system\CodeIgniter.php(925): App\Controllers\Employ->salary()
#8 C:\xampp\htdocs\performance\system\CodeIgniter.php(480): CodeIgniter\CodeIgniter->runController(Object(App\Controllers\Employ))
#9 C:\xampp\htdocs\performance\system\CodeIgniter.php(349): CodeIgniter\CodeIgniter->handleRequest(NULL, Object(Config\Cache), false)
#10 C:\xampp\htdocs\performance\public\index.php(67): CodeIgniter\CodeIgniter->run()
#11 C:\xampp\htdocs\performance\system\Commands\Server\rewrite.php(47): require_once('C:\\xampp\\htdocs...')
#12 {main}
CRITICAL - 2023-02-02 22:09:31 --> Call to a member function getFirstRow() on bool
in SYSTEMPATH\Model.php on line 267.
 1 SYSTEMPATH\BaseModel.php(624): CodeIgniter\Model->doFirst()
 2 APPPATH\Controllers\Employ.php(96): CodeIgniter\BaseModel->first()
 3 SYSTEMPATH\CodeIgniter.php(925): App\Controllers\Employ->salary()
 4 SYSTEMPATH\CodeIgniter.php(480): CodeIgniter\CodeIgniter->runController(Object(App\Controllers\Employ))
 5 SYSTEMPATH\CodeIgniter.php(349): CodeIgniter\CodeIgniter->handleRequest(null, Object(Config\Cache), false)
 6 FCPATH\index.php(67): CodeIgniter\CodeIgniter->run()
 7 SYSTEMPATH\Commands\Server\rewrite.php(47): require_once('FCPATH\\index.php')
CRITICAL - 2023-02-02 22:14:16 --> Unsupported operand types: string - string
in APPPATH\Controllers\Employ.php on line 161.
 1 SYSTEMPATH\CodeIgniter.php(925): App\Controllers\Employ->updatesalary()
 2 SYSTEMPATH\CodeIgniter.php(480): CodeIgniter\CodeIgniter->runController(Object(App\Controllers\Employ))
 3 SYSTEMPATH\CodeIgniter.php(349): CodeIgniter\CodeIgniter->handleRequest(null, Object(Config\Cache), false)
 4 FCPATH\index.php(67): CodeIgniter\CodeIgniter->run()
 5 SYSTEMPATH\Commands\Server\rewrite.php(47): require_once('FCPATH\\index.php')
