CRITICAL - 2023-02-07 00:15:11 --> Undefined array key "month"
in APPPATH\Views\employee\show_emp.php on line 54.
 1 APPPATH\Views\employee\show_emp.php(54): CodeIgniter\Debug\Exceptions->errorHandler(2, 'Undefined array key "month"', 'APPPATH\\Views\\employee\\show_emp.php', 54)
 2 SYSTEMPATH\View\View.php(213): include('APPPATH\\Views\\employee\\show_emp.php')
 3 SYSTEMPATH\View\View.php(216): CodeIgniter\View\View->CodeIgniter\View\{closure}()
 4 SYSTEMPATH\Common.php(1135): CodeIgniter\View\View->render('employee/show_emp', [], true)
 5 APPPATH\Controllers\Employ.php(53): view('employee/show_emp', [...])
 6 SYSTEMPATH\CodeIgniter.php(925): App\Controllers\Employ->index()
 7 SYSTEMPATH\CodeIgniter.php(480): CodeIgniter\CodeIgniter->runController(Object(App\Controllers\Employ))
 8 SYSTEMPATH\CodeIgniter.php(349): CodeIgniter\CodeIgniter->handleRequest(null, Object(Config\Cache), false)
 9 FCPATH\index.php(67): CodeIgniter\CodeIgniter->run()
10 SYSTEMPATH\Commands\Server\rewrite.php(47): require_once('FCPATH\\index.php')
CRITICAL - 2023-02-07 00:15:15 --> Undefined array key "month"
in APPPATH\Views\employee\show_emp.php on line 54.
 1 APPPATH\Views\employee\show_emp.php(54): CodeIgniter\Debug\Exceptions->errorHandler(2, 'Undefined array key "month"', 'APPPATH\\Views\\employee\\show_emp.php', 54)
 2 SYSTEMPATH\View\View.php(213): include('APPPATH\\Views\\employee\\show_emp.php')
 3 SYSTEMPATH\View\View.php(216): CodeIgniter\View\View->CodeIgniter\View\{closure}()
 4 SYSTEMPATH\Common.php(1135): CodeIgniter\View\View->render('employee/show_emp', [], true)
 5 APPPATH\Controllers\Employ.php(53): view('employee/show_emp', [...])
 6 SYSTEMPATH\CodeIgniter.php(925): App\Controllers\Employ->index()
 7 SYSTEMPATH\CodeIgniter.php(480): CodeIgniter\CodeIgniter->runController(Object(App\Controllers\Employ))
 8 SYSTEMPATH\CodeIgniter.php(349): CodeIgniter\CodeIgniter->handleRequest(null, Object(Config\Cache), false)
 9 FCPATH\index.php(67): CodeIgniter\CodeIgniter->run()
10 SYSTEMPATH\Commands\Server\rewrite.php(47): require_once('FCPATH\\index.php')
ERROR - 2023-02-07 00:16:37 --> mysqli_sql_exception: Unknown column 'totalsalary' in 'where clause' in C:\xampp\htdocs\performance\system\Database\MySQLi\Connection.php:292
Stack trace:
#0 C:\xampp\htdocs\performance\system\Database\MySQLi\Connection.php(292): mysqli->query('SELECT `id_emp`...', 0)
#1 C:\xampp\htdocs\performance\system\Database\BaseConnection.php(666): CodeIgniter\Database\MySQLi\Connection->execute('SELECT `id_emp`...')
#2 C:\xampp\htdocs\performance\system\Database\BaseConnection.php(593): CodeIgniter\Database\BaseConnection->simpleQuery('SELECT `id_emp`...')
#3 C:\xampp\htdocs\performance\system\Database\BaseBuilder.php(1585): CodeIgniter\Database\BaseConnection->query('SELECT `id_emp`...', Array, false)
#4 C:\xampp\htdocs\performance\system\Model.php(240): CodeIgniter\Database\BaseBuilder->get()
#5 C:\xampp\htdocs\performance\system\BaseModel.php(586): CodeIgniter\Model->doFindAll(0, 0)
#6 C:\xampp\htdocs\performance\app\Controllers\Employ.php(42): CodeIgniter\BaseModel->findAll()
#7 C:\xampp\htdocs\performance\system\CodeIgniter.php(925): App\Controllers\Employ->index()
#8 C:\xampp\htdocs\performance\system\CodeIgniter.php(480): CodeIgniter\CodeIgniter->runController(Object(App\Controllers\Employ))
#9 C:\xampp\htdocs\performance\system\CodeIgniter.php(349): CodeIgniter\CodeIgniter->handleRequest(NULL, Object(Config\Cache), false)
#10 C:\xampp\htdocs\performance\public\index.php(67): CodeIgniter\CodeIgniter->run()
#11 C:\xampp\htdocs\performance\system\Commands\Server\rewrite.php(47): require_once('C:\\xampp\\htdocs...')
#12 {main}
CRITICAL - 2023-02-07 00:16:37 --> Call to a member function getResult() on bool
in SYSTEMPATH\Model.php on line 241.
 1 SYSTEMPATH\BaseModel.php(586): CodeIgniter\Model->doFindAll(0, 0)
 2 APPPATH\Controllers\Employ.php(42): CodeIgniter\BaseModel->findAll()
 3 SYSTEMPATH\CodeIgniter.php(925): App\Controllers\Employ->index()
 4 SYSTEMPATH\CodeIgniter.php(480): CodeIgniter\CodeIgniter->runController(Object(App\Controllers\Employ))
 5 SYSTEMPATH\CodeIgniter.php(349): CodeIgniter\CodeIgniter->handleRequest(null, Object(Config\Cache), false)
 6 FCPATH\index.php(67): CodeIgniter\CodeIgniter->run()
 7 SYSTEMPATH\Commands\Server\rewrite.php(47): require_once('FCPATH\\index.php')
ERROR - 2023-02-07 00:16:58 --> mysqli_sql_exception: Unknown column 'totalsalary' in 'where clause' in C:\xampp\htdocs\performance\system\Database\MySQLi\Connection.php:292
Stack trace:
#0 C:\xampp\htdocs\performance\system\Database\MySQLi\Connection.php(292): mysqli->query('SELECT `id_emp`...', 0)
#1 C:\xampp\htdocs\performance\system\Database\BaseConnection.php(666): CodeIgniter\Database\MySQLi\Connection->execute('SELECT `id_emp`...')
#2 C:\xampp\htdocs\performance\system\Database\BaseConnection.php(593): CodeIgniter\Database\BaseConnection->simpleQuery('SELECT `id_emp`...')
#3 C:\xampp\htdocs\performance\system\Database\BaseBuilder.php(1585): CodeIgniter\Database\BaseConnection->query('SELECT `id_emp`...', Array, false)
#4 C:\xampp\htdocs\performance\system\Model.php(240): CodeIgniter\Database\BaseBuilder->get()
#5 C:\xampp\htdocs\performance\system\BaseModel.php(586): CodeIgniter\Model->doFindAll(0, 0)
#6 C:\xampp\htdocs\performance\app\Controllers\Employ.php(42): CodeIgniter\BaseModel->findAll()
#7 C:\xampp\htdocs\performance\system\CodeIgniter.php(925): App\Controllers\Employ->index()
#8 C:\xampp\htdocs\performance\system\CodeIgniter.php(480): CodeIgniter\CodeIgniter->runController(Object(App\Controllers\Employ))
#9 C:\xampp\htdocs\performance\system\CodeIgniter.php(349): CodeIgniter\CodeIgniter->handleRequest(NULL, Object(Config\Cache), false)
#10 C:\xampp\htdocs\performance\public\index.php(67): CodeIgniter\CodeIgniter->run()
#11 C:\xampp\htdocs\performance\system\Commands\Server\rewrite.php(47): require_once('C:\\xampp\\htdocs...')
#12 {main}
CRITICAL - 2023-02-07 00:16:58 --> Call to a member function getResult() on bool
in SYSTEMPATH\Model.php on line 241.
 1 SYSTEMPATH\BaseModel.php(586): CodeIgniter\Model->doFindAll(0, 0)
 2 APPPATH\Controllers\Employ.php(42): CodeIgniter\BaseModel->findAll()
 3 SYSTEMPATH\CodeIgniter.php(925): App\Controllers\Employ->index()
 4 SYSTEMPATH\CodeIgniter.php(480): CodeIgniter\CodeIgniter->runController(Object(App\Controllers\Employ))
 5 SYSTEMPATH\CodeIgniter.php(349): CodeIgniter\CodeIgniter->handleRequest(null, Object(Config\Cache), false)
 6 FCPATH\index.php(67): CodeIgniter\CodeIgniter->run()
 7 SYSTEMPATH\Commands\Server\rewrite.php(47): require_once('FCPATH\\index.php')
ERROR - 2023-02-07 00:17:24 --> mysqli_sql_exception: Unknown column 'totalsalary' in 'where clause' in C:\xampp\htdocs\performance\system\Database\MySQLi\Connection.php:292
Stack trace:
#0 C:\xampp\htdocs\performance\system\Database\MySQLi\Connection.php(292): mysqli->query('SELECT `id_emp`...', 0)
#1 C:\xampp\htdocs\performance\system\Database\BaseConnection.php(666): CodeIgniter\Database\MySQLi\Connection->execute('SELECT `id_emp`...')
#2 C:\xampp\htdocs\performance\system\Database\BaseConnection.php(593): CodeIgniter\Database\BaseConnection->simpleQuery('SELECT `id_emp`...')
#3 C:\xampp\htdocs\performance\system\Database\BaseBuilder.php(1585): CodeIgniter\Database\BaseConnection->query('SELECT `id_emp`...', Array, false)
#4 C:\xampp\htdocs\performance\system\Model.php(240): CodeIgniter\Database\BaseBuilder->get()
#5 C:\xampp\htdocs\performance\system\BaseModel.php(586): CodeIgniter\Model->doFindAll(0, 0)
#6 C:\xampp\htdocs\performance\app\Controllers\Employ.php(42): CodeIgniter\BaseModel->findAll()
#7 C:\xampp\htdocs\performance\system\CodeIgniter.php(925): App\Controllers\Employ->index()
#8 C:\xampp\htdocs\performance\system\CodeIgniter.php(480): CodeIgniter\CodeIgniter->runController(Object(App\Controllers\Employ))
#9 C:\xampp\htdocs\performance\system\CodeIgniter.php(349): CodeIgniter\CodeIgniter->handleRequest(NULL, Object(Config\Cache), false)
#10 C:\xampp\htdocs\performance\public\index.php(67): CodeIgniter\CodeIgniter->run()
#11 C:\xampp\htdocs\performance\system\Commands\Server\rewrite.php(47): require_once('C:\\xampp\\htdocs...')
#12 {main}
CRITICAL - 2023-02-07 00:17:24 --> Call to a member function getResult() on bool
in SYSTEMPATH\Model.php on line 241.
 1 SYSTEMPATH\BaseModel.php(586): CodeIgniter\Model->doFindAll(0, 0)
 2 APPPATH\Controllers\Employ.php(42): CodeIgniter\BaseModel->findAll()
 3 SYSTEMPATH\CodeIgniter.php(925): App\Controllers\Employ->index()
 4 SYSTEMPATH\CodeIgniter.php(480): CodeIgniter\CodeIgniter->runController(Object(App\Controllers\Employ))
 5 SYSTEMPATH\CodeIgniter.php(349): CodeIgniter\CodeIgniter->handleRequest(null, Object(Config\Cache), false)
 6 FCPATH\index.php(67): CodeIgniter\CodeIgniter->run()
 7 SYSTEMPATH\Commands\Server\rewrite.php(47): require_once('FCPATH\\index.php')
ERROR - 2023-02-07 00:17:39 --> mysqli_sql_exception: Unknown column 'totalsalary' in 'where clause' in C:\xampp\htdocs\performance\system\Database\MySQLi\Connection.php:292
Stack trace:
#0 C:\xampp\htdocs\performance\system\Database\MySQLi\Connection.php(292): mysqli->query('SELECT `id_emp`...', 0)
#1 C:\xampp\htdocs\performance\system\Database\BaseConnection.php(666): CodeIgniter\Database\MySQLi\Connection->execute('SELECT `id_emp`...')
#2 C:\xampp\htdocs\performance\system\Database\BaseConnection.php(593): CodeIgniter\Database\BaseConnection->simpleQuery('SELECT `id_emp`...')
#3 C:\xampp\htdocs\performance\system\Database\BaseBuilder.php(1585): CodeIgniter\Database\BaseConnection->query('SELECT `id_emp`...', Array, false)
#4 C:\xampp\htdocs\performance\system\Model.php(240): CodeIgniter\Database\BaseBuilder->get()
#5 C:\xampp\htdocs\performance\system\BaseModel.php(586): CodeIgniter\Model->doFindAll(0, 0)
#6 C:\xampp\htdocs\performance\app\Controllers\Employ.php(42): CodeIgniter\BaseModel->findAll()
#7 C:\xampp\htdocs\performance\system\CodeIgniter.php(925): App\Controllers\Employ->index()
#8 C:\xampp\htdocs\performance\system\CodeIgniter.php(480): CodeIgniter\CodeIgniter->runController(Object(App\Controllers\Employ))
#9 C:\xampp\htdocs\performance\system\CodeIgniter.php(349): CodeIgniter\CodeIgniter->handleRequest(NULL, Object(Config\Cache), false)
#10 C:\xampp\htdocs\performance\public\index.php(67): CodeIgniter\CodeIgniter->run()
#11 C:\xampp\htdocs\performance\system\Commands\Server\rewrite.php(47): require_once('C:\\xampp\\htdocs...')
#12 {main}
CRITICAL - 2023-02-07 00:17:39 --> Call to a member function getResult() on bool
in SYSTEMPATH\Model.php on line 241.
 1 SYSTEMPATH\BaseModel.php(586): CodeIgniter\Model->doFindAll(0, 0)
 2 APPPATH\Controllers\Employ.php(42): CodeIgniter\BaseModel->findAll()
 3 SYSTEMPATH\CodeIgniter.php(925): App\Controllers\Employ->index()
 4 SYSTEMPATH\CodeIgniter.php(480): CodeIgniter\CodeIgniter->runController(Object(App\Controllers\Employ))
 5 SYSTEMPATH\CodeIgniter.php(349): CodeIgniter\CodeIgniter->handleRequest(null, Object(Config\Cache), false)
 6 FCPATH\index.php(67): CodeIgniter\CodeIgniter->run()
 7 SYSTEMPATH\Commands\Server\rewrite.php(47): require_once('FCPATH\\index.php')
ERROR - 2023-02-07 00:17:49 --> mysqli_sql_exception: Unknown column 'totalsalary' in 'where clause' in C:\xampp\htdocs\performance\system\Database\MySQLi\Connection.php:292
Stack trace:
#0 C:\xampp\htdocs\performance\system\Database\MySQLi\Connection.php(292): mysqli->query('SELECT `id_emp`...', 0)
#1 C:\xampp\htdocs\performance\system\Database\BaseConnection.php(666): CodeIgniter\Database\MySQLi\Connection->execute('SELECT `id_emp`...')
#2 C:\xampp\htdocs\performance\system\Database\BaseConnection.php(593): CodeIgniter\Database\BaseConnection->simpleQuery('SELECT `id_emp`...')
#3 C:\xampp\htdocs\performance\system\Database\BaseBuilder.php(1585): CodeIgniter\Database\BaseConnection->query('SELECT `id_emp`...', Array, false)
#4 C:\xampp\htdocs\performance\system\Model.php(240): CodeIgniter\Database\BaseBuilder->get()
#5 C:\xampp\htdocs\performance\system\BaseModel.php(586): CodeIgniter\Model->doFindAll(0, 0)
#6 C:\xampp\htdocs\performance\app\Controllers\Employ.php(42): CodeIgniter\BaseModel->findAll()
#7 C:\xampp\htdocs\performance\system\CodeIgniter.php(925): App\Controllers\Employ->index()
#8 C:\xampp\htdocs\performance\system\CodeIgniter.php(480): CodeIgniter\CodeIgniter->runController(Object(App\Controllers\Employ))
#9 C:\xampp\htdocs\performance\system\CodeIgniter.php(349): CodeIgniter\CodeIgniter->handleRequest(NULL, Object(Config\Cache), false)
#10 C:\xampp\htdocs\performance\public\index.php(67): CodeIgniter\CodeIgniter->run()
#11 C:\xampp\htdocs\performance\system\Commands\Server\rewrite.php(47): require_once('C:\\xampp\\htdocs...')
#12 {main}
CRITICAL - 2023-02-07 00:17:49 --> Call to a member function getResult() on bool
in SYSTEMPATH\Model.php on line 241.
 1 SYSTEMPATH\BaseModel.php(586): CodeIgniter\Model->doFindAll(0, 0)
 2 APPPATH\Controllers\Employ.php(42): CodeIgniter\BaseModel->findAll()
 3 SYSTEMPATH\CodeIgniter.php(925): App\Controllers\Employ->index()
 4 SYSTEMPATH\CodeIgniter.php(480): CodeIgniter\CodeIgniter->runController(Object(App\Controllers\Employ))
 5 SYSTEMPATH\CodeIgniter.php(349): CodeIgniter\CodeIgniter->handleRequest(null, Object(Config\Cache), false)
 6 FCPATH\index.php(67): CodeIgniter\CodeIgniter->run()
 7 SYSTEMPATH\Commands\Server\rewrite.php(47): require_once('FCPATH\\index.php')
ERROR - 2023-02-07 00:19:09 --> mysqli_sql_exception: Unknown column 'totalsalary' in 'where clause' in C:\xampp\htdocs\performance\system\Database\MySQLi\Connection.php:292
Stack trace:
#0 C:\xampp\htdocs\performance\system\Database\MySQLi\Connection.php(292): mysqli->query('SELECT `id_emp`...', 0)
#1 C:\xampp\htdocs\performance\system\Database\BaseConnection.php(666): CodeIgniter\Database\MySQLi\Connection->execute('SELECT `id_emp`...')
#2 C:\xampp\htdocs\performance\system\Database\BaseConnection.php(593): CodeIgniter\Database\BaseConnection->simpleQuery('SELECT `id_emp`...')
#3 C:\xampp\htdocs\performance\system\Database\BaseBuilder.php(1585): CodeIgniter\Database\BaseConnection->query('SELECT `id_emp`...', Array, false)
#4 C:\xampp\htdocs\performance\system\Model.php(240): CodeIgniter\Database\BaseBuilder->get()
#5 C:\xampp\htdocs\performance\system\BaseModel.php(586): CodeIgniter\Model->doFindAll(0, 0)
#6 C:\xampp\htdocs\performance\app\Controllers\Employ.php(42): CodeIgniter\BaseModel->findAll()
#7 C:\xampp\htdocs\performance\system\CodeIgniter.php(925): App\Controllers\Employ->index()
#8 C:\xampp\htdocs\performance\system\CodeIgniter.php(480): CodeIgniter\CodeIgniter->runController(Object(App\Controllers\Employ))
#9 C:\xampp\htdocs\performance\system\CodeIgniter.php(349): CodeIgniter\CodeIgniter->handleRequest(NULL, Object(Config\Cache), false)
#10 C:\xampp\htdocs\performance\public\index.php(67): CodeIgniter\CodeIgniter->run()
#11 C:\xampp\htdocs\performance\system\Commands\Server\rewrite.php(47): require_once('C:\\xampp\\htdocs...')
#12 {main}
CRITICAL - 2023-02-07 00:19:09 --> Call to a member function getResult() on bool
in SYSTEMPATH\Model.php on line 241.
 1 SYSTEMPATH\BaseModel.php(586): CodeIgniter\Model->doFindAll(0, 0)
 2 APPPATH\Controllers\Employ.php(42): CodeIgniter\BaseModel->findAll()
 3 SYSTEMPATH\CodeIgniter.php(925): App\Controllers\Employ->index()
 4 SYSTEMPATH\CodeIgniter.php(480): CodeIgniter\CodeIgniter->runController(Object(App\Controllers\Employ))
 5 SYSTEMPATH\CodeIgniter.php(349): CodeIgniter\CodeIgniter->handleRequest(null, Object(Config\Cache), false)
 6 FCPATH\index.php(67): CodeIgniter\CodeIgniter->run()
 7 SYSTEMPATH\Commands\Server\rewrite.php(47): require_once('FCPATH\\index.php')
ERROR - 2023-02-07 00:20:27 --> mysqli_sql_exception: Unknown column 'totalsalary' in 'where clause' in C:\xampp\htdocs\performance\system\Database\MySQLi\Connection.php:292
Stack trace:
#0 C:\xampp\htdocs\performance\system\Database\MySQLi\Connection.php(292): mysqli->query('SELECT `id_emp`...', 0)
#1 C:\xampp\htdocs\performance\system\Database\BaseConnection.php(666): CodeIgniter\Database\MySQLi\Connection->execute('SELECT `id_emp`...')
#2 C:\xampp\htdocs\performance\system\Database\BaseConnection.php(593): CodeIgniter\Database\BaseConnection->simpleQuery('SELECT `id_emp`...')
#3 C:\xampp\htdocs\performance\system\Database\BaseBuilder.php(1585): CodeIgniter\Database\BaseConnection->query('SELECT `id_emp`...', Array, false)
#4 C:\xampp\htdocs\performance\system\Model.php(240): CodeIgniter\Database\BaseBuilder->get()
#5 C:\xampp\htdocs\performance\system\BaseModel.php(586): CodeIgniter\Model->doFindAll(0, 0)
#6 C:\xampp\htdocs\performance\app\Controllers\Employ.php(42): CodeIgniter\BaseModel->findAll()
#7 C:\xampp\htdocs\performance\system\CodeIgniter.php(925): App\Controllers\Employ->index()
#8 C:\xampp\htdocs\performance\system\CodeIgniter.php(480): CodeIgniter\CodeIgniter->runController(Object(App\Controllers\Employ))
#9 C:\xampp\htdocs\performance\system\CodeIgniter.php(349): CodeIgniter\CodeIgniter->handleRequest(NULL, Object(Config\Cache), false)
#10 C:\xampp\htdocs\performance\public\index.php(67): CodeIgniter\CodeIgniter->run()
#11 C:\xampp\htdocs\performance\system\Commands\Server\rewrite.php(47): require_once('C:\\xampp\\htdocs...')
#12 {main}
CRITICAL - 2023-02-07 00:20:27 --> Call to a member function getResult() on bool
in SYSTEMPATH\Model.php on line 241.
 1 SYSTEMPATH\BaseModel.php(586): CodeIgniter\Model->doFindAll(0, 0)
 2 APPPATH\Controllers\Employ.php(42): CodeIgniter\BaseModel->findAll()
 3 SYSTEMPATH\CodeIgniter.php(925): App\Controllers\Employ->index()
 4 SYSTEMPATH\CodeIgniter.php(480): CodeIgniter\CodeIgniter->runController(Object(App\Controllers\Employ))
 5 SYSTEMPATH\CodeIgniter.php(349): CodeIgniter\CodeIgniter->handleRequest(null, Object(Config\Cache), false)
 6 FCPATH\index.php(67): CodeIgniter\CodeIgniter->run()
 7 SYSTEMPATH\Commands\Server\rewrite.php(47): require_once('FCPATH\\index.php')
ERROR - 2023-02-07 00:20:59 --> mysqli_sql_exception: Unknown column 'totalsalary' in 'where clause' in C:\xampp\htdocs\performance\system\Database\MySQLi\Connection.php:292
Stack trace:
#0 C:\xampp\htdocs\performance\system\Database\MySQLi\Connection.php(292): mysqli->query('SELECT `id_emp`...', 0)
#1 C:\xampp\htdocs\performance\system\Database\BaseConnection.php(666): CodeIgniter\Database\MySQLi\Connection->execute('SELECT `id_emp`...')
#2 C:\xampp\htdocs\performance\system\Database\BaseConnection.php(593): CodeIgniter\Database\BaseConnection->simpleQuery('SELECT `id_emp`...')
#3 C:\xampp\htdocs\performance\system\Database\BaseBuilder.php(1585): CodeIgniter\Database\BaseConnection->query('SELECT `id_emp`...', Array, false)
#4 C:\xampp\htdocs\performance\system\Model.php(240): CodeIgniter\Database\BaseBuilder->get()
#5 C:\xampp\htdocs\performance\system\BaseModel.php(586): CodeIgniter\Model->doFindAll(0, 0)
#6 C:\xampp\htdocs\performance\app\Controllers\Employ.php(42): CodeIgniter\BaseModel->findAll()
#7 C:\xampp\htdocs\performance\system\CodeIgniter.php(925): App\Controllers\Employ->index()
#8 C:\xampp\htdocs\performance\system\CodeIgniter.php(480): CodeIgniter\CodeIgniter->runController(Object(App\Controllers\Employ))
#9 C:\xampp\htdocs\performance\system\CodeIgniter.php(349): CodeIgniter\CodeIgniter->handleRequest(NULL, Object(Config\Cache), false)
#10 C:\xampp\htdocs\performance\public\index.php(67): CodeIgniter\CodeIgniter->run()
#11 C:\xampp\htdocs\performance\system\Commands\Server\rewrite.php(47): require_once('C:\\xampp\\htdocs...')
#12 {main}
CRITICAL - 2023-02-07 00:20:59 --> Call to a member function getResult() on bool
in SYSTEMPATH\Model.php on line 241.
 1 SYSTEMPATH\BaseModel.php(586): CodeIgniter\Model->doFindAll(0, 0)
 2 APPPATH\Controllers\Employ.php(42): CodeIgniter\BaseModel->findAll()
 3 SYSTEMPATH\CodeIgniter.php(925): App\Controllers\Employ->index()
 4 SYSTEMPATH\CodeIgniter.php(480): CodeIgniter\CodeIgniter->runController(Object(App\Controllers\Employ))
 5 SYSTEMPATH\CodeIgniter.php(349): CodeIgniter\CodeIgniter->handleRequest(null, Object(Config\Cache), false)
 6 FCPATH\index.php(67): CodeIgniter\CodeIgniter->run()
 7 SYSTEMPATH\Commands\Server\rewrite.php(47): require_once('FCPATH\\index.php')
ERROR - 2023-02-07 00:21:41 --> mysqli_sql_exception: Unknown column 'totalsalary' in 'where clause' in C:\xampp\htdocs\performance\system\Database\MySQLi\Connection.php:292
Stack trace:
#0 C:\xampp\htdocs\performance\system\Database\MySQLi\Connection.php(292): mysqli->query('SELECT `id_emp`...', 0)
#1 C:\xampp\htdocs\performance\system\Database\BaseConnection.php(666): CodeIgniter\Database\MySQLi\Connection->execute('SELECT `id_emp`...')
#2 C:\xampp\htdocs\performance\system\Database\BaseConnection.php(593): CodeIgniter\Database\BaseConnection->simpleQuery('SELECT `id_emp`...')
#3 C:\xampp\htdocs\performance\system\Database\BaseBuilder.php(1585): CodeIgniter\Database\BaseConnection->query('SELECT `id_emp`...', Array, false)
#4 C:\xampp\htdocs\performance\system\Model.php(240): CodeIgniter\Database\BaseBuilder->get()
#5 C:\xampp\htdocs\performance\system\BaseModel.php(586): CodeIgniter\Model->doFindAll(0, 0)
#6 C:\xampp\htdocs\performance\app\Controllers\Employ.php(42): CodeIgniter\BaseModel->findAll()
#7 C:\xampp\htdocs\performance\system\CodeIgniter.php(925): App\Controllers\Employ->index()
#8 C:\xampp\htdocs\performance\system\CodeIgniter.php(480): CodeIgniter\CodeIgniter->runController(Object(App\Controllers\Employ))
#9 C:\xampp\htdocs\performance\system\CodeIgniter.php(349): CodeIgniter\CodeIgniter->handleRequest(NULL, Object(Config\Cache), false)
#10 C:\xampp\htdocs\performance\public\index.php(67): CodeIgniter\CodeIgniter->run()
#11 C:\xampp\htdocs\performance\system\Commands\Server\rewrite.php(47): require_once('C:\\xampp\\htdocs...')
#12 {main}
CRITICAL - 2023-02-07 00:21:41 --> Call to a member function getResult() on bool
in SYSTEMPATH\Model.php on line 241.
 1 SYSTEMPATH\BaseModel.php(586): CodeIgniter\Model->doFindAll(0, 0)
 2 APPPATH\Controllers\Employ.php(42): CodeIgniter\BaseModel->findAll()
 3 SYSTEMPATH\CodeIgniter.php(925): App\Controllers\Employ->index()
 4 SYSTEMPATH\CodeIgniter.php(480): CodeIgniter\CodeIgniter->runController(Object(App\Controllers\Employ))
 5 SYSTEMPATH\CodeIgniter.php(349): CodeIgniter\CodeIgniter->handleRequest(null, Object(Config\Cache), false)
 6 FCPATH\index.php(67): CodeIgniter\CodeIgniter->run()
 7 SYSTEMPATH\Commands\Server\rewrite.php(47): require_once('FCPATH\\index.php')
ERROR - 2023-02-07 00:21:44 --> mysqli_sql_exception: Unknown column 'totalsalary' in 'where clause' in C:\xampp\htdocs\performance\system\Database\MySQLi\Connection.php:292
Stack trace:
#0 C:\xampp\htdocs\performance\system\Database\MySQLi\Connection.php(292): mysqli->query('SELECT `id_emp`...', 0)
#1 C:\xampp\htdocs\performance\system\Database\BaseConnection.php(666): CodeIgniter\Database\MySQLi\Connection->execute('SELECT `id_emp`...')
#2 C:\xampp\htdocs\performance\system\Database\BaseConnection.php(593): CodeIgniter\Database\BaseConnection->simpleQuery('SELECT `id_emp`...')
#3 C:\xampp\htdocs\performance\system\Database\BaseBuilder.php(1585): CodeIgniter\Database\BaseConnection->query('SELECT `id_emp`...', Array, false)
#4 C:\xampp\htdocs\performance\system\Model.php(240): CodeIgniter\Database\BaseBuilder->get()
#5 C:\xampp\htdocs\performance\system\BaseModel.php(586): CodeIgniter\Model->doFindAll(0, 0)
#6 C:\xampp\htdocs\performance\app\Controllers\Employ.php(42): CodeIgniter\BaseModel->findAll()
#7 C:\xampp\htdocs\performance\system\CodeIgniter.php(925): App\Controllers\Employ->index()
#8 C:\xampp\htdocs\performance\system\CodeIgniter.php(480): CodeIgniter\CodeIgniter->runController(Object(App\Controllers\Employ))
#9 C:\xampp\htdocs\performance\system\CodeIgniter.php(349): CodeIgniter\CodeIgniter->handleRequest(NULL, Object(Config\Cache), false)
#10 C:\xampp\htdocs\performance\public\index.php(67): CodeIgniter\CodeIgniter->run()
#11 C:\xampp\htdocs\performance\system\Commands\Server\rewrite.php(47): require_once('C:\\xampp\\htdocs...')
#12 {main}
CRITICAL - 2023-02-07 00:21:44 --> Call to a member function getResult() on bool
in SYSTEMPATH\Model.php on line 241.
 1 SYSTEMPATH\BaseModel.php(586): CodeIgniter\Model->doFindAll(0, 0)
 2 APPPATH\Controllers\Employ.php(42): CodeIgniter\BaseModel->findAll()
 3 SYSTEMPATH\CodeIgniter.php(925): App\Controllers\Employ->index()
 4 SYSTEMPATH\CodeIgniter.php(480): CodeIgniter\CodeIgniter->runController(Object(App\Controllers\Employ))
 5 SYSTEMPATH\CodeIgniter.php(349): CodeIgniter\CodeIgniter->handleRequest(null, Object(Config\Cache), false)
 6 FCPATH\index.php(67): CodeIgniter\CodeIgniter->run()
 7 SYSTEMPATH\Commands\Server\rewrite.php(47): require_once('FCPATH\\index.php')
CRITICAL - 2023-02-07 02:26:23 --> Array to string conversion
in APPPATH\Controllers\Business.php on line 20.
 1 APPPATH\Controllers\Business.php(20): CodeIgniter\Debug\Exceptions->errorHandler(2, 'Array to string conversion', 'APPPATH\\Controllers\\Business.php', 20)
 2 SYSTEMPATH\CodeIgniter.php(925): App\Controllers\Business->insert()
 3 SYSTEMPATH\CodeIgniter.php(480): CodeIgniter\CodeIgniter->runController(Object(App\Controllers\Business))
 4 SYSTEMPATH\CodeIgniter.php(349): CodeIgniter\CodeIgniter->handleRequest(null, Object(Config\Cache), false)
 5 FCPATH\index.php(67): CodeIgniter\CodeIgniter->run()
 6 SYSTEMPATH\Commands\Server\rewrite.php(47): require_once('FCPATH\\index.php')
CRITICAL - 2023-02-07 02:28:02 --> json_decode(): Argument #1 ($json) must be of type string, array given
in APPPATH\Controllers\Business.php on line 20.
 1 APPPATH\Controllers\Business.php(20): json_decode([...])
 2 SYSTEMPATH\CodeIgniter.php(925): App\Controllers\Business->insert()
 3 SYSTEMPATH\CodeIgniter.php(480): CodeIgniter\CodeIgniter->runController(Object(App\Controllers\Business))
 4 SYSTEMPATH\CodeIgniter.php(349): CodeIgniter\CodeIgniter->handleRequest(null, Object(Config\Cache), false)
 5 FCPATH\index.php(67): CodeIgniter\CodeIgniter->run()
 6 SYSTEMPATH\Commands\Server\rewrite.php(47): require_once('FCPATH\\index.php')
ERROR - 2023-02-07 02:28:15 --> mysqli_sql_exception: Operand should contain 1 column(s) in C:\xampp\htdocs\performance\system\Database\MySQLi\Connection.php:292
Stack trace:
#0 C:\xampp\htdocs\performance\system\Database\MySQLi\Connection.php(292): mysqli->query('INSERT INTO `bu...', 0)
#1 C:\xampp\htdocs\performance\system\Database\BaseConnection.php(666): CodeIgniter\Database\MySQLi\Connection->execute('INSERT INTO `bu...')
#2 C:\xampp\htdocs\performance\system\Database\BaseConnection.php(593): CodeIgniter\Database\BaseConnection->simpleQuery('INSERT INTO `bu...')
#3 C:\xampp\htdocs\performance\system\Database\BaseBuilder.php(1916): CodeIgniter\Database\BaseConnection->query('INSERT INTO `bu...', Array, false)
#4 C:\xampp\htdocs\performance\system\Model.php(303): CodeIgniter\Database\BaseBuilder->insert()
#5 C:\xampp\htdocs\performance\system\BaseModel.php(750): CodeIgniter\Model->doInsert(Array)
#6 C:\xampp\htdocs\performance\system\Model.php(695): CodeIgniter\BaseModel->insert(Array, true)
#7 C:\xampp\htdocs\performance\app\Controllers\Business.php(33): CodeIgniter\Model->insert(Array)
#8 C:\xampp\htdocs\performance\system\CodeIgniter.php(925): App\Controllers\Business->insert()
#9 C:\xampp\htdocs\performance\system\CodeIgniter.php(480): CodeIgniter\CodeIgniter->runController(Object(App\Controllers\Business))
#10 C:\xampp\htdocs\performance\system\CodeIgniter.php(349): CodeIgniter\CodeIgniter->handleRequest(NULL, Object(Config\Cache), false)
#11 C:\xampp\htdocs\performance\public\index.php(67): CodeIgniter\CodeIgniter->run()
#12 C:\xampp\htdocs\performance\system\Commands\Server\rewrite.php(47): require_once('C:\\xampp\\htdocs...')
#13 {main}
